<?xml version="1.0" encoding="UTF-8"?>
<TestRun id="933df16f-c18e-44be-b1cb-3e9f73daa6b4" name="prabhu@E4LJBSL3AUMKO 2015-10-06 12:06:33" runUser="E4LJBSL3AUMKO\prabhu" xmlns="http://microsoft.com/schemas/VisualStudio/TeamTest/2010">
  <TestSettings name="Local" id="9ad66556-e6a8-4430-a7ec-98e16b258229">
    <Description>These are default test settings for a local test run.</Description>
    <Deployment enabled="false" runDeploymentRoot="prabhu_E4LJBSL3AUMKO 2015-10-06 12_06_33">
      <DeploymentItem filename="C:\Users\prabhu.E4LJBSL3AUMKO\Dropbox\TDD_Dot_NET\Oct_2015\Day01\NumberEngineLib\bin\Debug\NumberEngineLib.dll" />
    </Deployment>
    <Execution>
      <TestTypeSpecific />
      <AgentRule name="Execution Agents">
      </AgentRule>
    </Execution>
  </TestSettings>
  <Times creation="2015-10-06T12:06:33.7682368+05:30" queuing="2015-10-06T12:06:33.8342406+05:30" start="2015-10-06T12:06:33.8422410+05:30" finish="2015-10-06T12:06:34.2862664+05:30" />
  <ResultSummary outcome="Completed">
    <Counters total="7" executed="7" passed="7" error="0" failed="0" timeout="0" aborted="0" inconclusive="0" passedButRunAborted="0" notRunnable="0" notExecuted="0" disconnected="0" warning="0" completed="0" inProgress="0" pending="0" />
  </ResultSummary>
  <TestDefinitions>
    <UnitTest name="TestIfNumberIsDivisbleBy5" storage="c:\users\prabhu.e4ljbsl3aumko\dropbox\tdd_dot_net\oct_2015\day01\testnumberenginelib\bin\debug\testnumberenginelib.dll" id="d48510b2-4782-7bd5-65f1-d1f06912c5d7">
      <Execution id="8dcea5c3-c86c-4e9a-a392-292383f532a2" />
      <TestMethod codeBase="C:/Users/prabhu.E4LJBSL3AUMKO/Dropbox/TDD_Dot_NET/Oct_2015/Day01/TestNumberEngineLib/bin/Debug/TestNumberEngineLib.DLL" adapterTypeName="Microsoft.VisualStudio.TestTools.TestTypes.Unit.UnitTestAdapter, Microsoft.VisualStudio.QualityTools.Tips.UnitTest.Adapter, Version=10.0.0.0, Culture=neutral, PublicKeyToken=b03f5f7f11d50a3a" className="TestNumberEngineLib.MathEngineTest, TestNumberEngineLib, Version=1.0.0.0, Culture=neutral, PublicKeyToken=null" name="TestIfNumberIsDivisbleBy5" />
    </UnitTest>
    <UnitTest name="TestIfNumberIsDivisbleBy3And5" storage="c:\users\prabhu.e4ljbsl3aumko\dropbox\tdd_dot_net\oct_2015\day01\testnumberenginelib\bin\debug\testnumberenginelib.dll" id="b15ad5a5-5ade-25aa-2ec2-b7b61e917616">
      <Execution id="9cf61c07-56ae-4c61-baa9-2bfed98617a7" />
      <TestMethod codeBase="C:/Users/prabhu.E4LJBSL3AUMKO/Dropbox/TDD_Dot_NET/Oct_2015/Day01/TestNumberEngineLib/bin/Debug/TestNumberEngineLib.DLL" adapterTypeName="Microsoft.VisualStudio.TestTools.TestTypes.Unit.UnitTestAdapter, Microsoft.VisualStudio.QualityTools.Tips.UnitTest.Adapter, Version=10.0.0.0, Culture=neutral, PublicKeyToken=b03f5f7f11d50a3a" className="TestNumberEngineLib.MathEngineTest, TestNumberEngineLib, Version=1.0.0.0, Culture=neutral, PublicKeyToken=null" name="TestIfNumberIsDivisbleBy3And5" />
    </UnitTest>
    <UnitTest name="TestIfNumberHas3InIt" storage="c:\users\prabhu.e4ljbsl3aumko\dropbox\tdd_dot_net\oct_2015\day01\testnumberenginelib\bin\debug\testnumberenginelib.dll" id="0146f861-6851-5e68-a0f7-7ed0f2f8f20b">
      <Execution id="d2b00f45-30e7-4f96-9d76-e8f8cef47b3d" />
      <TestMethod codeBase="C:/Users/prabhu.E4LJBSL3AUMKO/Dropbox/TDD_Dot_NET/Oct_2015/Day01/TestNumberEngineLib/bin/Debug/TestNumberEngineLib.DLL" adapterTypeName="Microsoft.VisualStudio.TestTools.TestTypes.Unit.UnitTestAdapter, Microsoft.VisualStudio.QualityTools.Tips.UnitTest.Adapter, Version=10.0.0.0, Culture=neutral, PublicKeyToken=b03f5f7f11d50a3a" className="TestNumberEngineLib.MathEngineTest, TestNumberEngineLib, Version=1.0.0.0, Culture=neutral, PublicKeyToken=null" name="TestIfNumberHas3InIt" />
    </UnitTest>
    <UnitTest name="TestSetUp" storage="c:\users\prabhu.e4ljbsl3aumko\dropbox\tdd_dot_net\oct_2015\day01\testnumberenginelib\bin\debug\testnumberenginelib.dll" id="49e7ae43-e2c1-421e-aa49-d6cde7496027">
      <Execution id="d65f0bad-9f7a-489a-84a3-9ae59390bb07" />
      <TestMethod codeBase="C:/Users/prabhu.E4LJBSL3AUMKO/Dropbox/TDD_Dot_NET/Oct_2015/Day01/TestNumberEngineLib/bin/Debug/TestNumberEngineLib.DLL" adapterTypeName="Microsoft.VisualStudio.TestTools.TestTypes.Unit.UnitTestAdapter, Microsoft.VisualStudio.QualityTools.Tips.UnitTest.Adapter, Version=10.0.0.0, Culture=neutral, PublicKeyToken=b03f5f7f11d50a3a" className="TestNumberEngineLib.MathEngineTest, TestNumberEngineLib, Version=1.0.0.0, Culture=neutral, PublicKeyToken=null" name="TestSetUp" />
    </UnitTest>
    <UnitTest name="TestIfNumberIsDivisbleBy3And5ForAnotherNumber" storage="c:\users\prabhu.e4ljbsl3aumko\dropbox\tdd_dot_net\oct_2015\day01\testnumberenginelib\bin\debug\testnumberenginelib.dll" id="8523407c-0e20-402f-f989-39bdb6bf7f0e">
      <Execution id="56eaa633-3a57-4fab-95e2-94e4a266c210" />
      <TestMethod codeBase="C:/Users/prabhu.E4LJBSL3AUMKO/Dropbox/TDD_Dot_NET/Oct_2015/Day01/TestNumberEngineLib/bin/Debug/TestNumberEngineLib.DLL" adapterTypeName="Microsoft.VisualStudio.TestTools.TestTypes.Unit.UnitTestAdapter, Microsoft.VisualStudio.QualityTools.Tips.UnitTest.Adapter, Version=10.0.0.0, Culture=neutral, PublicKeyToken=b03f5f7f11d50a3a" className="TestNumberEngineLib.MathEngineTest, TestNumberEngineLib, Version=1.0.0.0, Culture=neutral, PublicKeyToken=null" name="TestIfNumberIsDivisbleBy3And5ForAnotherNumber" />
    </UnitTest>
    <UnitTest name="TestIfNumberIsDivisbleBy3" storage="c:\users\prabhu.e4ljbsl3aumko\dropbox\tdd_dot_net\oct_2015\day01\testnumberenginelib\bin\debug\testnumberenginelib.dll" id="488f322f-562e-f4c2-7b40-833b44bfe529">
      <Execution id="46add09b-5b10-4e90-8bb6-42b947d56f50" />
      <TestMethod codeBase="C:/Users/prabhu.E4LJBSL3AUMKO/Dropbox/TDD_Dot_NET/Oct_2015/Day01/TestNumberEngineLib/bin/Debug/TestNumberEngineLib.DLL" adapterTypeName="Microsoft.VisualStudio.TestTools.TestTypes.Unit.UnitTestAdapter, Microsoft.VisualStudio.QualityTools.Tips.UnitTest.Adapter, Version=10.0.0.0, Culture=neutral, PublicKeyToken=b03f5f7f11d50a3a" className="TestNumberEngineLib.MathEngineTest, TestNumberEngineLib, Version=1.0.0.0, Culture=neutral, PublicKeyToken=null" name="TestIfNumberIsDivisbleBy3" />
    </UnitTest>
    <UnitTest name="TestIfNumberIsNotDivisbleBy3And5" storage="c:\users\prabhu.e4ljbsl3aumko\dropbox\tdd_dot_net\oct_2015\day01\testnumberenginelib\bin\debug\testnumberenginelib.dll" id="b11dee7a-efa3-d826-fa31-5725137f8c0f">
      <Execution id="87f7ee1d-772b-4452-ae1b-8618b6fe5f19" />
      <TestMethod codeBase="C:/Users/prabhu.E4LJBSL3AUMKO/Dropbox/TDD_Dot_NET/Oct_2015/Day01/TestNumberEngineLib/bin/Debug/TestNumberEngineLib.DLL" adapterTypeName="Microsoft.VisualStudio.TestTools.TestTypes.Unit.UnitTestAdapter, Microsoft.VisualStudio.QualityTools.Tips.UnitTest.Adapter, Version=10.0.0.0, Culture=neutral, PublicKeyToken=b03f5f7f11d50a3a" className="TestNumberEngineLib.MathEngineTest, TestNumberEngineLib, Version=1.0.0.0, Culture=neutral, PublicKeyToken=null" name="TestIfNumberIsNotDivisbleBy3And5" />
    </UnitTest>
  </TestDefinitions>
  <TestLists>
    <TestList name="Results Not in a List" id="8c84fa94-04c1-424b-9868-57a2d4851a1d" />
    <TestList name="All Loaded Results" id="19431567-8539-422a-85d7-44ee4e166bda" />
  </TestLists>
  <TestEntries>
    <TestEntry testId="49e7ae43-e2c1-421e-aa49-d6cde7496027" executionId="d65f0bad-9f7a-489a-84a3-9ae59390bb07" testListId="8c84fa94-04c1-424b-9868-57a2d4851a1d" />
    <TestEntry testId="488f322f-562e-f4c2-7b40-833b44bfe529" executionId="46add09b-5b10-4e90-8bb6-42b947d56f50" testListId="8c84fa94-04c1-424b-9868-57a2d4851a1d" />
    <TestEntry testId="d48510b2-4782-7bd5-65f1-d1f06912c5d7" executionId="8dcea5c3-c86c-4e9a-a392-292383f532a2" testListId="8c84fa94-04c1-424b-9868-57a2d4851a1d" />
    <TestEntry testId="b15ad5a5-5ade-25aa-2ec2-b7b61e917616" executionId="9cf61c07-56ae-4c61-baa9-2bfed98617a7" testListId="8c84fa94-04c1-424b-9868-57a2d4851a1d" />
    <TestEntry testId="8523407c-0e20-402f-f989-39bdb6bf7f0e" executionId="56eaa633-3a57-4fab-95e2-94e4a266c210" testListId="8c84fa94-04c1-424b-9868-57a2d4851a1d" />
    <TestEntry testId="b11dee7a-efa3-d826-fa31-5725137f8c0f" executionId="87f7ee1d-772b-4452-ae1b-8618b6fe5f19" testListId="8c84fa94-04c1-424b-9868-57a2d4851a1d" />
    <TestEntry testId="0146f861-6851-5e68-a0f7-7ed0f2f8f20b" executionId="d2b00f45-30e7-4f96-9d76-e8f8cef47b3d" testListId="8c84fa94-04c1-424b-9868-57a2d4851a1d" />
  </TestEntries>
  <Results>
    <UnitTestResult executionId="d65f0bad-9f7a-489a-84a3-9ae59390bb07" testId="49e7ae43-e2c1-421e-aa49-d6cde7496027" testName="TestSetUp" computerName="E4LJBSL3AUMKO" duration="00:00:00.0161997" startTime="2015-10-06T12:06:33.8472413+05:30" endTime="2015-10-06T12:06:34.1312576+05:30" testType="13cdc9d9-ddb5-4fa4-a97d-d965ccfc6d4b" outcome="Passed" testListId="8c84fa94-04c1-424b-9868-57a2d4851a1d" relativeResultsDirectory="d65f0bad-9f7a-489a-84a3-9ae59390bb07">
    </UnitTestResult>
    <UnitTestResult executionId="46add09b-5b10-4e90-8bb6-42b947d56f50" testId="488f322f-562e-f4c2-7b40-833b44bfe529" testName="TestIfNumberIsDivisbleBy3" computerName="E4LJBSL3AUMKO" duration="00:00:00.0008460" startTime="2015-10-06T12:06:34.1392580+05:30" endTime="2015-10-06T12:06:34.1452584+05:30" testType="13cdc9d9-ddb5-4fa4-a97d-d965ccfc6d4b" outcome="Passed" testListId="8c84fa94-04c1-424b-9868-57a2d4851a1d" relativeResultsDirectory="46add09b-5b10-4e90-8bb6-42b947d56f50">
    </UnitTestResult>
    <UnitTestResult executionId="8dcea5c3-c86c-4e9a-a392-292383f532a2" testId="d48510b2-4782-7bd5-65f1-d1f06912c5d7" testName="TestIfNumberIsDivisbleBy5" computerName="E4LJBSL3AUMKO" duration="00:00:00.0003061" startTime="2015-10-06T12:06:34.1482585+05:30" endTime="2015-10-06T12:06:34.1552589+05:30" testType="13cdc9d9-ddb5-4fa4-a97d-d965ccfc6d4b" outcome="Passed" testListId="8c84fa94-04c1-424b-9868-57a2d4851a1d" relativeResultsDirectory="8dcea5c3-c86c-4e9a-a392-292383f532a2">
    </UnitTestResult>
    <UnitTestResult executionId="9cf61c07-56ae-4c61-baa9-2bfed98617a7" testId="b15ad5a5-5ade-25aa-2ec2-b7b61e917616" testName="TestIfNumberIsDivisbleBy3And5" computerName="E4LJBSL3AUMKO" duration="00:00:00.0002962" startTime="2015-10-06T12:06:34.1592592+05:30" endTime="2015-10-06T12:06:34.1662596+05:30" testType="13cdc9d9-ddb5-4fa4-a97d-d965ccfc6d4b" outcome="Passed" testListId="8c84fa94-04c1-424b-9868-57a2d4851a1d" relativeResultsDirectory="9cf61c07-56ae-4c61-baa9-2bfed98617a7">
    </UnitTestResult>
    <UnitTestResult executionId="56eaa633-3a57-4fab-95e2-94e4a266c210" testId="8523407c-0e20-402f-f989-39bdb6bf7f0e" testName="TestIfNumberIsDivisbleBy3And5ForAnotherNumber" computerName="E4LJBSL3AUMKO" duration="00:00:00.0003048" startTime="2015-10-06T12:06:34.1682597+05:30" endTime="2015-10-06T12:06:34.1722599+05:30" testType="13cdc9d9-ddb5-4fa4-a97d-d965ccfc6d4b" outcome="Passed" testListId="8c84fa94-04c1-424b-9868-57a2d4851a1d" relativeResultsDirectory="56eaa633-3a57-4fab-95e2-94e4a266c210">
    </UnitTestResult>
    <UnitTestResult executionId="87f7ee1d-772b-4452-ae1b-8618b6fe5f19" testId="b11dee7a-efa3-d826-fa31-5725137f8c0f" testName="TestIfNumberIsNotDivisbleBy3And5" computerName="E4LJBSL3AUMKO" duration="00:00:00.0003125" startTime="2015-10-06T12:06:34.1742600+05:30" endTime="2015-10-06T12:06:34.1782602+05:30" testType="13cdc9d9-ddb5-4fa4-a97d-d965ccfc6d4b" outcome="Passed" testListId="8c84fa94-04c1-424b-9868-57a2d4851a1d" relativeResultsDirectory="87f7ee1d-772b-4452-ae1b-8618b6fe5f19">
    </UnitTestResult>
    <UnitTestResult executionId="d2b00f45-30e7-4f96-9d76-e8f8cef47b3d" testId="0146f861-6851-5e68-a0f7-7ed0f2f8f20b" testName="TestIfNumberHas3InIt" computerName="E4LJBSL3AUMKO" duration="00:00:00.0002853" startTime="2015-10-06T12:06:34.1802604+05:30" endTime="2015-10-06T12:06:34.1832605+05:30" testType="13cdc9d9-ddb5-4fa4-a97d-d965ccfc6d4b" outcome="Passed" testListId="8c84fa94-04c1-424b-9868-57a2d4851a1d" relativeResultsDirectory="d2b00f45-30e7-4f96-9d76-e8f8cef47b3d">
    </UnitTestResult>
  </Results>
</TestRun>