<?xml version="1.0" encoding="UTF-8"?>
<TestRun id="f3f68c0e-2114-4a14-9063-83cf30186a6b" name="prabhu@E4LJBSL3AUMKO 2015-10-06 12:06:54" runUser="E4LJBSL3AUMKO\prabhu" xmlns="http://microsoft.com/schemas/VisualStudio/TeamTest/2010">
  <TestSettings name="Local" id="9ad66556-e6a8-4430-a7ec-98e16b258229">
    <Description>These are default test settings for a local test run.</Description>
    <Deployment enabled="false" runDeploymentRoot="prabhu_E4LJBSL3AUMKO 2015-10-06 12_06_54">
      <DeploymentItem filename="C:\Users\prabhu.E4LJBSL3AUMKO\Dropbox\TDD_Dot_NET\Oct_2015\Day01\NumberEngineLib\bin\Debug\NumberEngineLib.dll" />
    </Deployment>
    <Execution>
      <TestTypeSpecific />
      <AgentRule name="Execution Agents">
      </AgentRule>
    </Execution>
  </TestSettings>
  <Times creation="2015-10-06T12:06:54.0593974+05:30" queuing="2015-10-06T12:06:54.1194008+05:30" start="2015-10-06T12:06:54.1534028+05:30" finish="2015-10-06T12:06:54.5384248+05:30" />
  <ResultSummary outcome="Failed">
    <Counters total="8" executed="8" passed="7" error="0" failed="1" timeout="0" aborted="0" inconclusive="0" passedButRunAborted="0" notRunnable="0" notExecuted="0" disconnected="0" warning="0" completed="0" inProgress="0" pending="0" />
  </ResultSummary>
  <TestDefinitions>
    <UnitTest name="TestIfNumberIsDivisbleBy5" storage="c:\users\prabhu.e4ljbsl3aumko\dropbox\tdd_dot_net\oct_2015\day01\testnumberenginelib\bin\debug\testnumberenginelib.dll" id="d48510b2-4782-7bd5-65f1-d1f06912c5d7">
      <Execution id="f577cacb-9e9c-4f91-94b8-2e13944eb8ab" />
      <TestMethod codeBase="C:/Users/prabhu.E4LJBSL3AUMKO/Dropbox/TDD_Dot_NET/Oct_2015/Day01/TestNumberEngineLib/bin/Debug/TestNumberEngineLib.DLL" adapterTypeName="Microsoft.VisualStudio.TestTools.TestTypes.Unit.UnitTestAdapter, Microsoft.VisualStudio.QualityTools.Tips.UnitTest.Adapter, Version=10.0.0.0, Culture=neutral, PublicKeyToken=b03f5f7f11d50a3a" className="TestNumberEngineLib.MathEngineTest, TestNumberEngineLib, Version=1.0.0.0, Culture=neutral, PublicKeyToken=null" name="TestIfNumberIsDivisbleBy5" />
    </UnitTest>
    <UnitTest name="TestIfNumberIsDivisbleBy3And5" storage="c:\users\prabhu.e4ljbsl3aumko\dropbox\tdd_dot_net\oct_2015\day01\testnumberenginelib\bin\debug\testnumberenginelib.dll" id="b15ad5a5-5ade-25aa-2ec2-b7b61e917616">
      <Execution id="55c98e4b-0d9c-460d-8f8f-de7d5e68a266" />
      <TestMethod codeBase="C:/Users/prabhu.E4LJBSL3AUMKO/Dropbox/TDD_Dot_NET/Oct_2015/Day01/TestNumberEngineLib/bin/Debug/TestNumberEngineLib.DLL" adapterTypeName="Microsoft.VisualStudio.TestTools.TestTypes.Unit.UnitTestAdapter, Microsoft.VisualStudio.QualityTools.Tips.UnitTest.Adapter, Version=10.0.0.0, Culture=neutral, PublicKeyToken=b03f5f7f11d50a3a" className="TestNumberEngineLib.MathEngineTest, TestNumberEngineLib, Version=1.0.0.0, Culture=neutral, PublicKeyToken=null" name="TestIfNumberIsDivisbleBy3And5" />
    </UnitTest>
    <UnitTest name="TestIfNumberHas3InIt" storage="c:\users\prabhu.e4ljbsl3aumko\dropbox\tdd_dot_net\oct_2015\day01\testnumberenginelib\bin\debug\testnumberenginelib.dll" id="0146f861-6851-5e68-a0f7-7ed0f2f8f20b">
      <Execution id="675eb23d-1697-4bfd-85cb-8165901c3837" />
      <TestMethod codeBase="C:/Users/prabhu.E4LJBSL3AUMKO/Dropbox/TDD_Dot_NET/Oct_2015/Day01/TestNumberEngineLib/bin/Debug/TestNumberEngineLib.DLL" adapterTypeName="Microsoft.VisualStudio.TestTools.TestTypes.Unit.UnitTestAdapter, Microsoft.VisualStudio.QualityTools.Tips.UnitTest.Adapter, Version=10.0.0.0, Culture=neutral, PublicKeyToken=b03f5f7f11d50a3a" className="TestNumberEngineLib.MathEngineTest, TestNumberEngineLib, Version=1.0.0.0, Culture=neutral, PublicKeyToken=null" name="TestIfNumberHas3InIt" />
    </UnitTest>
    <UnitTest name="TestSetUp" storage="c:\users\prabhu.e4ljbsl3aumko\dropbox\tdd_dot_net\oct_2015\day01\testnumberenginelib\bin\debug\testnumberenginelib.dll" id="49e7ae43-e2c1-421e-aa49-d6cde7496027">
      <Execution id="f2c37c4a-217f-4c57-a9db-4a0468e95151" />
      <TestMethod codeBase="C:/Users/prabhu.E4LJBSL3AUMKO/Dropbox/TDD_Dot_NET/Oct_2015/Day01/TestNumberEngineLib/bin/Debug/TestNumberEngineLib.DLL" adapterTypeName="Microsoft.VisualStudio.TestTools.TestTypes.Unit.UnitTestAdapter, Microsoft.VisualStudio.QualityTools.Tips.UnitTest.Adapter, Version=10.0.0.0, Culture=neutral, PublicKeyToken=b03f5f7f11d50a3a" className="TestNumberEngineLib.MathEngineTest, TestNumberEngineLib, Version=1.0.0.0, Culture=neutral, PublicKeyToken=null" name="TestSetUp" />
    </UnitTest>
    <UnitTest name="TestIfNumberIsDivisbleBy3And5ForAnotherNumber" storage="c:\users\prabhu.e4ljbsl3aumko\dropbox\tdd_dot_net\oct_2015\day01\testnumberenginelib\bin\debug\testnumberenginelib.dll" id="8523407c-0e20-402f-f989-39bdb6bf7f0e">
      <Execution id="21501ee3-a230-460c-b20d-f2916be9e690" />
      <TestMethod codeBase="C:/Users/prabhu.E4LJBSL3AUMKO/Dropbox/TDD_Dot_NET/Oct_2015/Day01/TestNumberEngineLib/bin/Debug/TestNumberEngineLib.DLL" adapterTypeName="Microsoft.VisualStudio.TestTools.TestTypes.Unit.UnitTestAdapter, Microsoft.VisualStudio.QualityTools.Tips.UnitTest.Adapter, Version=10.0.0.0, Culture=neutral, PublicKeyToken=b03f5f7f11d50a3a" className="TestNumberEngineLib.MathEngineTest, TestNumberEngineLib, Version=1.0.0.0, Culture=neutral, PublicKeyToken=null" name="TestIfNumberIsDivisbleBy3And5ForAnotherNumber" />
    </UnitTest>
    <UnitTest name="TestIfNumberIsDivisbleBy3" storage="c:\users\prabhu.e4ljbsl3aumko\dropbox\tdd_dot_net\oct_2015\day01\testnumberenginelib\bin\debug\testnumberenginelib.dll" id="488f322f-562e-f4c2-7b40-833b44bfe529">
      <Execution id="7b4269ad-3fac-4d27-9cf4-7081a855087c" />
      <TestMethod codeBase="C:/Users/prabhu.E4LJBSL3AUMKO/Dropbox/TDD_Dot_NET/Oct_2015/Day01/TestNumberEngineLib/bin/Debug/TestNumberEngineLib.DLL" adapterTypeName="Microsoft.VisualStudio.TestTools.TestTypes.Unit.UnitTestAdapter, Microsoft.VisualStudio.QualityTools.Tips.UnitTest.Adapter, Version=10.0.0.0, Culture=neutral, PublicKeyToken=b03f5f7f11d50a3a" className="TestNumberEngineLib.MathEngineTest, TestNumberEngineLib, Version=1.0.0.0, Culture=neutral, PublicKeyToken=null" name="TestIfNumberIsDivisbleBy3" />
    </UnitTest>
    <UnitTest name="TestIfNumberHas5InIt" storage="c:\users\prabhu.e4ljbsl3aumko\dropbox\tdd_dot_net\oct_2015\day01\testnumberenginelib\bin\debug\testnumberenginelib.dll" id="75093814-26d3-490e-f4e0-8d9826d179fb">
      <Execution id="04d9a588-7ca5-4517-af20-add47dab361e" />
      <TestMethod codeBase="C:/Users/prabhu.E4LJBSL3AUMKO/Dropbox/TDD_Dot_NET/Oct_2015/Day01/TestNumberEngineLib/bin/Debug/TestNumberEngineLib.DLL" adapterTypeName="Microsoft.VisualStudio.TestTools.TestTypes.Unit.UnitTestAdapter, Microsoft.VisualStudio.QualityTools.Tips.UnitTest.Adapter, Version=10.0.0.0, Culture=neutral, PublicKeyToken=b03f5f7f11d50a3a" className="TestNumberEngineLib.MathEngineTest, TestNumberEngineLib, Version=1.0.0.0, Culture=neutral, PublicKeyToken=null" name="TestIfNumberHas5InIt" />
    </UnitTest>
    <UnitTest name="TestIfNumberIsNotDivisbleBy3And5" storage="c:\users\prabhu.e4ljbsl3aumko\dropbox\tdd_dot_net\oct_2015\day01\testnumberenginelib\bin\debug\testnumberenginelib.dll" id="b11dee7a-efa3-d826-fa31-5725137f8c0f">
      <Execution id="77da4a17-530c-4434-8823-3ba0cd64a678" />
      <TestMethod codeBase="C:/Users/prabhu.E4LJBSL3AUMKO/Dropbox/TDD_Dot_NET/Oct_2015/Day01/TestNumberEngineLib/bin/Debug/TestNumberEngineLib.DLL" adapterTypeName="Microsoft.VisualStudio.TestTools.TestTypes.Unit.UnitTestAdapter, Microsoft.VisualStudio.QualityTools.Tips.UnitTest.Adapter, Version=10.0.0.0, Culture=neutral, PublicKeyToken=b03f5f7f11d50a3a" className="TestNumberEngineLib.MathEngineTest, TestNumberEngineLib, Version=1.0.0.0, Culture=neutral, PublicKeyToken=null" name="TestIfNumberIsNotDivisbleBy3And5" />
    </UnitTest>
  </TestDefinitions>
  <TestLists>
    <TestList name="Results Not in a List" id="8c84fa94-04c1-424b-9868-57a2d4851a1d" />
    <TestList name="All Loaded Results" id="19431567-8539-422a-85d7-44ee4e166bda" />
  </TestLists>
  <TestEntries>
    <TestEntry testId="49e7ae43-e2c1-421e-aa49-d6cde7496027" executionId="f2c37c4a-217f-4c57-a9db-4a0468e95151" testListId="8c84fa94-04c1-424b-9868-57a2d4851a1d" />
    <TestEntry testId="488f322f-562e-f4c2-7b40-833b44bfe529" executionId="7b4269ad-3fac-4d27-9cf4-7081a855087c" testListId="8c84fa94-04c1-424b-9868-57a2d4851a1d" />
    <TestEntry testId="d48510b2-4782-7bd5-65f1-d1f06912c5d7" executionId="f577cacb-9e9c-4f91-94b8-2e13944eb8ab" testListId="8c84fa94-04c1-424b-9868-57a2d4851a1d" />
    <TestEntry testId="b15ad5a5-5ade-25aa-2ec2-b7b61e917616" executionId="55c98e4b-0d9c-460d-8f8f-de7d5e68a266" testListId="8c84fa94-04c1-424b-9868-57a2d4851a1d" />
    <TestEntry testId="8523407c-0e20-402f-f989-39bdb6bf7f0e" executionId="21501ee3-a230-460c-b20d-f2916be9e690" testListId="8c84fa94-04c1-424b-9868-57a2d4851a1d" />
    <TestEntry testId="b11dee7a-efa3-d826-fa31-5725137f8c0f" executionId="77da4a17-530c-4434-8823-3ba0cd64a678" testListId="8c84fa94-04c1-424b-9868-57a2d4851a1d" />
    <TestEntry testId="0146f861-6851-5e68-a0f7-7ed0f2f8f20b" executionId="675eb23d-1697-4bfd-85cb-8165901c3837" testListId="8c84fa94-04c1-424b-9868-57a2d4851a1d" />
    <TestEntry testId="75093814-26d3-490e-f4e0-8d9826d179fb" executionId="04d9a588-7ca5-4517-af20-add47dab361e" testListId="8c84fa94-04c1-424b-9868-57a2d4851a1d" />
  </TestEntries>
  <Results>
    <UnitTestResult executionId="f2c37c4a-217f-4c57-a9db-4a0468e95151" testId="49e7ae43-e2c1-421e-aa49-d6cde7496027" testName="TestSetUp" computerName="E4LJBSL3AUMKO" duration="00:00:00.0163410" startTime="2015-10-06T12:06:54.1624033+05:30" endTime="2015-10-06T12:06:54.4374190+05:30" testType="13cdc9d9-ddb5-4fa4-a97d-d965ccfc6d4b" outcome="Passed" testListId="8c84fa94-04c1-424b-9868-57a2d4851a1d" relativeResultsDirectory="f2c37c4a-217f-4c57-a9db-4a0468e95151">
    </UnitTestResult>
    <UnitTestResult executionId="7b4269ad-3fac-4d27-9cf4-7081a855087c" testId="488f322f-562e-f4c2-7b40-833b44bfe529" testName="TestIfNumberIsDivisbleBy3" computerName="E4LJBSL3AUMKO" duration="00:00:00.0008632" startTime="2015-10-06T12:06:54.4444194+05:30" endTime="2015-10-06T12:06:54.4504197+05:30" testType="13cdc9d9-ddb5-4fa4-a97d-d965ccfc6d4b" outcome="Passed" testListId="8c84fa94-04c1-424b-9868-57a2d4851a1d" relativeResultsDirectory="7b4269ad-3fac-4d27-9cf4-7081a855087c">
    </UnitTestResult>
    <UnitTestResult executionId="f577cacb-9e9c-4f91-94b8-2e13944eb8ab" testId="d48510b2-4782-7bd5-65f1-d1f06912c5d7" testName="TestIfNumberIsDivisbleBy5" computerName="E4LJBSL3AUMKO" duration="00:00:00.0003197" startTime="2015-10-06T12:06:54.4554200+05:30" endTime="2015-10-06T12:06:54.4604203+05:30" testType="13cdc9d9-ddb5-4fa4-a97d-d965ccfc6d4b" outcome="Passed" testListId="8c84fa94-04c1-424b-9868-57a2d4851a1d" relativeResultsDirectory="f577cacb-9e9c-4f91-94b8-2e13944eb8ab">
    </UnitTestResult>
    <UnitTestResult executionId="55c98e4b-0d9c-460d-8f8f-de7d5e68a266" testId="b15ad5a5-5ade-25aa-2ec2-b7b61e917616" testName="TestIfNumberIsDivisbleBy3And5" computerName="E4LJBSL3AUMKO" duration="00:00:00.0003048" startTime="2015-10-06T12:06:54.4654206+05:30" endTime="2015-10-06T12:06:54.4704209+05:30" testType="13cdc9d9-ddb5-4fa4-a97d-d965ccfc6d4b" outcome="Passed" testListId="8c84fa94-04c1-424b-9868-57a2d4851a1d" relativeResultsDirectory="55c98e4b-0d9c-460d-8f8f-de7d5e68a266">
    </UnitTestResult>
    <UnitTestResult executionId="21501ee3-a230-460c-b20d-f2916be9e690" testId="8523407c-0e20-402f-f989-39bdb6bf7f0e" testName="TestIfNumberIsDivisbleBy3And5ForAnotherNumber" computerName="E4LJBSL3AUMKO" duration="00:00:00.0002998" startTime="2015-10-06T12:06:54.4754212+05:30" endTime="2015-10-06T12:06:54.4794214+05:30" testType="13cdc9d9-ddb5-4fa4-a97d-d965ccfc6d4b" outcome="Passed" testListId="8c84fa94-04c1-424b-9868-57a2d4851a1d" relativeResultsDirectory="21501ee3-a230-460c-b20d-f2916be9e690">
    </UnitTestResult>
    <UnitTestResult executionId="77da4a17-530c-4434-8823-3ba0cd64a678" testId="b11dee7a-efa3-d826-fa31-5725137f8c0f" testName="TestIfNumberIsNotDivisbleBy3And5" computerName="E4LJBSL3AUMKO" duration="00:00:00.0003039" startTime="2015-10-06T12:06:54.4814215+05:30" endTime="2015-10-06T12:06:54.4854217+05:30" testType="13cdc9d9-ddb5-4fa4-a97d-d965ccfc6d4b" outcome="Passed" testListId="8c84fa94-04c1-424b-9868-57a2d4851a1d" relativeResultsDirectory="77da4a17-530c-4434-8823-3ba0cd64a678">
    </UnitTestResult>
    <UnitTestResult executionId="675eb23d-1697-4bfd-85cb-8165901c3837" testId="0146f861-6851-5e68-a0f7-7ed0f2f8f20b" testName="TestIfNumberHas3InIt" computerName="E4LJBSL3AUMKO" duration="00:00:00.0003872" startTime="2015-10-06T12:06:54.4884219+05:30" endTime="2015-10-06T12:06:54.4924221+05:30" testType="13cdc9d9-ddb5-4fa4-a97d-d965ccfc6d4b" outcome="Passed" testListId="8c84fa94-04c1-424b-9868-57a2d4851a1d" relativeResultsDirectory="675eb23d-1697-4bfd-85cb-8165901c3837">
    </UnitTestResult>
    <UnitTestResult executionId="04d9a588-7ca5-4517-af20-add47dab361e" testId="75093814-26d3-490e-f4e0-8d9826d179fb" testName="TestIfNumberHas5InIt" computerName="E4LJBSL3AUMKO" duration="00:00:00.0204416" startTime="2015-10-06T12:06:54.4944223+05:30" endTime="2015-10-06T12:06:54.5184236+05:30" testType="13cdc9d9-ddb5-4fa4-a97d-d965ccfc6d4b" outcome="Failed" testListId="8c84fa94-04c1-424b-9868-57a2d4851a1d" relativeResultsDirectory="04d9a588-7ca5-4517-af20-add47dab361e">
      <Output>
        <ErrorInfo>
          <Message>Assert.AreEqual failed. Expected:&lt;Hotter&gt;. Actual:&lt;Hot&gt;. </Message>
          <StackTrace>   at TestNumberEngineLib.MathEngineTest.TestIfNumberHas5InIt() in C:\Users\prabhu.E4LJBSL3AUMKO\Dropbox\TDD_Dot_NET\Oct_2015\Day01\TestNumberEngineLib\MathEngineTest.cs:line 73
</StackTrace>
        </ErrorInfo>
      </Output>
    </UnitTestResult>
  </Results>
</TestRun>