<?xml version="1.0" encoding="UTF-8"?>
<TestRun id="50291496-8706-4766-a09d-e2a82bc74cc8" name="prabhu@E4LJBSL3AUMKO 2015-10-06 16:30:09" runUser="E4LJBSL3AUMKO\prabhu" xmlns="http://microsoft.com/schemas/VisualStudio/TeamTest/2010">
  <TestSettings name="Local" id="9ad66556-e6a8-4430-a7ec-98e16b258229">
    <Description>These are default test settings for a local test run.</Description>
    <Deployment runDeploymentRoot="prabhu_E4LJBSL3AUMKO 2015-10-06 16_30_09">
      <DeploymentItem filename="C:\Users\prabhu.E4LJBSL3AUMKO\Dropbox\TDD_Dot_NET\Oct_2015\Day01\GuessingGameLib\bin\Debug\GuessingGameLib.dll" />
    </Deployment>
    <Execution>
      <TestTypeSpecific>
        <UnitTestRunConfig testTypeId="13cdc9d9-ddb5-4fa4-a97d-d965ccfc6d4b">
          <AssemblyResolution>
            <TestDirectory useLoadContext="true" />
          </AssemblyResolution>
        </UnitTestRunConfig>
        <WebTestRunConfiguration testTypeId="4e7599fa-5ecb-43e9-a887-cd63cf72d207">
          <Browser name="Internet Explorer 7.0">
            <Headers>
              <Header name="User-Agent" value="Mozilla/4.0 (compatible; MSIE 7.0; Windows NT 5.1)" />
              <Header name="Accept" value="*/*" />
              <Header name="Accept-Language" value="{{$IEAcceptLanguage}}" />
              <Header name="Accept-Encoding" value="GZIP" />
            </Headers>
          </Browser>
        </WebTestRunConfiguration>
      </TestTypeSpecific>
      <AgentRule name="LocalMachineDefaultRole">
        <DataCollectors>
          <DataCollector uri="datacollector://microsoft/CodeCoverage/1.0" assemblyQualifiedName="Microsoft.VisualStudio.TestTools.CodeCoverage.CoveragePlugIn, Microsoft.VisualStudio.QualityTools.Plugins.CodeCoverage, Version=10.0.0.0, Culture=neutral, PublicKeyToken=b03f5f7f11d50a3a" friendlyName="Code Coverage">
            <Configuration>
              <CodeCoverage xmlns="">
                <Regular>
                  <CodeCoverageItem binaryFile="C:\Users\prabhu.E4LJBSL3AUMKO\Dropbox\TDD_Dot_NET\Oct_2015\Day01\NumberEngineLib\bin\Debug\NumberEngineLib.dll" pdbFile="C:\Users\prabhu.E4LJBSL3AUMKO\Dropbox\TDD_Dot_NET\Oct_2015\Day01\NumberEngineLib\bin\Debug\NumberEngineLib.instr.pdb" instrumentInPlace="true" />
                </Regular>
              </CodeCoverage>
            </Configuration>
          </DataCollector>
        </DataCollectors>
      </AgentRule>
    </Execution>
  </TestSettings>
  <Times creation="2015-10-06T16:30:09.5678488+05:30" queuing="2015-10-06T16:30:10.2298867+05:30" start="2015-10-06T16:30:10.3128914+05:30" finish="2015-10-06T16:30:14.1091085+05:30" />
  <ResultSummary outcome="Completed">
    <Counters total="16" executed="16" passed="16" error="0" failed="0" timeout="0" aborted="0" inconclusive="0" passedButRunAborted="0" notRunnable="0" notExecuted="0" disconnected="0" warning="0" completed="0" inProgress="0" pending="0" />
    <ResultFiles>
      <ResultFile path="E4LJBSL3AUMKO\data.coverage" />
    </ResultFiles>
  </ResultSummary>
  <TestDefinitions>
    <UnitTest name="TestRecheckMessageForANewGame" storage="c:\users\prabhu.e4ljbsl3aumko\dropbox\tdd_dot_net\oct_2015\day01\guessinggametest\bin\debug\guessinggametest.dll" id="14989ee5-f920-4cba-5464-815fc8d69ce4">
      <Execution id="d182c0a9-f72a-4ef8-8218-ee3cac2a9bdc" />
      <TestMethod codeBase="C:/Users/prabhu.E4LJBSL3AUMKO/Dropbox/TDD_Dot_NET/Oct_2015/Day01/GuessingGameTest/bin/Debug/GuessingGameTest.DLL" adapterTypeName="Microsoft.VisualStudio.TestTools.TestTypes.Unit.UnitTestAdapter, Microsoft.VisualStudio.QualityTools.Tips.UnitTest.Adapter, Version=10.0.0.0, Culture=neutral, PublicKeyToken=b03f5f7f11d50a3a" className="GuessingGameTest.GameTest, GuessingGameTest, Version=1.0.0.0, Culture=neutral, PublicKeyToken=null" name="TestRecheckMessageForANewGame" />
    </UnitTest>
    <UnitTest name="TestYouHaveGotIt" storage="c:\users\prabhu.e4ljbsl3aumko\dropbox\tdd_dot_net\oct_2015\day01\guessinggametest\bin\debug\guessinggametest.dll" id="82b5fb27-e007-2126-2427-9ad63de48e6a">
      <Execution id="d48b0a23-dcb9-4ecd-a670-e4c8085fba51" />
      <TestMethod codeBase="C:/Users/prabhu.E4LJBSL3AUMKO/Dropbox/TDD_Dot_NET/Oct_2015/Day01/GuessingGameTest/bin/Debug/GuessingGameTest.DLL" adapterTypeName="Microsoft.VisualStudio.TestTools.TestTypes.Unit.UnitTestAdapter, Microsoft.VisualStudio.QualityTools.Tips.UnitTest.Adapter, Version=10.0.0.0, Culture=neutral, PublicKeyToken=b03f5f7f11d50a3a" className="GuessingGameTest.GameTest, GuessingGameTest, Version=1.0.0.0, Culture=neutral, PublicKeyToken=null" name="TestYouHaveGotIt" />
    </UnitTest>
    <UnitTest name="TestRecheckAttemptsForANewGame" storage="c:\users\prabhu.e4ljbsl3aumko\dropbox\tdd_dot_net\oct_2015\day01\guessinggametest\bin\debug\guessinggametest.dll" id="2c41f2d0-09ea-b0b6-73bf-e7ef8d1c3ed7">
      <Execution id="4d11357e-21f1-415a-8230-d1e8fe6b449d" />
      <TestMethod codeBase="C:/Users/prabhu.E4LJBSL3AUMKO/Dropbox/TDD_Dot_NET/Oct_2015/Day01/GuessingGameTest/bin/Debug/GuessingGameTest.DLL" adapterTypeName="Microsoft.VisualStudio.TestTools.TestTypes.Unit.UnitTestAdapter, Microsoft.VisualStudio.QualityTools.Tips.UnitTest.Adapter, Version=10.0.0.0, Culture=neutral, PublicKeyToken=b03f5f7f11d50a3a" className="GuessingGameTest.GameTest, GuessingGameTest, Version=1.0.0.0, Culture=neutral, PublicKeyToken=null" name="TestRecheckAttemptsForANewGame" />
    </UnitTest>
    <UnitTest name="TestRecheckTargetForANewGame" storage="c:\users\prabhu.e4ljbsl3aumko\dropbox\tdd_dot_net\oct_2015\day01\guessinggametest\bin\debug\guessinggametest.dll" id="00193f25-a6a9-b907-11b9-1ed9b64c0056">
      <Execution id="8a74df7a-6114-43bb-a06f-53eaedd25b27" />
      <TestMethod codeBase="C:/Users/prabhu.E4LJBSL3AUMKO/Dropbox/TDD_Dot_NET/Oct_2015/Day01/GuessingGameTest/bin/Debug/GuessingGameTest.DLL" adapterTypeName="Microsoft.VisualStudio.TestTools.TestTypes.Unit.UnitTestAdapter, Microsoft.VisualStudio.QualityTools.Tips.UnitTest.Adapter, Version=10.0.0.0, Culture=neutral, PublicKeyToken=b03f5f7f11d50a3a" className="GuessingGameTest.GameTest, GuessingGameTest, Version=1.0.0.0, Culture=neutral, PublicKeyToken=null" name="TestRecheckTargetForANewGame" />
    </UnitTest>
    <UnitTest name="TestRandomNumberIsGeneratedInTheBeginning" storage="c:\users\prabhu.e4ljbsl3aumko\dropbox\tdd_dot_net\oct_2015\day01\guessinggametest\bin\debug\guessinggametest.dll" id="1a1c144d-ce73-aa9b-570a-49bad93ff6fa">
      <Execution id="7776e22c-709d-47e4-bf13-5098f9c5527b" />
      <TestMethod codeBase="C:/Users/prabhu.E4LJBSL3AUMKO/Dropbox/TDD_Dot_NET/Oct_2015/Day01/GuessingGameTest/bin/Debug/GuessingGameTest.DLL" adapterTypeName="Microsoft.VisualStudio.TestTools.TestTypes.Unit.UnitTestAdapter, Microsoft.VisualStudio.QualityTools.Tips.UnitTest.Adapter, Version=10.0.0.0, Culture=neutral, PublicKeyToken=b03f5f7f11d50a3a" className="GuessingGameTest.GameTest, GuessingGameTest, Version=1.0.0.0, Culture=neutral, PublicKeyToken=null" name="TestRandomNumberIsGeneratedInTheBeginning" />
    </UnitTest>
    <UnitTest name="TestPromptToPlayANewGame" storage="c:\users\prabhu.e4ljbsl3aumko\dropbox\tdd_dot_net\oct_2015\day01\guessinggametest\bin\debug\guessinggametest.dll" id="2a2b8345-fe8d-b0d8-2cce-5d11b1338f45">
      <Execution id="15bd3390-09c8-4ebb-ba45-6b9a0233fbe6" />
      <TestMethod codeBase="C:/Users/prabhu.E4LJBSL3AUMKO/Dropbox/TDD_Dot_NET/Oct_2015/Day01/GuessingGameTest/bin/Debug/GuessingGameTest.DLL" adapterTypeName="Microsoft.VisualStudio.TestTools.TestTypes.Unit.UnitTestAdapter, Microsoft.VisualStudio.QualityTools.Tips.UnitTest.Adapter, Version=10.0.0.0, Culture=neutral, PublicKeyToken=b03f5f7f11d50a3a" className="GuessingGameTest.GameTest, GuessingGameTest, Version=1.0.0.0, Culture=neutral, PublicKeyToken=null" name="TestPromptToPlayANewGame" />
    </UnitTest>
    <UnitTest name="TestInvalidInput" storage="c:\users\prabhu.e4ljbsl3aumko\dropbox\tdd_dot_net\oct_2015\day01\guessinggametest\bin\debug\guessinggametest.dll" id="77d43181-15d8-b97d-99c1-c41ccb8a1638">
      <Execution id="cab5c199-0338-4d90-9856-9580099ed348" />
      <TestMethod codeBase="C:/Users/prabhu.E4LJBSL3AUMKO/Dropbox/TDD_Dot_NET/Oct_2015/Day01/GuessingGameTest/bin/Debug/GuessingGameTest.DLL" adapterTypeName="Microsoft.VisualStudio.TestTools.TestTypes.Unit.UnitTestAdapter, Microsoft.VisualStudio.QualityTools.Tips.UnitTest.Adapter, Version=10.0.0.0, Culture=neutral, PublicKeyToken=b03f5f7f11d50a3a" className="GuessingGameTest.GameTest, GuessingGameTest, Version=1.0.0.0, Culture=neutral, PublicKeyToken=null" name="TestInvalidInput" />
    </UnitTest>
    <UnitTest name="TestAimHigher" storage="c:\users\prabhu.e4ljbsl3aumko\dropbox\tdd_dot_net\oct_2015\day01\guessinggametest\bin\debug\guessinggametest.dll" id="ceb44132-f167-0714-303f-b1094fb0239e">
      <Execution id="cf9136ce-3448-4ae8-b0b0-466a27c247aa" />
      <TestMethod codeBase="C:/Users/prabhu.E4LJBSL3AUMKO/Dropbox/TDD_Dot_NET/Oct_2015/Day01/GuessingGameTest/bin/Debug/GuessingGameTest.DLL" adapterTypeName="Microsoft.VisualStudio.TestTools.TestTypes.Unit.UnitTestAdapter, Microsoft.VisualStudio.QualityTools.Tips.UnitTest.Adapter, Version=10.0.0.0, Culture=neutral, PublicKeyToken=b03f5f7f11d50a3a" className="GuessingGameTest.GameTest, GuessingGameTest, Version=1.0.0.0, Culture=neutral, PublicKeyToken=null" name="TestAimHigher" />
    </UnitTest>
    <UnitTest name="TestPlayGameAfterItIsOver" storage="c:\users\prabhu.e4ljbsl3aumko\dropbox\tdd_dot_net\oct_2015\day01\guessinggametest\bin\debug\guessinggametest.dll" id="f9df3825-19bf-bb57-b484-2e9d65882f4b">
      <Execution id="3bccd4fe-e71e-4b8d-adf4-b43de33c4144" />
      <TestMethod codeBase="C:/Users/prabhu.E4LJBSL3AUMKO/Dropbox/TDD_Dot_NET/Oct_2015/Day01/GuessingGameTest/bin/Debug/GuessingGameTest.DLL" adapterTypeName="Microsoft.VisualStudio.TestTools.TestTypes.Unit.UnitTestAdapter, Microsoft.VisualStudio.QualityTools.Tips.UnitTest.Adapter, Version=10.0.0.0, Culture=neutral, PublicKeyToken=b03f5f7f11d50a3a" className="GuessingGameTest.GameTest, GuessingGameTest, Version=1.0.0.0, Culture=neutral, PublicKeyToken=null" name="TestPlayGameAfterItIsOver" />
    </UnitTest>
    <UnitTest name="TestGameOverInTheBeginning" storage="c:\users\prabhu.e4ljbsl3aumko\dropbox\tdd_dot_net\oct_2015\day01\guessinggametest\bin\debug\guessinggametest.dll" id="d333fb74-d101-998c-99ac-1cde3db19dde">
      <Execution id="20d4490e-7af7-49cb-9a9a-5b52eff117d9" />
      <TestMethod codeBase="C:/Users/prabhu.E4LJBSL3AUMKO/Dropbox/TDD_Dot_NET/Oct_2015/Day01/GuessingGameTest/bin/Debug/GuessingGameTest.DLL" adapterTypeName="Microsoft.VisualStudio.TestTools.TestTypes.Unit.UnitTestAdapter, Microsoft.VisualStudio.QualityTools.Tips.UnitTest.Adapter, Version=10.0.0.0, Culture=neutral, PublicKeyToken=b03f5f7f11d50a3a" className="GuessingGameTest.GameTest, GuessingGameTest, Version=1.0.0.0, Culture=neutral, PublicKeyToken=null" name="TestGameOverInTheBeginning" />
    </UnitTest>
    <UnitTest name="TestAimLower" storage="c:\users\prabhu.e4ljbsl3aumko\dropbox\tdd_dot_net\oct_2015\day01\guessinggametest\bin\debug\guessinggametest.dll" id="b7d9ed4e-6982-6de5-6f20-55251a5ee62a">
      <Execution id="26012065-2e86-48cb-af30-47a1ef2fed35" />
      <TestMethod codeBase="C:/Users/prabhu.E4LJBSL3AUMKO/Dropbox/TDD_Dot_NET/Oct_2015/Day01/GuessingGameTest/bin/Debug/GuessingGameTest.DLL" adapterTypeName="Microsoft.VisualStudio.TestTools.TestTypes.Unit.UnitTestAdapter, Microsoft.VisualStudio.QualityTools.Tips.UnitTest.Adapter, Version=10.0.0.0, Culture=neutral, PublicKeyToken=b03f5f7f11d50a3a" className="GuessingGameTest.GameTest, GuessingGameTest, Version=1.0.0.0, Culture=neutral, PublicKeyToken=null" name="TestAimLower" />
    </UnitTest>
    <UnitTest name="TestSetUp" storage="c:\users\prabhu.e4ljbsl3aumko\dropbox\tdd_dot_net\oct_2015\day01\guessinggametest\bin\debug\guessinggametest.dll" id="11253453-90e8-6ca1-392d-2547973a3227">
      <Execution id="277815f6-ab5e-41a1-952e-f5452dc135e5" />
      <TestMethod codeBase="C:/Users/prabhu.E4LJBSL3AUMKO/Dropbox/TDD_Dot_NET/Oct_2015/Day01/GuessingGameTest/bin/Debug/GuessingGameTest.DLL" adapterTypeName="Microsoft.VisualStudio.TestTools.TestTypes.Unit.UnitTestAdapter, Microsoft.VisualStudio.QualityTools.Tips.UnitTest.Adapter, Version=10.0.0.0, Culture=neutral, PublicKeyToken=b03f5f7f11d50a3a" className="GuessingGameTest.GameTest, GuessingGameTest, Version=1.0.0.0, Culture=neutral, PublicKeyToken=null" name="TestSetUp" />
    </UnitTest>
    <UnitTest name="TestAttemptsToBe0InTheBeginning" storage="c:\users\prabhu.e4ljbsl3aumko\dropbox\tdd_dot_net\oct_2015\day01\guessinggametest\bin\debug\guessinggametest.dll" id="fcc68d57-966b-cdc0-85b4-f08f288561ba">
      <Execution id="149fdf64-7c81-4b04-ba27-2d1bc1cd0857" />
      <TestMethod codeBase="C:/Users/prabhu.E4LJBSL3AUMKO/Dropbox/TDD_Dot_NET/Oct_2015/Day01/GuessingGameTest/bin/Debug/GuessingGameTest.DLL" adapterTypeName="Microsoft.VisualStudio.TestTools.TestTypes.Unit.UnitTestAdapter, Microsoft.VisualStudio.QualityTools.Tips.UnitTest.Adapter, Version=10.0.0.0, Culture=neutral, PublicKeyToken=b03f5f7f11d50a3a" className="GuessingGameTest.GameTest, GuessingGameTest, Version=1.0.0.0, Culture=neutral, PublicKeyToken=null" name="TestAttemptsToBe0InTheBeginning" />
    </UnitTest>
    <UnitTest name="TestMessageToBeNullInTheBeginning" storage="c:\users\prabhu.e4ljbsl3aumko\dropbox\tdd_dot_net\oct_2015\day01\guessinggametest\bin\debug\guessinggametest.dll" id="05bdf578-6d83-1759-a4fc-8a1031728afb">
      <Execution id="12bcccf5-730f-4156-b3e8-35563ac8ccc0" />
      <TestMethod codeBase="C:/Users/prabhu.E4LJBSL3AUMKO/Dropbox/TDD_Dot_NET/Oct_2015/Day01/GuessingGameTest/bin/Debug/GuessingGameTest.DLL" adapterTypeName="Microsoft.VisualStudio.TestTools.TestTypes.Unit.UnitTestAdapter, Microsoft.VisualStudio.QualityTools.Tips.UnitTest.Adapter, Version=10.0.0.0, Culture=neutral, PublicKeyToken=b03f5f7f11d50a3a" className="GuessingGameTest.GameTest, GuessingGameTest, Version=1.0.0.0, Culture=neutral, PublicKeyToken=null" name="TestMessageToBeNullInTheBeginning" />
    </UnitTest>
    <UnitTest name="TestAttempts" storage="c:\users\prabhu.e4ljbsl3aumko\dropbox\tdd_dot_net\oct_2015\day01\guessinggametest\bin\debug\guessinggametest.dll" id="ba3762ce-ee2e-7e82-7a8e-6f0cbfc87847">
      <Execution id="b29c45d9-d54d-475a-a500-2ab318d8c5d4" />
      <TestMethod codeBase="C:/Users/prabhu.E4LJBSL3AUMKO/Dropbox/TDD_Dot_NET/Oct_2015/Day01/GuessingGameTest/bin/Debug/GuessingGameTest.DLL" adapterTypeName="Microsoft.VisualStudio.TestTools.TestTypes.Unit.UnitTestAdapter, Microsoft.VisualStudio.QualityTools.Tips.UnitTest.Adapter, Version=10.0.0.0, Culture=neutral, PublicKeyToken=b03f5f7f11d50a3a" className="GuessingGameTest.GameTest, GuessingGameTest, Version=1.0.0.0, Culture=neutral, PublicKeyToken=null" name="TestAttempts" />
    </UnitTest>
    <UnitTest name="TestPlayANewGameWhenTheExistingGameIsInProgress" storage="c:\users\prabhu.e4ljbsl3aumko\dropbox\tdd_dot_net\oct_2015\day01\guessinggametest\bin\debug\guessinggametest.dll" id="479aae6d-442e-d15c-932e-7295043af9ef">
      <Execution id="faf958e9-5ccf-4ca7-a763-3ca136649abf" />
      <TestMethod codeBase="C:/Users/prabhu.E4LJBSL3AUMKO/Dropbox/TDD_Dot_NET/Oct_2015/Day01/GuessingGameTest/bin/Debug/GuessingGameTest.DLL" adapterTypeName="Microsoft.VisualStudio.TestTools.TestTypes.Unit.UnitTestAdapter, Microsoft.VisualStudio.QualityTools.Tips.UnitTest.Adapter, Version=10.0.0.0, Culture=neutral, PublicKeyToken=b03f5f7f11d50a3a" className="GuessingGameTest.GameTest, GuessingGameTest, Version=1.0.0.0, Culture=neutral, PublicKeyToken=null" name="TestPlayANewGameWhenTheExistingGameIsInProgress" />
    </UnitTest>
  </TestDefinitions>
  <TestLists>
    <TestList name="Results Not in a List" id="8c84fa94-04c1-424b-9868-57a2d4851a1d" />
    <TestList name="All Loaded Results" id="19431567-8539-422a-85d7-44ee4e166bda" />
  </TestLists>
  <TestEntries>
    <TestEntry testId="11253453-90e8-6ca1-392d-2547973a3227" executionId="277815f6-ab5e-41a1-952e-f5452dc135e5" testListId="8c84fa94-04c1-424b-9868-57a2d4851a1d" />
    <TestEntry testId="1a1c144d-ce73-aa9b-570a-49bad93ff6fa" executionId="7776e22c-709d-47e4-bf13-5098f9c5527b" testListId="8c84fa94-04c1-424b-9868-57a2d4851a1d" />
    <TestEntry testId="fcc68d57-966b-cdc0-85b4-f08f288561ba" executionId="149fdf64-7c81-4b04-ba27-2d1bc1cd0857" testListId="8c84fa94-04c1-424b-9868-57a2d4851a1d" />
    <TestEntry testId="05bdf578-6d83-1759-a4fc-8a1031728afb" executionId="12bcccf5-730f-4156-b3e8-35563ac8ccc0" testListId="8c84fa94-04c1-424b-9868-57a2d4851a1d" />
    <TestEntry testId="ceb44132-f167-0714-303f-b1094fb0239e" executionId="cf9136ce-3448-4ae8-b0b0-466a27c247aa" testListId="8c84fa94-04c1-424b-9868-57a2d4851a1d" />
    <TestEntry testId="b7d9ed4e-6982-6de5-6f20-55251a5ee62a" executionId="26012065-2e86-48cb-af30-47a1ef2fed35" testListId="8c84fa94-04c1-424b-9868-57a2d4851a1d" />
    <TestEntry testId="82b5fb27-e007-2126-2427-9ad63de48e6a" executionId="d48b0a23-dcb9-4ecd-a670-e4c8085fba51" testListId="8c84fa94-04c1-424b-9868-57a2d4851a1d" />
    <TestEntry testId="ba3762ce-ee2e-7e82-7a8e-6f0cbfc87847" executionId="b29c45d9-d54d-475a-a500-2ab318d8c5d4" testListId="8c84fa94-04c1-424b-9868-57a2d4851a1d" />
    <TestEntry testId="77d43181-15d8-b97d-99c1-c41ccb8a1638" executionId="cab5c199-0338-4d90-9856-9580099ed348" testListId="8c84fa94-04c1-424b-9868-57a2d4851a1d" />
    <TestEntry testId="f9df3825-19bf-bb57-b484-2e9d65882f4b" executionId="3bccd4fe-e71e-4b8d-adf4-b43de33c4144" testListId="8c84fa94-04c1-424b-9868-57a2d4851a1d" />
    <TestEntry testId="d333fb74-d101-998c-99ac-1cde3db19dde" executionId="20d4490e-7af7-49cb-9a9a-5b52eff117d9" testListId="8c84fa94-04c1-424b-9868-57a2d4851a1d" />
    <TestEntry testId="2a2b8345-fe8d-b0d8-2cce-5d11b1338f45" executionId="15bd3390-09c8-4ebb-ba45-6b9a0233fbe6" testListId="8c84fa94-04c1-424b-9868-57a2d4851a1d" />
    <TestEntry testId="2c41f2d0-09ea-b0b6-73bf-e7ef8d1c3ed7" executionId="4d11357e-21f1-415a-8230-d1e8fe6b449d" testListId="8c84fa94-04c1-424b-9868-57a2d4851a1d" />
    <TestEntry testId="14989ee5-f920-4cba-5464-815fc8d69ce4" executionId="d182c0a9-f72a-4ef8-8218-ee3cac2a9bdc" testListId="8c84fa94-04c1-424b-9868-57a2d4851a1d" />
    <TestEntry testId="00193f25-a6a9-b907-11b9-1ed9b64c0056" executionId="8a74df7a-6114-43bb-a06f-53eaedd25b27" testListId="8c84fa94-04c1-424b-9868-57a2d4851a1d" />
    <TestEntry testId="479aae6d-442e-d15c-932e-7295043af9ef" executionId="faf958e9-5ccf-4ca7-a763-3ca136649abf" testListId="8c84fa94-04c1-424b-9868-57a2d4851a1d" />
  </TestEntries>
  <Results>
    <UnitTestResult executionId="277815f6-ab5e-41a1-952e-f5452dc135e5" testId="11253453-90e8-6ca1-392d-2547973a3227" testName="TestSetUp" computerName="E4LJBSL3AUMKO" duration="00:00:00.0182183" startTime="2015-10-06T16:30:11.5929646+05:30" endTime="2015-10-06T16:30:11.9449848+05:30" testType="13cdc9d9-ddb5-4fa4-a97d-d965ccfc6d4b" outcome="Passed" testListId="8c84fa94-04c1-424b-9868-57a2d4851a1d" relativeResultsDirectory="277815f6-ab5e-41a1-952e-f5452dc135e5">
    </UnitTestResult>
    <UnitTestResult executionId="7776e22c-709d-47e4-bf13-5098f9c5527b" testId="1a1c144d-ce73-aa9b-570a-49bad93ff6fa" testName="TestRandomNumberIsGeneratedInTheBeginning" computerName="E4LJBSL3AUMKO" duration="00:00:00.0005747" startTime="2015-10-06T16:30:11.9519852+05:30" endTime="2015-10-06T16:30:11.9639858+05:30" testType="13cdc9d9-ddb5-4fa4-a97d-d965ccfc6d4b" outcome="Passed" testListId="8c84fa94-04c1-424b-9868-57a2d4851a1d" relativeResultsDirectory="7776e22c-709d-47e4-bf13-5098f9c5527b">
    </UnitTestResult>
    <UnitTestResult executionId="149fdf64-7c81-4b04-ba27-2d1bc1cd0857" testId="fcc68d57-966b-cdc0-85b4-f08f288561ba" testName="TestAttemptsToBe0InTheBeginning" computerName="E4LJBSL3AUMKO" duration="00:00:00.0004103" startTime="2015-10-06T16:30:11.9659860+05:30" endTime="2015-10-06T16:30:11.9929875+05:30" testType="13cdc9d9-ddb5-4fa4-a97d-d965ccfc6d4b" outcome="Passed" testListId="8c84fa94-04c1-424b-9868-57a2d4851a1d" relativeResultsDirectory="149fdf64-7c81-4b04-ba27-2d1bc1cd0857">
    </UnitTestResult>
    <UnitTestResult executionId="12bcccf5-730f-4156-b3e8-35563ac8ccc0" testId="05bdf578-6d83-1759-a4fc-8a1031728afb" testName="TestMessageToBeNullInTheBeginning" computerName="E4LJBSL3AUMKO" duration="00:00:00.0004234" startTime="2015-10-06T16:30:11.9959877+05:30" endTime="2015-10-06T16:30:12.0019880+05:30" testType="13cdc9d9-ddb5-4fa4-a97d-d965ccfc6d4b" outcome="Passed" testListId="8c84fa94-04c1-424b-9868-57a2d4851a1d" relativeResultsDirectory="12bcccf5-730f-4156-b3e8-35563ac8ccc0">
    </UnitTestResult>
    <UnitTestResult executionId="cf9136ce-3448-4ae8-b0b0-466a27c247aa" testId="ceb44132-f167-0714-303f-b1094fb0239e" testName="TestAimHigher" computerName="E4LJBSL3AUMKO" duration="00:00:00.0012713" startTime="2015-10-06T16:30:12.0049882+05:30" endTime="2015-10-06T16:30:12.0119886+05:30" testType="13cdc9d9-ddb5-4fa4-a97d-d965ccfc6d4b" outcome="Passed" testListId="8c84fa94-04c1-424b-9868-57a2d4851a1d" relativeResultsDirectory="cf9136ce-3448-4ae8-b0b0-466a27c247aa">
    </UnitTestResult>
    <UnitTestResult executionId="26012065-2e86-48cb-af30-47a1ef2fed35" testId="b7d9ed4e-6982-6de5-6f20-55251a5ee62a" testName="TestAimLower" computerName="E4LJBSL3AUMKO" duration="00:00:00.0003034" startTime="2015-10-06T16:30:12.0159888+05:30" endTime="2015-10-06T16:30:12.0199890+05:30" testType="13cdc9d9-ddb5-4fa4-a97d-d965ccfc6d4b" outcome="Passed" testListId="8c84fa94-04c1-424b-9868-57a2d4851a1d" relativeResultsDirectory="26012065-2e86-48cb-af30-47a1ef2fed35">
    </UnitTestResult>
    <UnitTestResult executionId="d48b0a23-dcb9-4ecd-a670-e4c8085fba51" testId="82b5fb27-e007-2126-2427-9ad63de48e6a" testName="TestYouHaveGotIt" computerName="E4LJBSL3AUMKO" duration="00:00:00.0005068" startTime="2015-10-06T16:30:12.0219892+05:30" endTime="2015-10-06T16:30:12.0279895+05:30" testType="13cdc9d9-ddb5-4fa4-a97d-d965ccfc6d4b" outcome="Passed" testListId="8c84fa94-04c1-424b-9868-57a2d4851a1d" relativeResultsDirectory="d48b0a23-dcb9-4ecd-a670-e4c8085fba51">
    </UnitTestResult>
    <UnitTestResult executionId="b29c45d9-d54d-475a-a500-2ab318d8c5d4" testId="ba3762ce-ee2e-7e82-7a8e-6f0cbfc87847" testName="TestAttempts" computerName="E4LJBSL3AUMKO" duration="00:00:00.0011553" startTime="2015-10-06T16:30:12.0299896+05:30" endTime="2015-10-06T16:30:12.0359900+05:30" testType="13cdc9d9-ddb5-4fa4-a97d-d965ccfc6d4b" outcome="Passed" testListId="8c84fa94-04c1-424b-9868-57a2d4851a1d" relativeResultsDirectory="b29c45d9-d54d-475a-a500-2ab318d8c5d4">
    </UnitTestResult>
    <UnitTestResult executionId="cab5c199-0338-4d90-9856-9580099ed348" testId="77d43181-15d8-b97d-99c1-c41ccb8a1638" testName="TestInvalidInput" computerName="E4LJBSL3AUMKO" duration="00:00:00.0076351" startTime="2015-10-06T16:30:12.0379901+05:30" endTime="2015-10-06T16:30:12.0509908+05:30" testType="13cdc9d9-ddb5-4fa4-a97d-d965ccfc6d4b" outcome="Passed" testListId="8c84fa94-04c1-424b-9868-57a2d4851a1d" relativeResultsDirectory="cab5c199-0338-4d90-9856-9580099ed348">
    </UnitTestResult>
    <UnitTestResult executionId="3bccd4fe-e71e-4b8d-adf4-b43de33c4144" testId="f9df3825-19bf-bb57-b484-2e9d65882f4b" testName="TestPlayGameAfterItIsOver" computerName="E4LJBSL3AUMKO" duration="00:00:00.0007704" startTime="2015-10-06T16:30:12.0549910+05:30" endTime="2015-10-06T16:30:12.0609914+05:30" testType="13cdc9d9-ddb5-4fa4-a97d-d965ccfc6d4b" outcome="Passed" testListId="8c84fa94-04c1-424b-9868-57a2d4851a1d" relativeResultsDirectory="3bccd4fe-e71e-4b8d-adf4-b43de33c4144">
    </UnitTestResult>
    <UnitTestResult executionId="20d4490e-7af7-49cb-9a9a-5b52eff117d9" testId="d333fb74-d101-998c-99ac-1cde3db19dde" testName="TestGameOverInTheBeginning" computerName="E4LJBSL3AUMKO" duration="00:00:00.0002916" startTime="2015-10-06T16:30:12.0629915+05:30" endTime="2015-10-06T16:30:12.0709920+05:30" testType="13cdc9d9-ddb5-4fa4-a97d-d965ccfc6d4b" outcome="Passed" testListId="8c84fa94-04c1-424b-9868-57a2d4851a1d" relativeResultsDirectory="20d4490e-7af7-49cb-9a9a-5b52eff117d9">
    </UnitTestResult>
    <UnitTestResult executionId="15bd3390-09c8-4ebb-ba45-6b9a0233fbe6" testId="2a2b8345-fe8d-b0d8-2cce-5d11b1338f45" testName="TestPromptToPlayANewGame" computerName="E4LJBSL3AUMKO" duration="00:00:00.0006947" startTime="2015-10-06T16:30:12.0739921+05:30" endTime="2015-10-06T16:30:12.0799925+05:30" testType="13cdc9d9-ddb5-4fa4-a97d-d965ccfc6d4b" outcome="Passed" testListId="8c84fa94-04c1-424b-9868-57a2d4851a1d" relativeResultsDirectory="15bd3390-09c8-4ebb-ba45-6b9a0233fbe6">
    </UnitTestResult>
    <UnitTestResult executionId="4d11357e-21f1-415a-8230-d1e8fe6b449d" testId="2c41f2d0-09ea-b0b6-73bf-e7ef8d1c3ed7" testName="TestRecheckAttemptsForANewGame" computerName="E4LJBSL3AUMKO" duration="00:00:00.0004320" startTime="2015-10-06T16:30:12.0819926+05:30" endTime="2015-10-06T16:30:12.0879929+05:30" testType="13cdc9d9-ddb5-4fa4-a97d-d965ccfc6d4b" outcome="Passed" testListId="8c84fa94-04c1-424b-9868-57a2d4851a1d" relativeResultsDirectory="4d11357e-21f1-415a-8230-d1e8fe6b449d">
    </UnitTestResult>
    <UnitTestResult executionId="d182c0a9-f72a-4ef8-8218-ee3cac2a9bdc" testId="14989ee5-f920-4cba-5464-815fc8d69ce4" testName="TestRecheckMessageForANewGame" computerName="E4LJBSL3AUMKO" duration="00:00:00.0004696" startTime="2015-10-06T16:30:12.0899930+05:30" endTime="2015-10-06T16:30:12.0939933+05:30" testType="13cdc9d9-ddb5-4fa4-a97d-d965ccfc6d4b" outcome="Passed" testListId="8c84fa94-04c1-424b-9868-57a2d4851a1d" relativeResultsDirectory="d182c0a9-f72a-4ef8-8218-ee3cac2a9bdc">
    </UnitTestResult>
    <UnitTestResult executionId="8a74df7a-6114-43bb-a06f-53eaedd25b27" testId="00193f25-a6a9-b907-11b9-1ed9b64c0056" testName="TestRecheckTargetForANewGame" computerName="E4LJBSL3AUMKO" duration="00:00:00.0019253" startTime="2015-10-06T16:30:12.0959934+05:30" endTime="2015-10-06T16:30:12.1019937+05:30" testType="13cdc9d9-ddb5-4fa4-a97d-d965ccfc6d4b" outcome="Passed" testListId="8c84fa94-04c1-424b-9868-57a2d4851a1d" relativeResultsDirectory="8a74df7a-6114-43bb-a06f-53eaedd25b27">
    </UnitTestResult>
    <UnitTestResult executionId="faf958e9-5ccf-4ca7-a763-3ca136649abf" testId="479aae6d-442e-d15c-932e-7295043af9ef" testName="TestPlayANewGameWhenTheExistingGameIsInProgress" computerName="E4LJBSL3AUMKO" duration="00:00:00.0005616" startTime="2015-10-06T16:30:12.1039938+05:30" endTime="2015-10-06T16:30:12.1099942+05:30" testType="13cdc9d9-ddb5-4fa4-a97d-d965ccfc6d4b" outcome="Passed" testListId="8c84fa94-04c1-424b-9868-57a2d4851a1d" relativeResultsDirectory="faf958e9-5ccf-4ca7-a763-3ca136649abf">
    </UnitTestResult>
  </Results>
</TestRun>