<?xml version="1.0" encoding="UTF-8"?>
<TestRun id="84801a7f-caca-4dea-929d-4e62a23241bb" name="prabhu@E4LJBSL3AUMKO 2015-10-06 11:56:20" runUser="E4LJBSL3AUMKO\prabhu" xmlns="http://microsoft.com/schemas/VisualStudio/TeamTest/2010">
  <TestSettings name="Local" id="9ad66556-e6a8-4430-a7ec-98e16b258229">
    <Description>These are default test settings for a local test run.</Description>
    <Deployment enabled="false" runDeploymentRoot="prabhu_E4LJBSL3AUMKO 2015-10-06 11_56_20">
      <DeploymentItem filename="C:\Users\prabhu.E4LJBSL3AUMKO\Dropbox\TDD_Dot_NET\Oct_2015\Day01\NumberEngineLib\bin\Debug\NumberEngineLib.dll" />
    </Deployment>
    <Execution>
      <TestTypeSpecific />
      <AgentRule name="Execution Agents">
      </AgentRule>
    </Execution>
  </TestSettings>
  <Times creation="2015-10-06T11:56:20.2781472+05:30" queuing="2015-10-06T11:56:20.4281557+05:30" start="2015-10-06T11:56:20.4371563+05:30" finish="2015-10-06T11:56:20.8561802+05:30" />
  <ResultSummary outcome="Completed">
    <Counters total="3" executed="3" passed="3" error="0" failed="0" timeout="0" aborted="0" inconclusive="0" passedButRunAborted="0" notRunnable="0" notExecuted="0" disconnected="0" warning="0" completed="0" inProgress="0" pending="0" />
  </ResultSummary>
  <TestDefinitions>
    <UnitTest name="TestIfNumberIsNotDivisbleBy5" storage="c:\users\prabhu.e4ljbsl3aumko\dropbox\tdd_dot_net\oct_2015\day01\testnumberenginelib\bin\debug\testnumberenginelib.dll" id="2876a485-37ea-2507-9227-e875b81d2f7c">
      <Execution id="827f5163-dfd1-44fc-b561-3267ee5b680c" />
      <TestMethod codeBase="C:/Users/prabhu.E4LJBSL3AUMKO/Dropbox/TDD_Dot_NET/Oct_2015/Day01/TestNumberEngineLib/bin/Debug/TestNumberEngineLib.DLL" adapterTypeName="Microsoft.VisualStudio.TestTools.TestTypes.Unit.UnitTestAdapter, Microsoft.VisualStudio.QualityTools.Tips.UnitTest.Adapter, Version=10.0.0.0, Culture=neutral, PublicKeyToken=b03f5f7f11d50a3a" className="TestNumberEngineLib.MathEngineTest, TestNumberEngineLib, Version=1.0.0.0, Culture=neutral, PublicKeyToken=null" name="TestIfNumberIsNotDivisbleBy5" />
    </UnitTest>
    <UnitTest name="TestIfNumberIsDivisbleBy3" storage="c:\users\prabhu.e4ljbsl3aumko\dropbox\tdd_dot_net\oct_2015\day01\testnumberenginelib\bin\debug\testnumberenginelib.dll" id="488f322f-562e-f4c2-7b40-833b44bfe529">
      <Execution id="ad6143ec-0ae5-4b18-868b-2f869d91fd89" />
      <TestMethod codeBase="C:/Users/prabhu.E4LJBSL3AUMKO/Dropbox/TDD_Dot_NET/Oct_2015/Day01/TestNumberEngineLib/bin/Debug/TestNumberEngineLib.DLL" adapterTypeName="Microsoft.VisualStudio.TestTools.TestTypes.Unit.UnitTestAdapter, Microsoft.VisualStudio.QualityTools.Tips.UnitTest.Adapter, Version=10.0.0.0, Culture=neutral, PublicKeyToken=b03f5f7f11d50a3a" className="TestNumberEngineLib.MathEngineTest, TestNumberEngineLib, Version=1.0.0.0, Culture=neutral, PublicKeyToken=null" name="TestIfNumberIsDivisbleBy3" />
    </UnitTest>
    <UnitTest name="TestSetUp" storage="c:\users\prabhu.e4ljbsl3aumko\dropbox\tdd_dot_net\oct_2015\day01\testnumberenginelib\bin\debug\testnumberenginelib.dll" id="49e7ae43-e2c1-421e-aa49-d6cde7496027">
      <Execution id="cd6c182f-ad60-4956-bdf1-3b5e8dc2823f" />
      <TestMethod codeBase="C:/Users/prabhu.E4LJBSL3AUMKO/Dropbox/TDD_Dot_NET/Oct_2015/Day01/TestNumberEngineLib/bin/Debug/TestNumberEngineLib.DLL" adapterTypeName="Microsoft.VisualStudio.TestTools.TestTypes.Unit.UnitTestAdapter, Microsoft.VisualStudio.QualityTools.Tips.UnitTest.Adapter, Version=10.0.0.0, Culture=neutral, PublicKeyToken=b03f5f7f11d50a3a" className="TestNumberEngineLib.MathEngineTest, TestNumberEngineLib, Version=1.0.0.0, Culture=neutral, PublicKeyToken=null" name="TestSetUp" />
    </UnitTest>
  </TestDefinitions>
  <TestLists>
    <TestList name="Results Not in a List" id="8c84fa94-04c1-424b-9868-57a2d4851a1d" />
    <TestList name="All Loaded Results" id="19431567-8539-422a-85d7-44ee4e166bda" />
  </TestLists>
  <TestEntries>
    <TestEntry testId="49e7ae43-e2c1-421e-aa49-d6cde7496027" executionId="cd6c182f-ad60-4956-bdf1-3b5e8dc2823f" testListId="8c84fa94-04c1-424b-9868-57a2d4851a1d" />
    <TestEntry testId="488f322f-562e-f4c2-7b40-833b44bfe529" executionId="ad6143ec-0ae5-4b18-868b-2f869d91fd89" testListId="8c84fa94-04c1-424b-9868-57a2d4851a1d" />
    <TestEntry testId="2876a485-37ea-2507-9227-e875b81d2f7c" executionId="827f5163-dfd1-44fc-b561-3267ee5b680c" testListId="8c84fa94-04c1-424b-9868-57a2d4851a1d" />
  </TestEntries>
  <Results>
    <UnitTestResult executionId="cd6c182f-ad60-4956-bdf1-3b5e8dc2823f" testId="49e7ae43-e2c1-421e-aa49-d6cde7496027" testName="TestSetUp" computerName="E4LJBSL3AUMKO" duration="00:00:00.0294432" startTime="2015-10-06T11:56:20.4571574+05:30" endTime="2015-10-06T11:56:20.8201782+05:30" testType="13cdc9d9-ddb5-4fa4-a97d-d965ccfc6d4b" outcome="Passed" testListId="8c84fa94-04c1-424b-9868-57a2d4851a1d" relativeResultsDirectory="cd6c182f-ad60-4956-bdf1-3b5e8dc2823f">
    </UnitTestResult>
    <UnitTestResult executionId="ad6143ec-0ae5-4b18-868b-2f869d91fd89" testId="488f322f-562e-f4c2-7b40-833b44bfe529" testName="TestIfNumberIsDivisbleBy3" computerName="E4LJBSL3AUMKO" duration="00:00:00.0004107" startTime="2015-10-06T11:56:20.8251785+05:30" endTime="2015-10-06T11:56:20.8291787+05:30" testType="13cdc9d9-ddb5-4fa4-a97d-d965ccfc6d4b" outcome="Passed" testListId="8c84fa94-04c1-424b-9868-57a2d4851a1d" relativeResultsDirectory="ad6143ec-0ae5-4b18-868b-2f869d91fd89">
    </UnitTestResult>
    <UnitTestResult executionId="827f5163-dfd1-44fc-b561-3267ee5b680c" testId="2876a485-37ea-2507-9227-e875b81d2f7c" testName="TestIfNumberIsNotDivisbleBy5" computerName="E4LJBSL3AUMKO" duration="00:00:00.0003473" startTime="2015-10-06T11:56:20.8321789+05:30" endTime="2015-10-06T11:56:20.8381792+05:30" testType="13cdc9d9-ddb5-4fa4-a97d-d965ccfc6d4b" outcome="Passed" testListId="8c84fa94-04c1-424b-9868-57a2d4851a1d" relativeResultsDirectory="827f5163-dfd1-44fc-b561-3267ee5b680c">
    </UnitTestResult>
  </Results>
</TestRun>