<?xml version="1.0" encoding="UTF-8"?>
<TestRun id="aa933256-a245-4756-ac75-2a2f41afc35c" name="prabhu@E4LJBSL3AUMKO 2015-10-06 16:12:04" runUser="E4LJBSL3AUMKO\prabhu" xmlns="http://microsoft.com/schemas/VisualStudio/TeamTest/2010">
  <TestSettings name="Local" id="9ad66556-e6a8-4430-a7ec-98e16b258229">
    <Description>These are default test settings for a local test run.</Description>
    <Deployment runDeploymentRoot="prabhu_E4LJBSL3AUMKO 2015-10-06 16_12_04">
      <DeploymentItem filename="C:\Users\prabhu.E4LJBSL3AUMKO\Dropbox\TDD_Dot_NET\Oct_2015\Day01\GuessingGameLib\bin\Debug\GuessingGameLib.dll" />
    </Deployment>
    <Execution>
      <TestTypeSpecific>
        <UnitTestRunConfig testTypeId="13cdc9d9-ddb5-4fa4-a97d-d965ccfc6d4b">
          <AssemblyResolution>
            <TestDirectory useLoadContext="true" />
          </AssemblyResolution>
        </UnitTestRunConfig>
        <WebTestRunConfiguration testTypeId="4e7599fa-5ecb-43e9-a887-cd63cf72d207">
          <Browser name="Internet Explorer 7.0">
            <Headers>
              <Header name="User-Agent" value="Mozilla/4.0 (compatible; MSIE 7.0; Windows NT 5.1)" />
              <Header name="Accept" value="*/*" />
              <Header name="Accept-Language" value="{{$IEAcceptLanguage}}" />
              <Header name="Accept-Encoding" value="GZIP" />
            </Headers>
          </Browser>
        </WebTestRunConfiguration>
      </TestTypeSpecific>
      <AgentRule name="LocalMachineDefaultRole">
        <DataCollectors>
          <DataCollector uri="datacollector://microsoft/CodeCoverage/1.0" assemblyQualifiedName="Microsoft.VisualStudio.TestTools.CodeCoverage.CoveragePlugIn, Microsoft.VisualStudio.QualityTools.Plugins.CodeCoverage, Version=10.0.0.0, Culture=neutral, PublicKeyToken=b03f5f7f11d50a3a" friendlyName="Code Coverage">
            <Configuration>
              <CodeCoverage xmlns="">
                <Regular>
                  <CodeCoverageItem binaryFile="C:\Users\prabhu.E4LJBSL3AUMKO\Dropbox\TDD_Dot_NET\Oct_2015\Day01\NumberEngineLib\bin\Debug\NumberEngineLib.dll" pdbFile="C:\Users\prabhu.E4LJBSL3AUMKO\Dropbox\TDD_Dot_NET\Oct_2015\Day01\NumberEngineLib\bin\Debug\NumberEngineLib.instr.pdb" instrumentInPlace="true" />
                </Regular>
              </CodeCoverage>
            </Configuration>
          </DataCollector>
        </DataCollectors>
      </AgentRule>
    </Execution>
  </TestSettings>
  <Times creation="2015-10-06T16:12:04.9438118+05:30" queuing="2015-10-06T16:12:05.5928490+05:30" start="2015-10-06T16:12:05.6848542+05:30" finish="2015-10-06T16:12:09.2600587+05:30" />
  <ResultSummary outcome="Completed">
    <Counters total="5" executed="5" passed="5" error="0" failed="0" timeout="0" aborted="0" inconclusive="0" passedButRunAborted="0" notRunnable="0" notExecuted="0" disconnected="0" warning="0" completed="0" inProgress="0" pending="0" />
    <ResultFiles>
      <ResultFile path="E4LJBSL3AUMKO\data.coverage" />
    </ResultFiles>
  </ResultSummary>
  <TestDefinitions>
    <UnitTest name="TestRandomNumberIsGeneratedInTheBeginning" storage="c:\users\prabhu.e4ljbsl3aumko\dropbox\tdd_dot_net\oct_2015\day01\guessinggametest\bin\debug\guessinggametest.dll" id="1a1c144d-ce73-aa9b-570a-49bad93ff6fa">
      <Execution id="895a3fbc-5d80-4c5e-84f7-2784ea874e16" />
      <TestMethod codeBase="C:/Users/prabhu.E4LJBSL3AUMKO/Dropbox/TDD_Dot_NET/Oct_2015/Day01/GuessingGameTest/bin/Debug/GuessingGameTest.DLL" adapterTypeName="Microsoft.VisualStudio.TestTools.TestTypes.Unit.UnitTestAdapter, Microsoft.VisualStudio.QualityTools.Tips.UnitTest.Adapter, Version=10.0.0.0, Culture=neutral, PublicKeyToken=b03f5f7f11d50a3a" className="GuessingGameTest.GameTest, GuessingGameTest, Version=1.0.0.0, Culture=neutral, PublicKeyToken=null" name="TestRandomNumberIsGeneratedInTheBeginning" />
    </UnitTest>
    <UnitTest name="TestAimHigher" storage="c:\users\prabhu.e4ljbsl3aumko\dropbox\tdd_dot_net\oct_2015\day01\guessinggametest\bin\debug\guessinggametest.dll" id="ceb44132-f167-0714-303f-b1094fb0239e">
      <Execution id="b91b1216-5600-4de6-974a-a413011f4598" />
      <TestMethod codeBase="C:/Users/prabhu.E4LJBSL3AUMKO/Dropbox/TDD_Dot_NET/Oct_2015/Day01/GuessingGameTest/bin/Debug/GuessingGameTest.DLL" adapterTypeName="Microsoft.VisualStudio.TestTools.TestTypes.Unit.UnitTestAdapter, Microsoft.VisualStudio.QualityTools.Tips.UnitTest.Adapter, Version=10.0.0.0, Culture=neutral, PublicKeyToken=b03f5f7f11d50a3a" className="GuessingGameTest.GameTest, GuessingGameTest, Version=1.0.0.0, Culture=neutral, PublicKeyToken=null" name="TestAimHigher" />
    </UnitTest>
    <UnitTest name="TestSetUp" storage="c:\users\prabhu.e4ljbsl3aumko\dropbox\tdd_dot_net\oct_2015\day01\guessinggametest\bin\debug\guessinggametest.dll" id="11253453-90e8-6ca1-392d-2547973a3227">
      <Execution id="727d096f-7521-4379-9322-73f52a198cf6" />
      <TestMethod codeBase="C:/Users/prabhu.E4LJBSL3AUMKO/Dropbox/TDD_Dot_NET/Oct_2015/Day01/GuessingGameTest/bin/Debug/GuessingGameTest.DLL" adapterTypeName="Microsoft.VisualStudio.TestTools.TestTypes.Unit.UnitTestAdapter, Microsoft.VisualStudio.QualityTools.Tips.UnitTest.Adapter, Version=10.0.0.0, Culture=neutral, PublicKeyToken=b03f5f7f11d50a3a" className="GuessingGameTest.GameTest, GuessingGameTest, Version=1.0.0.0, Culture=neutral, PublicKeyToken=null" name="TestSetUp" />
    </UnitTest>
    <UnitTest name="TestAttemptsToBe0InTheBeginning" storage="c:\users\prabhu.e4ljbsl3aumko\dropbox\tdd_dot_net\oct_2015\day01\guessinggametest\bin\debug\guessinggametest.dll" id="fcc68d57-966b-cdc0-85b4-f08f288561ba">
      <Execution id="1ce5e6f7-51de-4a54-8471-9e9d1a3af2ef" />
      <TestMethod codeBase="C:/Users/prabhu.E4LJBSL3AUMKO/Dropbox/TDD_Dot_NET/Oct_2015/Day01/GuessingGameTest/bin/Debug/GuessingGameTest.DLL" adapterTypeName="Microsoft.VisualStudio.TestTools.TestTypes.Unit.UnitTestAdapter, Microsoft.VisualStudio.QualityTools.Tips.UnitTest.Adapter, Version=10.0.0.0, Culture=neutral, PublicKeyToken=b03f5f7f11d50a3a" className="GuessingGameTest.GameTest, GuessingGameTest, Version=1.0.0.0, Culture=neutral, PublicKeyToken=null" name="TestAttemptsToBe0InTheBeginning" />
    </UnitTest>
    <UnitTest name="TestMessageToBeNullInTheBeginning" storage="c:\users\prabhu.e4ljbsl3aumko\dropbox\tdd_dot_net\oct_2015\day01\guessinggametest\bin\debug\guessinggametest.dll" id="05bdf578-6d83-1759-a4fc-8a1031728afb">
      <Execution id="4b174a3b-5af7-4d1e-a577-0601180713f7" />
      <TestMethod codeBase="C:/Users/prabhu.E4LJBSL3AUMKO/Dropbox/TDD_Dot_NET/Oct_2015/Day01/GuessingGameTest/bin/Debug/GuessingGameTest.DLL" adapterTypeName="Microsoft.VisualStudio.TestTools.TestTypes.Unit.UnitTestAdapter, Microsoft.VisualStudio.QualityTools.Tips.UnitTest.Adapter, Version=10.0.0.0, Culture=neutral, PublicKeyToken=b03f5f7f11d50a3a" className="GuessingGameTest.GameTest, GuessingGameTest, Version=1.0.0.0, Culture=neutral, PublicKeyToken=null" name="TestMessageToBeNullInTheBeginning" />
    </UnitTest>
  </TestDefinitions>
  <TestLists>
    <TestList name="Results Not in a List" id="8c84fa94-04c1-424b-9868-57a2d4851a1d" />
    <TestList name="All Loaded Results" id="19431567-8539-422a-85d7-44ee4e166bda" />
  </TestLists>
  <TestEntries>
    <TestEntry testId="11253453-90e8-6ca1-392d-2547973a3227" executionId="727d096f-7521-4379-9322-73f52a198cf6" testListId="8c84fa94-04c1-424b-9868-57a2d4851a1d" />
    <TestEntry testId="1a1c144d-ce73-aa9b-570a-49bad93ff6fa" executionId="895a3fbc-5d80-4c5e-84f7-2784ea874e16" testListId="8c84fa94-04c1-424b-9868-57a2d4851a1d" />
    <TestEntry testId="fcc68d57-966b-cdc0-85b4-f08f288561ba" executionId="1ce5e6f7-51de-4a54-8471-9e9d1a3af2ef" testListId="8c84fa94-04c1-424b-9868-57a2d4851a1d" />
    <TestEntry testId="05bdf578-6d83-1759-a4fc-8a1031728afb" executionId="4b174a3b-5af7-4d1e-a577-0601180713f7" testListId="8c84fa94-04c1-424b-9868-57a2d4851a1d" />
    <TestEntry testId="ceb44132-f167-0714-303f-b1094fb0239e" executionId="b91b1216-5600-4de6-974a-a413011f4598" testListId="8c84fa94-04c1-424b-9868-57a2d4851a1d" />
  </TestEntries>
  <Results>
    <UnitTestResult executionId="727d096f-7521-4379-9322-73f52a198cf6" testId="11253453-90e8-6ca1-392d-2547973a3227" testName="TestSetUp" computerName="E4LJBSL3AUMKO" duration="00:00:00.0143423" startTime="2015-10-06T16:12:06.7819170+05:30" endTime="2015-10-06T16:12:07.0619330+05:30" testType="13cdc9d9-ddb5-4fa4-a97d-d965ccfc6d4b" outcome="Passed" testListId="8c84fa94-04c1-424b-9868-57a2d4851a1d" relativeResultsDirectory="727d096f-7521-4379-9322-73f52a198cf6">
    </UnitTestResult>
    <UnitTestResult executionId="895a3fbc-5d80-4c5e-84f7-2784ea874e16" testId="1a1c144d-ce73-aa9b-570a-49bad93ff6fa" testName="TestRandomNumberIsGeneratedInTheBeginning" computerName="E4LJBSL3AUMKO" duration="00:00:00.0004248" startTime="2015-10-06T16:12:07.0649332+05:30" endTime="2015-10-06T16:12:07.0729336+05:30" testType="13cdc9d9-ddb5-4fa4-a97d-d965ccfc6d4b" outcome="Passed" testListId="8c84fa94-04c1-424b-9868-57a2d4851a1d" relativeResultsDirectory="895a3fbc-5d80-4c5e-84f7-2784ea874e16">
    </UnitTestResult>
    <UnitTestResult executionId="1ce5e6f7-51de-4a54-8471-9e9d1a3af2ef" testId="fcc68d57-966b-cdc0-85b4-f08f288561ba" testName="TestAttemptsToBe0InTheBeginning" computerName="E4LJBSL3AUMKO" duration="00:00:00.0002971" startTime="2015-10-06T16:12:07.0779339+05:30" endTime="2015-10-06T16:12:07.0819341+05:30" testType="13cdc9d9-ddb5-4fa4-a97d-d965ccfc6d4b" outcome="Passed" testListId="8c84fa94-04c1-424b-9868-57a2d4851a1d" relativeResultsDirectory="1ce5e6f7-51de-4a54-8471-9e9d1a3af2ef">
    </UnitTestResult>
    <UnitTestResult executionId="4b174a3b-5af7-4d1e-a577-0601180713f7" testId="05bdf578-6d83-1759-a4fc-8a1031728afb" testName="TestMessageToBeNullInTheBeginning" computerName="E4LJBSL3AUMKO" duration="00:00:00.0003885" startTime="2015-10-06T16:12:07.0839342+05:30" endTime="2015-10-06T16:12:07.0969350+05:30" testType="13cdc9d9-ddb5-4fa4-a97d-d965ccfc6d4b" outcome="Passed" testListId="8c84fa94-04c1-424b-9868-57a2d4851a1d" relativeResultsDirectory="4b174a3b-5af7-4d1e-a577-0601180713f7">
    </UnitTestResult>
    <UnitTestResult executionId="b91b1216-5600-4de6-974a-a413011f4598" testId="ceb44132-f167-0714-303f-b1094fb0239e" testName="TestAimHigher" computerName="E4LJBSL3AUMKO" duration="00:00:00.0005353" startTime="2015-10-06T16:12:07.1009352+05:30" endTime="2015-10-06T16:12:07.1049355+05:30" testType="13cdc9d9-ddb5-4fa4-a97d-d965ccfc6d4b" outcome="Passed" testListId="8c84fa94-04c1-424b-9868-57a2d4851a1d" relativeResultsDirectory="b91b1216-5600-4de6-974a-a413011f4598">
    </UnitTestResult>
  </Results>
</TestRun>