<?xml version="1.0" encoding="UTF-8"?>
<TestRun id="c11877b9-42d3-4b52-bcc6-824bdaaaf5a1" name="prabhu@E4LJBSL3AUMKO 2015-10-06 16:12:09" runUser="E4LJBSL3AUMKO\prabhu" xmlns="http://microsoft.com/schemas/VisualStudio/TeamTest/2010">
  <TestSettings name="Local" id="9ad66556-e6a8-4430-a7ec-98e16b258229">
    <Description>These are default test settings for a local test run.</Description>
    <Deployment runDeploymentRoot="prabhu_E4LJBSL3AUMKO 2015-10-06 16_12_09">
      <DeploymentItem filename="C:\Users\prabhu.E4LJBSL3AUMKO\Dropbox\TDD_Dot_NET\Oct_2015\Day01\GuessingGameLib\bin\Debug\GuessingGameLib.dll" />
    </Deployment>
    <Execution>
      <TestTypeSpecific>
        <UnitTestRunConfig testTypeId="13cdc9d9-ddb5-4fa4-a97d-d965ccfc6d4b">
          <AssemblyResolution>
            <TestDirectory useLoadContext="true" />
          </AssemblyResolution>
        </UnitTestRunConfig>
        <WebTestRunConfiguration testTypeId="4e7599fa-5ecb-43e9-a887-cd63cf72d207">
          <Browser name="Internet Explorer 7.0">
            <Headers>
              <Header name="User-Agent" value="Mozilla/4.0 (compatible; MSIE 7.0; Windows NT 5.1)" />
              <Header name="Accept" value="*/*" />
              <Header name="Accept-Language" value="{{$IEAcceptLanguage}}" />
              <Header name="Accept-Encoding" value="GZIP" />
            </Headers>
          </Browser>
        </WebTestRunConfiguration>
      </TestTypeSpecific>
      <AgentRule name="LocalMachineDefaultRole">
        <DataCollectors>
          <DataCollector uri="datacollector://microsoft/CodeCoverage/1.0" assemblyQualifiedName="Microsoft.VisualStudio.TestTools.CodeCoverage.CoveragePlugIn, Microsoft.VisualStudio.QualityTools.Plugins.CodeCoverage, Version=10.0.0.0, Culture=neutral, PublicKeyToken=b03f5f7f11d50a3a" friendlyName="Code Coverage">
            <Configuration>
              <CodeCoverage xmlns="">
                <Regular>
                  <CodeCoverageItem binaryFile="C:\Users\prabhu.E4LJBSL3AUMKO\Dropbox\TDD_Dot_NET\Oct_2015\Day01\NumberEngineLib\bin\Debug\NumberEngineLib.dll" pdbFile="C:\Users\prabhu.E4LJBSL3AUMKO\Dropbox\TDD_Dot_NET\Oct_2015\Day01\NumberEngineLib\bin\Debug\NumberEngineLib.instr.pdb" instrumentInPlace="true" />
                </Regular>
              </CodeCoverage>
            </Configuration>
          </DataCollector>
        </DataCollectors>
      </AgentRule>
    </Execution>
  </TestSettings>
  <Times creation="2015-10-06T16:12:09.7560871+05:30" queuing="2015-10-06T16:12:10.4811286+05:30" start="2015-10-06T16:12:10.5391319+05:30" finish="2015-10-06T16:12:14.0663336+05:30" />
  <ResultSummary outcome="Completed">
    <Counters total="5" executed="5" passed="5" error="0" failed="0" timeout="0" aborted="0" inconclusive="0" passedButRunAborted="0" notRunnable="0" notExecuted="0" disconnected="0" warning="0" completed="0" inProgress="0" pending="0" />
    <ResultFiles>
      <ResultFile path="E4LJBSL3AUMKO\data.coverage" />
    </ResultFiles>
  </ResultSummary>
  <TestDefinitions>
    <UnitTest name="TestRandomNumberIsGeneratedInTheBeginning" storage="c:\users\prabhu.e4ljbsl3aumko\dropbox\tdd_dot_net\oct_2015\day01\guessinggametest\bin\debug\guessinggametest.dll" id="1a1c144d-ce73-aa9b-570a-49bad93ff6fa">
      <Execution id="2f75a8e6-2d86-4929-a554-05d59db542a2" />
      <TestMethod codeBase="C:/Users/prabhu.E4LJBSL3AUMKO/Dropbox/TDD_Dot_NET/Oct_2015/Day01/GuessingGameTest/bin/Debug/GuessingGameTest.DLL" adapterTypeName="Microsoft.VisualStudio.TestTools.TestTypes.Unit.UnitTestAdapter, Microsoft.VisualStudio.QualityTools.Tips.UnitTest.Adapter, Version=10.0.0.0, Culture=neutral, PublicKeyToken=b03f5f7f11d50a3a" className="GuessingGameTest.GameTest, GuessingGameTest, Version=1.0.0.0, Culture=neutral, PublicKeyToken=null" name="TestRandomNumberIsGeneratedInTheBeginning" />
    </UnitTest>
    <UnitTest name="TestAimHigher" storage="c:\users\prabhu.e4ljbsl3aumko\dropbox\tdd_dot_net\oct_2015\day01\guessinggametest\bin\debug\guessinggametest.dll" id="ceb44132-f167-0714-303f-b1094fb0239e">
      <Execution id="4cd9f40b-e7ed-4bd0-9179-985dc9329d23" />
      <TestMethod codeBase="C:/Users/prabhu.E4LJBSL3AUMKO/Dropbox/TDD_Dot_NET/Oct_2015/Day01/GuessingGameTest/bin/Debug/GuessingGameTest.DLL" adapterTypeName="Microsoft.VisualStudio.TestTools.TestTypes.Unit.UnitTestAdapter, Microsoft.VisualStudio.QualityTools.Tips.UnitTest.Adapter, Version=10.0.0.0, Culture=neutral, PublicKeyToken=b03f5f7f11d50a3a" className="GuessingGameTest.GameTest, GuessingGameTest, Version=1.0.0.0, Culture=neutral, PublicKeyToken=null" name="TestAimHigher" />
    </UnitTest>
    <UnitTest name="TestSetUp" storage="c:\users\prabhu.e4ljbsl3aumko\dropbox\tdd_dot_net\oct_2015\day01\guessinggametest\bin\debug\guessinggametest.dll" id="11253453-90e8-6ca1-392d-2547973a3227">
      <Execution id="277cea4d-6c6c-4727-86cd-96b2a1fe3eb5" />
      <TestMethod codeBase="C:/Users/prabhu.E4LJBSL3AUMKO/Dropbox/TDD_Dot_NET/Oct_2015/Day01/GuessingGameTest/bin/Debug/GuessingGameTest.DLL" adapterTypeName="Microsoft.VisualStudio.TestTools.TestTypes.Unit.UnitTestAdapter, Microsoft.VisualStudio.QualityTools.Tips.UnitTest.Adapter, Version=10.0.0.0, Culture=neutral, PublicKeyToken=b03f5f7f11d50a3a" className="GuessingGameTest.GameTest, GuessingGameTest, Version=1.0.0.0, Culture=neutral, PublicKeyToken=null" name="TestSetUp" />
    </UnitTest>
    <UnitTest name="TestAttemptsToBe0InTheBeginning" storage="c:\users\prabhu.e4ljbsl3aumko\dropbox\tdd_dot_net\oct_2015\day01\guessinggametest\bin\debug\guessinggametest.dll" id="fcc68d57-966b-cdc0-85b4-f08f288561ba">
      <Execution id="404e2c52-1956-4676-8e41-8fdfc158dca2" />
      <TestMethod codeBase="C:/Users/prabhu.E4LJBSL3AUMKO/Dropbox/TDD_Dot_NET/Oct_2015/Day01/GuessingGameTest/bin/Debug/GuessingGameTest.DLL" adapterTypeName="Microsoft.VisualStudio.TestTools.TestTypes.Unit.UnitTestAdapter, Microsoft.VisualStudio.QualityTools.Tips.UnitTest.Adapter, Version=10.0.0.0, Culture=neutral, PublicKeyToken=b03f5f7f11d50a3a" className="GuessingGameTest.GameTest, GuessingGameTest, Version=1.0.0.0, Culture=neutral, PublicKeyToken=null" name="TestAttemptsToBe0InTheBeginning" />
    </UnitTest>
    <UnitTest name="TestMessageToBeNullInTheBeginning" storage="c:\users\prabhu.e4ljbsl3aumko\dropbox\tdd_dot_net\oct_2015\day01\guessinggametest\bin\debug\guessinggametest.dll" id="05bdf578-6d83-1759-a4fc-8a1031728afb">
      <Execution id="bf6ad597-5ee6-49cc-a73d-81f406cc1963" />
      <TestMethod codeBase="C:/Users/prabhu.E4LJBSL3AUMKO/Dropbox/TDD_Dot_NET/Oct_2015/Day01/GuessingGameTest/bin/Debug/GuessingGameTest.DLL" adapterTypeName="Microsoft.VisualStudio.TestTools.TestTypes.Unit.UnitTestAdapter, Microsoft.VisualStudio.QualityTools.Tips.UnitTest.Adapter, Version=10.0.0.0, Culture=neutral, PublicKeyToken=b03f5f7f11d50a3a" className="GuessingGameTest.GameTest, GuessingGameTest, Version=1.0.0.0, Culture=neutral, PublicKeyToken=null" name="TestMessageToBeNullInTheBeginning" />
    </UnitTest>
  </TestDefinitions>
  <TestLists>
    <TestList name="Results Not in a List" id="8c84fa94-04c1-424b-9868-57a2d4851a1d" />
    <TestList name="All Loaded Results" id="19431567-8539-422a-85d7-44ee4e166bda" />
  </TestLists>
  <TestEntries>
    <TestEntry testId="11253453-90e8-6ca1-392d-2547973a3227" executionId="277cea4d-6c6c-4727-86cd-96b2a1fe3eb5" testListId="8c84fa94-04c1-424b-9868-57a2d4851a1d" />
    <TestEntry testId="1a1c144d-ce73-aa9b-570a-49bad93ff6fa" executionId="2f75a8e6-2d86-4929-a554-05d59db542a2" testListId="8c84fa94-04c1-424b-9868-57a2d4851a1d" />
    <TestEntry testId="fcc68d57-966b-cdc0-85b4-f08f288561ba" executionId="404e2c52-1956-4676-8e41-8fdfc158dca2" testListId="8c84fa94-04c1-424b-9868-57a2d4851a1d" />
    <TestEntry testId="05bdf578-6d83-1759-a4fc-8a1031728afb" executionId="bf6ad597-5ee6-49cc-a73d-81f406cc1963" testListId="8c84fa94-04c1-424b-9868-57a2d4851a1d" />
    <TestEntry testId="ceb44132-f167-0714-303f-b1094fb0239e" executionId="4cd9f40b-e7ed-4bd0-9179-985dc9329d23" testListId="8c84fa94-04c1-424b-9868-57a2d4851a1d" />
  </TestEntries>
  <Results>
    <UnitTestResult executionId="277cea4d-6c6c-4727-86cd-96b2a1fe3eb5" testId="11253453-90e8-6ca1-392d-2547973a3227" testName="TestSetUp" computerName="E4LJBSL3AUMKO" duration="00:00:00.0154814" startTime="2015-10-06T16:12:11.6681965+05:30" endTime="2015-10-06T16:12:11.9462124+05:30" testType="13cdc9d9-ddb5-4fa4-a97d-d965ccfc6d4b" outcome="Passed" testListId="8c84fa94-04c1-424b-9868-57a2d4851a1d" relativeResultsDirectory="277cea4d-6c6c-4727-86cd-96b2a1fe3eb5">
    </UnitTestResult>
    <UnitTestResult executionId="2f75a8e6-2d86-4929-a554-05d59db542a2" testId="1a1c144d-ce73-aa9b-570a-49bad93ff6fa" testName="TestRandomNumberIsGeneratedInTheBeginning" computerName="E4LJBSL3AUMKO" duration="00:00:00.0065563" startTime="2015-10-06T16:12:11.9492125+05:30" endTime="2015-10-06T16:12:11.9592131+05:30" testType="13cdc9d9-ddb5-4fa4-a97d-d965ccfc6d4b" outcome="Passed" testListId="8c84fa94-04c1-424b-9868-57a2d4851a1d" relativeResultsDirectory="2f75a8e6-2d86-4929-a554-05d59db542a2">
    </UnitTestResult>
    <UnitTestResult executionId="404e2c52-1956-4676-8e41-8fdfc158dca2" testId="fcc68d57-966b-cdc0-85b4-f08f288561ba" testName="TestAttemptsToBe0InTheBeginning" computerName="E4LJBSL3AUMKO" duration="00:00:00.0003165" startTime="2015-10-06T16:12:11.9672136+05:30" endTime="2015-10-06T16:12:11.9792142+05:30" testType="13cdc9d9-ddb5-4fa4-a97d-d965ccfc6d4b" outcome="Passed" testListId="8c84fa94-04c1-424b-9868-57a2d4851a1d" relativeResultsDirectory="404e2c52-1956-4676-8e41-8fdfc158dca2">
    </UnitTestResult>
    <UnitTestResult executionId="bf6ad597-5ee6-49cc-a73d-81f406cc1963" testId="05bdf578-6d83-1759-a4fc-8a1031728afb" testName="TestMessageToBeNullInTheBeginning" computerName="E4LJBSL3AUMKO" duration="00:00:00.0041124" startTime="2015-10-06T16:12:11.9822144+05:30" endTime="2015-10-06T16:12:11.9902149+05:30" testType="13cdc9d9-ddb5-4fa4-a97d-d965ccfc6d4b" outcome="Passed" testListId="8c84fa94-04c1-424b-9868-57a2d4851a1d" relativeResultsDirectory="bf6ad597-5ee6-49cc-a73d-81f406cc1963">
    </UnitTestResult>
    <UnitTestResult executionId="4cd9f40b-e7ed-4bd0-9179-985dc9329d23" testId="ceb44132-f167-0714-303f-b1094fb0239e" testName="TestAimHigher" computerName="E4LJBSL3AUMKO" duration="00:00:00.0005484" startTime="2015-10-06T16:12:11.9942151+05:30" endTime="2015-10-06T16:12:11.9992154+05:30" testType="13cdc9d9-ddb5-4fa4-a97d-d965ccfc6d4b" outcome="Passed" testListId="8c84fa94-04c1-424b-9868-57a2d4851a1d" relativeResultsDirectory="4cd9f40b-e7ed-4bd0-9179-985dc9329d23">
    </UnitTestResult>
  </Results>
</TestRun>