<?xml version="1.0" encoding="UTF-8"?>
<TestRun id="47572eb4-76b5-4408-919d-b701868dcb16" name="prabhu@E4LJBSL3AUMKO 2015-10-06 16:25:53" runUser="E4LJBSL3AUMKO\prabhu" xmlns="http://microsoft.com/schemas/VisualStudio/TeamTest/2010">
  <TestSettings name="Local" id="9ad66556-e6a8-4430-a7ec-98e16b258229">
    <Description>These are default test settings for a local test run.</Description>
    <Deployment runDeploymentRoot="prabhu_E4LJBSL3AUMKO 2015-10-06 16_25_53">
      <DeploymentItem filename="C:\Users\prabhu.E4LJBSL3AUMKO\Dropbox\TDD_Dot_NET\Oct_2015\Day01\GuessingGameLib\bin\Debug\GuessingGameLib.dll" />
    </Deployment>
    <Execution>
      <TestTypeSpecific>
        <UnitTestRunConfig testTypeId="13cdc9d9-ddb5-4fa4-a97d-d965ccfc6d4b">
          <AssemblyResolution>
            <TestDirectory useLoadContext="true" />
          </AssemblyResolution>
        </UnitTestRunConfig>
        <WebTestRunConfiguration testTypeId="4e7599fa-5ecb-43e9-a887-cd63cf72d207">
          <Browser name="Internet Explorer 7.0">
            <Headers>
              <Header name="User-Agent" value="Mozilla/4.0 (compatible; MSIE 7.0; Windows NT 5.1)" />
              <Header name="Accept" value="*/*" />
              <Header name="Accept-Language" value="{{$IEAcceptLanguage}}" />
              <Header name="Accept-Encoding" value="GZIP" />
            </Headers>
          </Browser>
        </WebTestRunConfiguration>
      </TestTypeSpecific>
      <AgentRule name="LocalMachineDefaultRole">
        <DataCollectors>
          <DataCollector uri="datacollector://microsoft/CodeCoverage/1.0" assemblyQualifiedName="Microsoft.VisualStudio.TestTools.CodeCoverage.CoveragePlugIn, Microsoft.VisualStudio.QualityTools.Plugins.CodeCoverage, Version=10.0.0.0, Culture=neutral, PublicKeyToken=b03f5f7f11d50a3a" friendlyName="Code Coverage">
            <Configuration>
              <CodeCoverage xmlns="">
                <Regular>
                  <CodeCoverageItem binaryFile="C:\Users\prabhu.E4LJBSL3AUMKO\Dropbox\TDD_Dot_NET\Oct_2015\Day01\NumberEngineLib\bin\Debug\NumberEngineLib.dll" pdbFile="C:\Users\prabhu.E4LJBSL3AUMKO\Dropbox\TDD_Dot_NET\Oct_2015\Day01\NumberEngineLib\bin\Debug\NumberEngineLib.instr.pdb" instrumentInPlace="true" />
                </Regular>
              </CodeCoverage>
            </Configuration>
          </DataCollector>
        </DataCollectors>
      </AgentRule>
    </Execution>
  </TestSettings>
  <Times creation="2015-10-06T16:25:53.2921907+05:30" queuing="2015-10-06T16:25:53.9642291+05:30" start="2015-10-06T16:25:54.1102374+05:30" finish="2015-10-06T16:25:57.3564231+05:30" />
  <ResultSummary outcome="Completed">
    <Counters total="15" executed="15" passed="15" error="0" failed="0" timeout="0" aborted="0" inconclusive="0" passedButRunAborted="0" notRunnable="0" notExecuted="0" disconnected="0" warning="0" completed="0" inProgress="0" pending="0" />
    <ResultFiles>
      <ResultFile path="E4LJBSL3AUMKO\data.coverage" />
    </ResultFiles>
  </ResultSummary>
  <TestDefinitions>
    <UnitTest name="TestRecheckMessageForANewGame" storage="c:\users\prabhu.e4ljbsl3aumko\dropbox\tdd_dot_net\oct_2015\day01\guessinggametest\bin\debug\guessinggametest.dll" id="14989ee5-f920-4cba-5464-815fc8d69ce4">
      <Execution id="8d721321-d466-4b80-8430-6b3eee553931" />
      <TestMethod codeBase="C:/Users/prabhu.E4LJBSL3AUMKO/Dropbox/TDD_Dot_NET/Oct_2015/Day01/GuessingGameTest/bin/Debug/GuessingGameTest.DLL" adapterTypeName="Microsoft.VisualStudio.TestTools.TestTypes.Unit.UnitTestAdapter, Microsoft.VisualStudio.QualityTools.Tips.UnitTest.Adapter, Version=10.0.0.0, Culture=neutral, PublicKeyToken=b03f5f7f11d50a3a" className="GuessingGameTest.GameTest, GuessingGameTest, Version=1.0.0.0, Culture=neutral, PublicKeyToken=null" name="TestRecheckMessageForANewGame" />
    </UnitTest>
    <UnitTest name="TestYouHaveGotIt" storage="c:\users\prabhu.e4ljbsl3aumko\dropbox\tdd_dot_net\oct_2015\day01\guessinggametest\bin\debug\guessinggametest.dll" id="82b5fb27-e007-2126-2427-9ad63de48e6a">
      <Execution id="9e84add2-9cee-4dfa-9c30-fed975f6bc74" />
      <TestMethod codeBase="C:/Users/prabhu.E4LJBSL3AUMKO/Dropbox/TDD_Dot_NET/Oct_2015/Day01/GuessingGameTest/bin/Debug/GuessingGameTest.DLL" adapterTypeName="Microsoft.VisualStudio.TestTools.TestTypes.Unit.UnitTestAdapter, Microsoft.VisualStudio.QualityTools.Tips.UnitTest.Adapter, Version=10.0.0.0, Culture=neutral, PublicKeyToken=b03f5f7f11d50a3a" className="GuessingGameTest.GameTest, GuessingGameTest, Version=1.0.0.0, Culture=neutral, PublicKeyToken=null" name="TestYouHaveGotIt" />
    </UnitTest>
    <UnitTest name="TestRecheckAttemptsForANewGame" storage="c:\users\prabhu.e4ljbsl3aumko\dropbox\tdd_dot_net\oct_2015\day01\guessinggametest\bin\debug\guessinggametest.dll" id="2c41f2d0-09ea-b0b6-73bf-e7ef8d1c3ed7">
      <Execution id="6c72483e-3b41-4c07-b2b5-502c80a4c2e8" />
      <TestMethod codeBase="C:/Users/prabhu.E4LJBSL3AUMKO/Dropbox/TDD_Dot_NET/Oct_2015/Day01/GuessingGameTest/bin/Debug/GuessingGameTest.DLL" adapterTypeName="Microsoft.VisualStudio.TestTools.TestTypes.Unit.UnitTestAdapter, Microsoft.VisualStudio.QualityTools.Tips.UnitTest.Adapter, Version=10.0.0.0, Culture=neutral, PublicKeyToken=b03f5f7f11d50a3a" className="GuessingGameTest.GameTest, GuessingGameTest, Version=1.0.0.0, Culture=neutral, PublicKeyToken=null" name="TestRecheckAttemptsForANewGame" />
    </UnitTest>
    <UnitTest name="TestRecheckTargetForANewGame" storage="c:\users\prabhu.e4ljbsl3aumko\dropbox\tdd_dot_net\oct_2015\day01\guessinggametest\bin\debug\guessinggametest.dll" id="00193f25-a6a9-b907-11b9-1ed9b64c0056">
      <Execution id="b3d0f474-0912-4481-a4a3-c1790d3df853" />
      <TestMethod codeBase="C:/Users/prabhu.E4LJBSL3AUMKO/Dropbox/TDD_Dot_NET/Oct_2015/Day01/GuessingGameTest/bin/Debug/GuessingGameTest.DLL" adapterTypeName="Microsoft.VisualStudio.TestTools.TestTypes.Unit.UnitTestAdapter, Microsoft.VisualStudio.QualityTools.Tips.UnitTest.Adapter, Version=10.0.0.0, Culture=neutral, PublicKeyToken=b03f5f7f11d50a3a" className="GuessingGameTest.GameTest, GuessingGameTest, Version=1.0.0.0, Culture=neutral, PublicKeyToken=null" name="TestRecheckTargetForANewGame" />
    </UnitTest>
    <UnitTest name="TestRandomNumberIsGeneratedInTheBeginning" storage="c:\users\prabhu.e4ljbsl3aumko\dropbox\tdd_dot_net\oct_2015\day01\guessinggametest\bin\debug\guessinggametest.dll" id="1a1c144d-ce73-aa9b-570a-49bad93ff6fa">
      <Execution id="4b80e8ff-9e3c-461c-ba69-a0a85cb054dc" />
      <TestMethod codeBase="C:/Users/prabhu.E4LJBSL3AUMKO/Dropbox/TDD_Dot_NET/Oct_2015/Day01/GuessingGameTest/bin/Debug/GuessingGameTest.DLL" adapterTypeName="Microsoft.VisualStudio.TestTools.TestTypes.Unit.UnitTestAdapter, Microsoft.VisualStudio.QualityTools.Tips.UnitTest.Adapter, Version=10.0.0.0, Culture=neutral, PublicKeyToken=b03f5f7f11d50a3a" className="GuessingGameTest.GameTest, GuessingGameTest, Version=1.0.0.0, Culture=neutral, PublicKeyToken=null" name="TestRandomNumberIsGeneratedInTheBeginning" />
    </UnitTest>
    <UnitTest name="TestPromptToPlayANewGame" storage="c:\users\prabhu.e4ljbsl3aumko\dropbox\tdd_dot_net\oct_2015\day01\guessinggametest\bin\debug\guessinggametest.dll" id="2a2b8345-fe8d-b0d8-2cce-5d11b1338f45">
      <Execution id="e03d8bdf-1721-468b-802a-e931816ffb46" />
      <TestMethod codeBase="C:/Users/prabhu.E4LJBSL3AUMKO/Dropbox/TDD_Dot_NET/Oct_2015/Day01/GuessingGameTest/bin/Debug/GuessingGameTest.DLL" adapterTypeName="Microsoft.VisualStudio.TestTools.TestTypes.Unit.UnitTestAdapter, Microsoft.VisualStudio.QualityTools.Tips.UnitTest.Adapter, Version=10.0.0.0, Culture=neutral, PublicKeyToken=b03f5f7f11d50a3a" className="GuessingGameTest.GameTest, GuessingGameTest, Version=1.0.0.0, Culture=neutral, PublicKeyToken=null" name="TestPromptToPlayANewGame" />
    </UnitTest>
    <UnitTest name="TestInvalidInput" storage="c:\users\prabhu.e4ljbsl3aumko\dropbox\tdd_dot_net\oct_2015\day01\guessinggametest\bin\debug\guessinggametest.dll" id="77d43181-15d8-b97d-99c1-c41ccb8a1638">
      <Execution id="684bda53-4cba-4002-8e40-418671b714c9" />
      <TestMethod codeBase="C:/Users/prabhu.E4LJBSL3AUMKO/Dropbox/TDD_Dot_NET/Oct_2015/Day01/GuessingGameTest/bin/Debug/GuessingGameTest.DLL" adapterTypeName="Microsoft.VisualStudio.TestTools.TestTypes.Unit.UnitTestAdapter, Microsoft.VisualStudio.QualityTools.Tips.UnitTest.Adapter, Version=10.0.0.0, Culture=neutral, PublicKeyToken=b03f5f7f11d50a3a" className="GuessingGameTest.GameTest, GuessingGameTest, Version=1.0.0.0, Culture=neutral, PublicKeyToken=null" name="TestInvalidInput" />
    </UnitTest>
    <UnitTest name="TestAimHigher" storage="c:\users\prabhu.e4ljbsl3aumko\dropbox\tdd_dot_net\oct_2015\day01\guessinggametest\bin\debug\guessinggametest.dll" id="ceb44132-f167-0714-303f-b1094fb0239e">
      <Execution id="97b6a359-5e3d-445e-8222-aa9ca2cfc4a7" />
      <TestMethod codeBase="C:/Users/prabhu.E4LJBSL3AUMKO/Dropbox/TDD_Dot_NET/Oct_2015/Day01/GuessingGameTest/bin/Debug/GuessingGameTest.DLL" adapterTypeName="Microsoft.VisualStudio.TestTools.TestTypes.Unit.UnitTestAdapter, Microsoft.VisualStudio.QualityTools.Tips.UnitTest.Adapter, Version=10.0.0.0, Culture=neutral, PublicKeyToken=b03f5f7f11d50a3a" className="GuessingGameTest.GameTest, GuessingGameTest, Version=1.0.0.0, Culture=neutral, PublicKeyToken=null" name="TestAimHigher" />
    </UnitTest>
    <UnitTest name="TestPlayGameAfterItIsOver" storage="c:\users\prabhu.e4ljbsl3aumko\dropbox\tdd_dot_net\oct_2015\day01\guessinggametest\bin\debug\guessinggametest.dll" id="f9df3825-19bf-bb57-b484-2e9d65882f4b">
      <Execution id="76e17075-8648-4585-9f2c-092a1d4a3322" />
      <TestMethod codeBase="C:/Users/prabhu.E4LJBSL3AUMKO/Dropbox/TDD_Dot_NET/Oct_2015/Day01/GuessingGameTest/bin/Debug/GuessingGameTest.DLL" adapterTypeName="Microsoft.VisualStudio.TestTools.TestTypes.Unit.UnitTestAdapter, Microsoft.VisualStudio.QualityTools.Tips.UnitTest.Adapter, Version=10.0.0.0, Culture=neutral, PublicKeyToken=b03f5f7f11d50a3a" className="GuessingGameTest.GameTest, GuessingGameTest, Version=1.0.0.0, Culture=neutral, PublicKeyToken=null" name="TestPlayGameAfterItIsOver" />
    </UnitTest>
    <UnitTest name="TestGameOverInTheBeginning" storage="c:\users\prabhu.e4ljbsl3aumko\dropbox\tdd_dot_net\oct_2015\day01\guessinggametest\bin\debug\guessinggametest.dll" id="d333fb74-d101-998c-99ac-1cde3db19dde">
      <Execution id="881aa58e-5075-465b-a1b4-ca16134ad1d1" />
      <TestMethod codeBase="C:/Users/prabhu.E4LJBSL3AUMKO/Dropbox/TDD_Dot_NET/Oct_2015/Day01/GuessingGameTest/bin/Debug/GuessingGameTest.DLL" adapterTypeName="Microsoft.VisualStudio.TestTools.TestTypes.Unit.UnitTestAdapter, Microsoft.VisualStudio.QualityTools.Tips.UnitTest.Adapter, Version=10.0.0.0, Culture=neutral, PublicKeyToken=b03f5f7f11d50a3a" className="GuessingGameTest.GameTest, GuessingGameTest, Version=1.0.0.0, Culture=neutral, PublicKeyToken=null" name="TestGameOverInTheBeginning" />
    </UnitTest>
    <UnitTest name="TestAimLower" storage="c:\users\prabhu.e4ljbsl3aumko\dropbox\tdd_dot_net\oct_2015\day01\guessinggametest\bin\debug\guessinggametest.dll" id="b7d9ed4e-6982-6de5-6f20-55251a5ee62a">
      <Execution id="2f677a43-c3b2-411d-864c-87fe6acb7a11" />
      <TestMethod codeBase="C:/Users/prabhu.E4LJBSL3AUMKO/Dropbox/TDD_Dot_NET/Oct_2015/Day01/GuessingGameTest/bin/Debug/GuessingGameTest.DLL" adapterTypeName="Microsoft.VisualStudio.TestTools.TestTypes.Unit.UnitTestAdapter, Microsoft.VisualStudio.QualityTools.Tips.UnitTest.Adapter, Version=10.0.0.0, Culture=neutral, PublicKeyToken=b03f5f7f11d50a3a" className="GuessingGameTest.GameTest, GuessingGameTest, Version=1.0.0.0, Culture=neutral, PublicKeyToken=null" name="TestAimLower" />
    </UnitTest>
    <UnitTest name="TestSetUp" storage="c:\users\prabhu.e4ljbsl3aumko\dropbox\tdd_dot_net\oct_2015\day01\guessinggametest\bin\debug\guessinggametest.dll" id="11253453-90e8-6ca1-392d-2547973a3227">
      <Execution id="2c45476a-c873-4e00-b397-3dc4b1b5d9fc" />
      <TestMethod codeBase="C:/Users/prabhu.E4LJBSL3AUMKO/Dropbox/TDD_Dot_NET/Oct_2015/Day01/GuessingGameTest/bin/Debug/GuessingGameTest.DLL" adapterTypeName="Microsoft.VisualStudio.TestTools.TestTypes.Unit.UnitTestAdapter, Microsoft.VisualStudio.QualityTools.Tips.UnitTest.Adapter, Version=10.0.0.0, Culture=neutral, PublicKeyToken=b03f5f7f11d50a3a" className="GuessingGameTest.GameTest, GuessingGameTest, Version=1.0.0.0, Culture=neutral, PublicKeyToken=null" name="TestSetUp" />
    </UnitTest>
    <UnitTest name="TestAttemptsToBe0InTheBeginning" storage="c:\users\prabhu.e4ljbsl3aumko\dropbox\tdd_dot_net\oct_2015\day01\guessinggametest\bin\debug\guessinggametest.dll" id="fcc68d57-966b-cdc0-85b4-f08f288561ba">
      <Execution id="868e9572-c669-45ee-8333-a6e1c4b4635e" />
      <TestMethod codeBase="C:/Users/prabhu.E4LJBSL3AUMKO/Dropbox/TDD_Dot_NET/Oct_2015/Day01/GuessingGameTest/bin/Debug/GuessingGameTest.DLL" adapterTypeName="Microsoft.VisualStudio.TestTools.TestTypes.Unit.UnitTestAdapter, Microsoft.VisualStudio.QualityTools.Tips.UnitTest.Adapter, Version=10.0.0.0, Culture=neutral, PublicKeyToken=b03f5f7f11d50a3a" className="GuessingGameTest.GameTest, GuessingGameTest, Version=1.0.0.0, Culture=neutral, PublicKeyToken=null" name="TestAttemptsToBe0InTheBeginning" />
    </UnitTest>
    <UnitTest name="TestMessageToBeNullInTheBeginning" storage="c:\users\prabhu.e4ljbsl3aumko\dropbox\tdd_dot_net\oct_2015\day01\guessinggametest\bin\debug\guessinggametest.dll" id="05bdf578-6d83-1759-a4fc-8a1031728afb">
      <Execution id="39040dea-1eb6-4b0e-9c96-311ace828727" />
      <TestMethod codeBase="C:/Users/prabhu.E4LJBSL3AUMKO/Dropbox/TDD_Dot_NET/Oct_2015/Day01/GuessingGameTest/bin/Debug/GuessingGameTest.DLL" adapterTypeName="Microsoft.VisualStudio.TestTools.TestTypes.Unit.UnitTestAdapter, Microsoft.VisualStudio.QualityTools.Tips.UnitTest.Adapter, Version=10.0.0.0, Culture=neutral, PublicKeyToken=b03f5f7f11d50a3a" className="GuessingGameTest.GameTest, GuessingGameTest, Version=1.0.0.0, Culture=neutral, PublicKeyToken=null" name="TestMessageToBeNullInTheBeginning" />
    </UnitTest>
    <UnitTest name="TestAttempts" storage="c:\users\prabhu.e4ljbsl3aumko\dropbox\tdd_dot_net\oct_2015\day01\guessinggametest\bin\debug\guessinggametest.dll" id="ba3762ce-ee2e-7e82-7a8e-6f0cbfc87847">
      <Execution id="8e27df79-29d4-45f9-b80b-d5fc4161723d" />
      <TestMethod codeBase="C:/Users/prabhu.E4LJBSL3AUMKO/Dropbox/TDD_Dot_NET/Oct_2015/Day01/GuessingGameTest/bin/Debug/GuessingGameTest.DLL" adapterTypeName="Microsoft.VisualStudio.TestTools.TestTypes.Unit.UnitTestAdapter, Microsoft.VisualStudio.QualityTools.Tips.UnitTest.Adapter, Version=10.0.0.0, Culture=neutral, PublicKeyToken=b03f5f7f11d50a3a" className="GuessingGameTest.GameTest, GuessingGameTest, Version=1.0.0.0, Culture=neutral, PublicKeyToken=null" name="TestAttempts" />
    </UnitTest>
  </TestDefinitions>
  <TestLists>
    <TestList name="Results Not in a List" id="8c84fa94-04c1-424b-9868-57a2d4851a1d" />
    <TestList name="All Loaded Results" id="19431567-8539-422a-85d7-44ee4e166bda" />
  </TestLists>
  <TestEntries>
    <TestEntry testId="11253453-90e8-6ca1-392d-2547973a3227" executionId="2c45476a-c873-4e00-b397-3dc4b1b5d9fc" testListId="8c84fa94-04c1-424b-9868-57a2d4851a1d" />
    <TestEntry testId="1a1c144d-ce73-aa9b-570a-49bad93ff6fa" executionId="4b80e8ff-9e3c-461c-ba69-a0a85cb054dc" testListId="8c84fa94-04c1-424b-9868-57a2d4851a1d" />
    <TestEntry testId="fcc68d57-966b-cdc0-85b4-f08f288561ba" executionId="868e9572-c669-45ee-8333-a6e1c4b4635e" testListId="8c84fa94-04c1-424b-9868-57a2d4851a1d" />
    <TestEntry testId="05bdf578-6d83-1759-a4fc-8a1031728afb" executionId="39040dea-1eb6-4b0e-9c96-311ace828727" testListId="8c84fa94-04c1-424b-9868-57a2d4851a1d" />
    <TestEntry testId="ceb44132-f167-0714-303f-b1094fb0239e" executionId="97b6a359-5e3d-445e-8222-aa9ca2cfc4a7" testListId="8c84fa94-04c1-424b-9868-57a2d4851a1d" />
    <TestEntry testId="b7d9ed4e-6982-6de5-6f20-55251a5ee62a" executionId="2f677a43-c3b2-411d-864c-87fe6acb7a11" testListId="8c84fa94-04c1-424b-9868-57a2d4851a1d" />
    <TestEntry testId="82b5fb27-e007-2126-2427-9ad63de48e6a" executionId="9e84add2-9cee-4dfa-9c30-fed975f6bc74" testListId="8c84fa94-04c1-424b-9868-57a2d4851a1d" />
    <TestEntry testId="ba3762ce-ee2e-7e82-7a8e-6f0cbfc87847" executionId="8e27df79-29d4-45f9-b80b-d5fc4161723d" testListId="8c84fa94-04c1-424b-9868-57a2d4851a1d" />
    <TestEntry testId="77d43181-15d8-b97d-99c1-c41ccb8a1638" executionId="684bda53-4cba-4002-8e40-418671b714c9" testListId="8c84fa94-04c1-424b-9868-57a2d4851a1d" />
    <TestEntry testId="f9df3825-19bf-bb57-b484-2e9d65882f4b" executionId="76e17075-8648-4585-9f2c-092a1d4a3322" testListId="8c84fa94-04c1-424b-9868-57a2d4851a1d" />
    <TestEntry testId="d333fb74-d101-998c-99ac-1cde3db19dde" executionId="881aa58e-5075-465b-a1b4-ca16134ad1d1" testListId="8c84fa94-04c1-424b-9868-57a2d4851a1d" />
    <TestEntry testId="2a2b8345-fe8d-b0d8-2cce-5d11b1338f45" executionId="e03d8bdf-1721-468b-802a-e931816ffb46" testListId="8c84fa94-04c1-424b-9868-57a2d4851a1d" />
    <TestEntry testId="2c41f2d0-09ea-b0b6-73bf-e7ef8d1c3ed7" executionId="6c72483e-3b41-4c07-b2b5-502c80a4c2e8" testListId="8c84fa94-04c1-424b-9868-57a2d4851a1d" />
    <TestEntry testId="14989ee5-f920-4cba-5464-815fc8d69ce4" executionId="8d721321-d466-4b80-8430-6b3eee553931" testListId="8c84fa94-04c1-424b-9868-57a2d4851a1d" />
    <TestEntry testId="00193f25-a6a9-b907-11b9-1ed9b64c0056" executionId="b3d0f474-0912-4481-a4a3-c1790d3df853" testListId="8c84fa94-04c1-424b-9868-57a2d4851a1d" />
  </TestEntries>
  <Results>
    <UnitTestResult executionId="2c45476a-c873-4e00-b397-3dc4b1b5d9fc" testId="11253453-90e8-6ca1-392d-2547973a3227" testName="TestSetUp" computerName="E4LJBSL3AUMKO" duration="00:00:00.0143726" startTime="2015-10-06T16:25:55.4033114+05:30" endTime="2015-10-06T16:25:55.7373305+05:30" testType="13cdc9d9-ddb5-4fa4-a97d-d965ccfc6d4b" outcome="Passed" testListId="8c84fa94-04c1-424b-9868-57a2d4851a1d" relativeResultsDirectory="2c45476a-c873-4e00-b397-3dc4b1b5d9fc">
    </UnitTestResult>
    <UnitTestResult executionId="4b80e8ff-9e3c-461c-ba69-a0a85cb054dc" testId="1a1c144d-ce73-aa9b-570a-49bad93ff6fa" testName="TestRandomNumberIsGeneratedInTheBeginning" computerName="E4LJBSL3AUMKO" duration="00:00:00.0003935" startTime="2015-10-06T16:25:55.7403307+05:30" endTime="2015-10-06T16:25:55.7513313+05:30" testType="13cdc9d9-ddb5-4fa4-a97d-d965ccfc6d4b" outcome="Passed" testListId="8c84fa94-04c1-424b-9868-57a2d4851a1d" relativeResultsDirectory="4b80e8ff-9e3c-461c-ba69-a0a85cb054dc">
    </UnitTestResult>
    <UnitTestResult executionId="868e9572-c669-45ee-8333-a6e1c4b4635e" testId="fcc68d57-966b-cdc0-85b4-f08f288561ba" testName="TestAttemptsToBe0InTheBeginning" computerName="E4LJBSL3AUMKO" duration="00:00:00.0003048" startTime="2015-10-06T16:25:55.7543315+05:30" endTime="2015-10-06T16:25:55.7593318+05:30" testType="13cdc9d9-ddb5-4fa4-a97d-d965ccfc6d4b" outcome="Passed" testListId="8c84fa94-04c1-424b-9868-57a2d4851a1d" relativeResultsDirectory="868e9572-c669-45ee-8333-a6e1c4b4635e">
    </UnitTestResult>
    <UnitTestResult executionId="39040dea-1eb6-4b0e-9c96-311ace828727" testId="05bdf578-6d83-1759-a4fc-8a1031728afb" testName="TestMessageToBeNullInTheBeginning" computerName="E4LJBSL3AUMKO" duration="00:00:00.0003020" startTime="2015-10-06T16:25:55.7623319+05:30" endTime="2015-10-06T16:25:55.7683323+05:30" testType="13cdc9d9-ddb5-4fa4-a97d-d965ccfc6d4b" outcome="Passed" testListId="8c84fa94-04c1-424b-9868-57a2d4851a1d" relativeResultsDirectory="39040dea-1eb6-4b0e-9c96-311ace828727">
    </UnitTestResult>
    <UnitTestResult executionId="97b6a359-5e3d-445e-8222-aa9ca2cfc4a7" testId="ceb44132-f167-0714-303f-b1094fb0239e" testName="TestAimHigher" computerName="E4LJBSL3AUMKO" duration="00:00:00.0013795" startTime="2015-10-06T16:25:55.7743326+05:30" endTime="2015-10-06T16:25:55.7793329+05:30" testType="13cdc9d9-ddb5-4fa4-a97d-d965ccfc6d4b" outcome="Passed" testListId="8c84fa94-04c1-424b-9868-57a2d4851a1d" relativeResultsDirectory="97b6a359-5e3d-445e-8222-aa9ca2cfc4a7">
    </UnitTestResult>
    <UnitTestResult executionId="2f677a43-c3b2-411d-864c-87fe6acb7a11" testId="b7d9ed4e-6982-6de5-6f20-55251a5ee62a" testName="TestAimLower" computerName="E4LJBSL3AUMKO" duration="00:00:00.0002934" startTime="2015-10-06T16:25:55.7813330+05:30" endTime="2015-10-06T16:25:55.7863333+05:30" testType="13cdc9d9-ddb5-4fa4-a97d-d965ccfc6d4b" outcome="Passed" testListId="8c84fa94-04c1-424b-9868-57a2d4851a1d" relativeResultsDirectory="2f677a43-c3b2-411d-864c-87fe6acb7a11">
    </UnitTestResult>
    <UnitTestResult executionId="9e84add2-9cee-4dfa-9c30-fed975f6bc74" testId="82b5fb27-e007-2126-2427-9ad63de48e6a" testName="TestYouHaveGotIt" computerName="E4LJBSL3AUMKO" duration="00:00:00.0003845" startTime="2015-10-06T16:25:55.7893335+05:30" endTime="2015-10-06T16:25:55.7973339+05:30" testType="13cdc9d9-ddb5-4fa4-a97d-d965ccfc6d4b" outcome="Passed" testListId="8c84fa94-04c1-424b-9868-57a2d4851a1d" relativeResultsDirectory="9e84add2-9cee-4dfa-9c30-fed975f6bc74">
    </UnitTestResult>
    <UnitTestResult executionId="8e27df79-29d4-45f9-b80b-d5fc4161723d" testId="ba3762ce-ee2e-7e82-7a8e-6f0cbfc87847" testName="TestAttempts" computerName="E4LJBSL3AUMKO" duration="00:00:00.0011476" startTime="2015-10-06T16:25:55.8013342+05:30" endTime="2015-10-06T16:25:55.8063345+05:30" testType="13cdc9d9-ddb5-4fa4-a97d-d965ccfc6d4b" outcome="Passed" testListId="8c84fa94-04c1-424b-9868-57a2d4851a1d" relativeResultsDirectory="8e27df79-29d4-45f9-b80b-d5fc4161723d">
    </UnitTestResult>
    <UnitTestResult executionId="684bda53-4cba-4002-8e40-418671b714c9" testId="77d43181-15d8-b97d-99c1-c41ccb8a1638" testName="TestInvalidInput" computerName="E4LJBSL3AUMKO" duration="00:00:00.0084236" startTime="2015-10-06T16:25:55.8093346+05:30" endTime="2015-10-06T16:25:55.8243355+05:30" testType="13cdc9d9-ddb5-4fa4-a97d-d965ccfc6d4b" outcome="Passed" testListId="8c84fa94-04c1-424b-9868-57a2d4851a1d" relativeResultsDirectory="684bda53-4cba-4002-8e40-418671b714c9">
    </UnitTestResult>
    <UnitTestResult executionId="76e17075-8648-4585-9f2c-092a1d4a3322" testId="f9df3825-19bf-bb57-b484-2e9d65882f4b" testName="TestPlayGameAfterItIsOver" computerName="E4LJBSL3AUMKO" duration="00:00:00.0005258" startTime="2015-10-06T16:25:55.8273357+05:30" endTime="2015-10-06T16:25:55.8313359+05:30" testType="13cdc9d9-ddb5-4fa4-a97d-d965ccfc6d4b" outcome="Passed" testListId="8c84fa94-04c1-424b-9868-57a2d4851a1d" relativeResultsDirectory="76e17075-8648-4585-9f2c-092a1d4a3322">
    </UnitTestResult>
    <UnitTestResult executionId="881aa58e-5075-465b-a1b4-ca16134ad1d1" testId="d333fb74-d101-998c-99ac-1cde3db19dde" testName="TestGameOverInTheBeginning" computerName="E4LJBSL3AUMKO" duration="00:00:00.0002246" startTime="2015-10-06T16:25:55.8333360+05:30" endTime="2015-10-06T16:25:55.8383363+05:30" testType="13cdc9d9-ddb5-4fa4-a97d-d965ccfc6d4b" outcome="Passed" testListId="8c84fa94-04c1-424b-9868-57a2d4851a1d" relativeResultsDirectory="881aa58e-5075-465b-a1b4-ca16134ad1d1">
    </UnitTestResult>
    <UnitTestResult executionId="e03d8bdf-1721-468b-802a-e931816ffb46" testId="2a2b8345-fe8d-b0d8-2cce-5d11b1338f45" testName="TestPromptToPlayANewGame" computerName="E4LJBSL3AUMKO" duration="00:00:00.0004488" startTime="2015-10-06T16:25:55.8413365+05:30" endTime="2015-10-06T16:25:55.8453367+05:30" testType="13cdc9d9-ddb5-4fa4-a97d-d965ccfc6d4b" outcome="Passed" testListId="8c84fa94-04c1-424b-9868-57a2d4851a1d" relativeResultsDirectory="e03d8bdf-1721-468b-802a-e931816ffb46">
    </UnitTestResult>
    <UnitTestResult executionId="6c72483e-3b41-4c07-b2b5-502c80a4c2e8" testId="2c41f2d0-09ea-b0b6-73bf-e7ef8d1c3ed7" testName="TestRecheckAttemptsForANewGame" computerName="E4LJBSL3AUMKO" duration="00:00:00.0003029" startTime="2015-10-06T16:25:55.8483369+05:30" endTime="2015-10-06T16:25:55.8523371+05:30" testType="13cdc9d9-ddb5-4fa4-a97d-d965ccfc6d4b" outcome="Passed" testListId="8c84fa94-04c1-424b-9868-57a2d4851a1d" relativeResultsDirectory="6c72483e-3b41-4c07-b2b5-502c80a4c2e8">
    </UnitTestResult>
    <UnitTestResult executionId="8d721321-d466-4b80-8430-6b3eee553931" testId="14989ee5-f920-4cba-5464-815fc8d69ce4" testName="TestRecheckMessageForANewGame" computerName="E4LJBSL3AUMKO" duration="00:00:00.0003428" startTime="2015-10-06T16:25:55.8533371+05:30" endTime="2015-10-06T16:25:55.8583374+05:30" testType="13cdc9d9-ddb5-4fa4-a97d-d965ccfc6d4b" outcome="Passed" testListId="8c84fa94-04c1-424b-9868-57a2d4851a1d" relativeResultsDirectory="8d721321-d466-4b80-8430-6b3eee553931">
    </UnitTestResult>
    <UnitTestResult executionId="b3d0f474-0912-4481-a4a3-c1790d3df853" testId="00193f25-a6a9-b907-11b9-1ed9b64c0056" testName="TestRecheckTargetForANewGame" computerName="E4LJBSL3AUMKO" duration="00:00:00.0003129" startTime="2015-10-06T16:25:55.8603375+05:30" endTime="2015-10-06T16:25:55.8643378+05:30" testType="13cdc9d9-ddb5-4fa4-a97d-d965ccfc6d4b" outcome="Passed" testListId="8c84fa94-04c1-424b-9868-57a2d4851a1d" relativeResultsDirectory="b3d0f474-0912-4481-a4a3-c1790d3df853">
    </UnitTestResult>
  </Results>
</TestRun>