<?xml version="1.0" encoding="UTF-8"?>
<TestRun id="b85f63ed-2214-45ef-b4d5-f2d08a1cc24c" name="prabhu@E4LJBSL3AUMKO 2015-10-06 16:23:56" runUser="E4LJBSL3AUMKO\prabhu" xmlns="http://microsoft.com/schemas/VisualStudio/TeamTest/2010">
  <TestSettings name="Local" id="9ad66556-e6a8-4430-a7ec-98e16b258229">
    <Description>These are default test settings for a local test run.</Description>
    <Deployment runDeploymentRoot="prabhu_E4LJBSL3AUMKO 2015-10-06 16_23_56">
      <DeploymentItem filename="C:\Users\prabhu.E4LJBSL3AUMKO\Dropbox\TDD_Dot_NET\Oct_2015\Day01\GuessingGameLib\bin\Debug\GuessingGameLib.dll" />
    </Deployment>
    <Execution>
      <TestTypeSpecific>
        <UnitTestRunConfig testTypeId="13cdc9d9-ddb5-4fa4-a97d-d965ccfc6d4b">
          <AssemblyResolution>
            <TestDirectory useLoadContext="true" />
          </AssemblyResolution>
        </UnitTestRunConfig>
        <WebTestRunConfiguration testTypeId="4e7599fa-5ecb-43e9-a887-cd63cf72d207">
          <Browser name="Internet Explorer 7.0">
            <Headers>
              <Header name="User-Agent" value="Mozilla/4.0 (compatible; MSIE 7.0; Windows NT 5.1)" />
              <Header name="Accept" value="*/*" />
              <Header name="Accept-Language" value="{{$IEAcceptLanguage}}" />
              <Header name="Accept-Encoding" value="GZIP" />
            </Headers>
          </Browser>
        </WebTestRunConfiguration>
      </TestTypeSpecific>
      <AgentRule name="LocalMachineDefaultRole">
        <DataCollectors>
          <DataCollector uri="datacollector://microsoft/CodeCoverage/1.0" assemblyQualifiedName="Microsoft.VisualStudio.TestTools.CodeCoverage.CoveragePlugIn, Microsoft.VisualStudio.QualityTools.Plugins.CodeCoverage, Version=10.0.0.0, Culture=neutral, PublicKeyToken=b03f5f7f11d50a3a" friendlyName="Code Coverage">
            <Configuration>
              <CodeCoverage xmlns="">
                <Regular>
                  <CodeCoverageItem binaryFile="C:\Users\prabhu.E4LJBSL3AUMKO\Dropbox\TDD_Dot_NET\Oct_2015\Day01\NumberEngineLib\bin\Debug\NumberEngineLib.dll" pdbFile="C:\Users\prabhu.E4LJBSL3AUMKO\Dropbox\TDD_Dot_NET\Oct_2015\Day01\NumberEngineLib\bin\Debug\NumberEngineLib.instr.pdb" instrumentInPlace="true" />
                </Regular>
              </CodeCoverage>
            </Configuration>
          </DataCollector>
        </DataCollectors>
      </AgentRule>
    </Execution>
  </TestSettings>
  <Times creation="2015-10-06T16:23:56.1654914+05:30" queuing="2015-10-06T16:23:57.0795437+05:30" start="2015-10-06T16:23:57.1435473+05:30" finish="2015-10-06T16:24:00.2937275+05:30" />
  <ResultSummary outcome="Failed">
    <Counters total="14" executed="14" passed="13" error="0" failed="1" timeout="0" aborted="0" inconclusive="0" passedButRunAborted="0" notRunnable="0" notExecuted="0" disconnected="0" warning="0" completed="0" inProgress="0" pending="0" />
    <ResultFiles>
      <ResultFile path="E4LJBSL3AUMKO\data.coverage" />
    </ResultFiles>
  </ResultSummary>
  <TestDefinitions>
    <UnitTest name="TestRecheckMessageForANewGame" storage="c:\users\prabhu.e4ljbsl3aumko\dropbox\tdd_dot_net\oct_2015\day01\guessinggametest\bin\debug\guessinggametest.dll" id="14989ee5-f920-4cba-5464-815fc8d69ce4">
      <Execution id="1e453203-8e6a-4610-a853-d418866c7611" />
      <TestMethod codeBase="C:/Users/prabhu.E4LJBSL3AUMKO/Dropbox/TDD_Dot_NET/Oct_2015/Day01/GuessingGameTest/bin/Debug/GuessingGameTest.DLL" adapterTypeName="Microsoft.VisualStudio.TestTools.TestTypes.Unit.UnitTestAdapter, Microsoft.VisualStudio.QualityTools.Tips.UnitTest.Adapter, Version=10.0.0.0, Culture=neutral, PublicKeyToken=b03f5f7f11d50a3a" className="GuessingGameTest.GameTest, GuessingGameTest, Version=1.0.0.0, Culture=neutral, PublicKeyToken=null" name="TestRecheckMessageForANewGame" />
    </UnitTest>
    <UnitTest name="TestYouHaveGotIt" storage="c:\users\prabhu.e4ljbsl3aumko\dropbox\tdd_dot_net\oct_2015\day01\guessinggametest\bin\debug\guessinggametest.dll" id="82b5fb27-e007-2126-2427-9ad63de48e6a">
      <Execution id="44eab421-d281-460d-a2c6-5ef71836243d" />
      <TestMethod codeBase="C:/Users/prabhu.E4LJBSL3AUMKO/Dropbox/TDD_Dot_NET/Oct_2015/Day01/GuessingGameTest/bin/Debug/GuessingGameTest.DLL" adapterTypeName="Microsoft.VisualStudio.TestTools.TestTypes.Unit.UnitTestAdapter, Microsoft.VisualStudio.QualityTools.Tips.UnitTest.Adapter, Version=10.0.0.0, Culture=neutral, PublicKeyToken=b03f5f7f11d50a3a" className="GuessingGameTest.GameTest, GuessingGameTest, Version=1.0.0.0, Culture=neutral, PublicKeyToken=null" name="TestYouHaveGotIt" />
    </UnitTest>
    <UnitTest name="TestRecheckAttemptsForANewGame" storage="c:\users\prabhu.e4ljbsl3aumko\dropbox\tdd_dot_net\oct_2015\day01\guessinggametest\bin\debug\guessinggametest.dll" id="2c41f2d0-09ea-b0b6-73bf-e7ef8d1c3ed7">
      <Execution id="77ebd2ab-e287-4511-bcb4-5eec406a0723" />
      <TestMethod codeBase="C:/Users/prabhu.E4LJBSL3AUMKO/Dropbox/TDD_Dot_NET/Oct_2015/Day01/GuessingGameTest/bin/Debug/GuessingGameTest.DLL" adapterTypeName="Microsoft.VisualStudio.TestTools.TestTypes.Unit.UnitTestAdapter, Microsoft.VisualStudio.QualityTools.Tips.UnitTest.Adapter, Version=10.0.0.0, Culture=neutral, PublicKeyToken=b03f5f7f11d50a3a" className="GuessingGameTest.GameTest, GuessingGameTest, Version=1.0.0.0, Culture=neutral, PublicKeyToken=null" name="TestRecheckAttemptsForANewGame" />
    </UnitTest>
    <UnitTest name="TestRandomNumberIsGeneratedInTheBeginning" storage="c:\users\prabhu.e4ljbsl3aumko\dropbox\tdd_dot_net\oct_2015\day01\guessinggametest\bin\debug\guessinggametest.dll" id="1a1c144d-ce73-aa9b-570a-49bad93ff6fa">
      <Execution id="d1b6d0db-2745-4983-8d94-0cd8a2d38026" />
      <TestMethod codeBase="C:/Users/prabhu.E4LJBSL3AUMKO/Dropbox/TDD_Dot_NET/Oct_2015/Day01/GuessingGameTest/bin/Debug/GuessingGameTest.DLL" adapterTypeName="Microsoft.VisualStudio.TestTools.TestTypes.Unit.UnitTestAdapter, Microsoft.VisualStudio.QualityTools.Tips.UnitTest.Adapter, Version=10.0.0.0, Culture=neutral, PublicKeyToken=b03f5f7f11d50a3a" className="GuessingGameTest.GameTest, GuessingGameTest, Version=1.0.0.0, Culture=neutral, PublicKeyToken=null" name="TestRandomNumberIsGeneratedInTheBeginning" />
    </UnitTest>
    <UnitTest name="TestPromptToPlayANewGame" storage="c:\users\prabhu.e4ljbsl3aumko\dropbox\tdd_dot_net\oct_2015\day01\guessinggametest\bin\debug\guessinggametest.dll" id="2a2b8345-fe8d-b0d8-2cce-5d11b1338f45">
      <Execution id="00d45dc1-26c9-4532-b761-2c2673d1a238" />
      <TestMethod codeBase="C:/Users/prabhu.E4LJBSL3AUMKO/Dropbox/TDD_Dot_NET/Oct_2015/Day01/GuessingGameTest/bin/Debug/GuessingGameTest.DLL" adapterTypeName="Microsoft.VisualStudio.TestTools.TestTypes.Unit.UnitTestAdapter, Microsoft.VisualStudio.QualityTools.Tips.UnitTest.Adapter, Version=10.0.0.0, Culture=neutral, PublicKeyToken=b03f5f7f11d50a3a" className="GuessingGameTest.GameTest, GuessingGameTest, Version=1.0.0.0, Culture=neutral, PublicKeyToken=null" name="TestPromptToPlayANewGame" />
    </UnitTest>
    <UnitTest name="TestInvalidInput" storage="c:\users\prabhu.e4ljbsl3aumko\dropbox\tdd_dot_net\oct_2015\day01\guessinggametest\bin\debug\guessinggametest.dll" id="77d43181-15d8-b97d-99c1-c41ccb8a1638">
      <Execution id="4b7cb8cb-22c5-46c4-8de8-159a8a0d6e59" />
      <TestMethod codeBase="C:/Users/prabhu.E4LJBSL3AUMKO/Dropbox/TDD_Dot_NET/Oct_2015/Day01/GuessingGameTest/bin/Debug/GuessingGameTest.DLL" adapterTypeName="Microsoft.VisualStudio.TestTools.TestTypes.Unit.UnitTestAdapter, Microsoft.VisualStudio.QualityTools.Tips.UnitTest.Adapter, Version=10.0.0.0, Culture=neutral, PublicKeyToken=b03f5f7f11d50a3a" className="GuessingGameTest.GameTest, GuessingGameTest, Version=1.0.0.0, Culture=neutral, PublicKeyToken=null" name="TestInvalidInput" />
    </UnitTest>
    <UnitTest name="TestAimHigher" storage="c:\users\prabhu.e4ljbsl3aumko\dropbox\tdd_dot_net\oct_2015\day01\guessinggametest\bin\debug\guessinggametest.dll" id="ceb44132-f167-0714-303f-b1094fb0239e">
      <Execution id="d33be8ca-537e-47b5-90cd-a30fffe06d4b" />
      <TestMethod codeBase="C:/Users/prabhu.E4LJBSL3AUMKO/Dropbox/TDD_Dot_NET/Oct_2015/Day01/GuessingGameTest/bin/Debug/GuessingGameTest.DLL" adapterTypeName="Microsoft.VisualStudio.TestTools.TestTypes.Unit.UnitTestAdapter, Microsoft.VisualStudio.QualityTools.Tips.UnitTest.Adapter, Version=10.0.0.0, Culture=neutral, PublicKeyToken=b03f5f7f11d50a3a" className="GuessingGameTest.GameTest, GuessingGameTest, Version=1.0.0.0, Culture=neutral, PublicKeyToken=null" name="TestAimHigher" />
    </UnitTest>
    <UnitTest name="TestPlayGameAfterItIsOver" storage="c:\users\prabhu.e4ljbsl3aumko\dropbox\tdd_dot_net\oct_2015\day01\guessinggametest\bin\debug\guessinggametest.dll" id="f9df3825-19bf-bb57-b484-2e9d65882f4b">
      <Execution id="a127b587-9172-45eb-8087-6914b50cb821" />
      <TestMethod codeBase="C:/Users/prabhu.E4LJBSL3AUMKO/Dropbox/TDD_Dot_NET/Oct_2015/Day01/GuessingGameTest/bin/Debug/GuessingGameTest.DLL" adapterTypeName="Microsoft.VisualStudio.TestTools.TestTypes.Unit.UnitTestAdapter, Microsoft.VisualStudio.QualityTools.Tips.UnitTest.Adapter, Version=10.0.0.0, Culture=neutral, PublicKeyToken=b03f5f7f11d50a3a" className="GuessingGameTest.GameTest, GuessingGameTest, Version=1.0.0.0, Culture=neutral, PublicKeyToken=null" name="TestPlayGameAfterItIsOver" />
    </UnitTest>
    <UnitTest name="TestGameOverInTheBeginning" storage="c:\users\prabhu.e4ljbsl3aumko\dropbox\tdd_dot_net\oct_2015\day01\guessinggametest\bin\debug\guessinggametest.dll" id="d333fb74-d101-998c-99ac-1cde3db19dde">
      <Execution id="d4f754a3-18d7-4b6f-a5f0-5b045cfdc307" />
      <TestMethod codeBase="C:/Users/prabhu.E4LJBSL3AUMKO/Dropbox/TDD_Dot_NET/Oct_2015/Day01/GuessingGameTest/bin/Debug/GuessingGameTest.DLL" adapterTypeName="Microsoft.VisualStudio.TestTools.TestTypes.Unit.UnitTestAdapter, Microsoft.VisualStudio.QualityTools.Tips.UnitTest.Adapter, Version=10.0.0.0, Culture=neutral, PublicKeyToken=b03f5f7f11d50a3a" className="GuessingGameTest.GameTest, GuessingGameTest, Version=1.0.0.0, Culture=neutral, PublicKeyToken=null" name="TestGameOverInTheBeginning" />
    </UnitTest>
    <UnitTest name="TestAimLower" storage="c:\users\prabhu.e4ljbsl3aumko\dropbox\tdd_dot_net\oct_2015\day01\guessinggametest\bin\debug\guessinggametest.dll" id="b7d9ed4e-6982-6de5-6f20-55251a5ee62a">
      <Execution id="4902839b-ff9c-499c-87af-471eeffc61a3" />
      <TestMethod codeBase="C:/Users/prabhu.E4LJBSL3AUMKO/Dropbox/TDD_Dot_NET/Oct_2015/Day01/GuessingGameTest/bin/Debug/GuessingGameTest.DLL" adapterTypeName="Microsoft.VisualStudio.TestTools.TestTypes.Unit.UnitTestAdapter, Microsoft.VisualStudio.QualityTools.Tips.UnitTest.Adapter, Version=10.0.0.0, Culture=neutral, PublicKeyToken=b03f5f7f11d50a3a" className="GuessingGameTest.GameTest, GuessingGameTest, Version=1.0.0.0, Culture=neutral, PublicKeyToken=null" name="TestAimLower" />
    </UnitTest>
    <UnitTest name="TestSetUp" storage="c:\users\prabhu.e4ljbsl3aumko\dropbox\tdd_dot_net\oct_2015\day01\guessinggametest\bin\debug\guessinggametest.dll" id="11253453-90e8-6ca1-392d-2547973a3227">
      <Execution id="b7d25c87-2cb8-422a-9f9f-502d5d017eb0" />
      <TestMethod codeBase="C:/Users/prabhu.E4LJBSL3AUMKO/Dropbox/TDD_Dot_NET/Oct_2015/Day01/GuessingGameTest/bin/Debug/GuessingGameTest.DLL" adapterTypeName="Microsoft.VisualStudio.TestTools.TestTypes.Unit.UnitTestAdapter, Microsoft.VisualStudio.QualityTools.Tips.UnitTest.Adapter, Version=10.0.0.0, Culture=neutral, PublicKeyToken=b03f5f7f11d50a3a" className="GuessingGameTest.GameTest, GuessingGameTest, Version=1.0.0.0, Culture=neutral, PublicKeyToken=null" name="TestSetUp" />
    </UnitTest>
    <UnitTest name="TestAttemptsToBe0InTheBeginning" storage="c:\users\prabhu.e4ljbsl3aumko\dropbox\tdd_dot_net\oct_2015\day01\guessinggametest\bin\debug\guessinggametest.dll" id="fcc68d57-966b-cdc0-85b4-f08f288561ba">
      <Execution id="3ef199c0-365f-4f0b-8165-3a1ac991c0f3" />
      <TestMethod codeBase="C:/Users/prabhu.E4LJBSL3AUMKO/Dropbox/TDD_Dot_NET/Oct_2015/Day01/GuessingGameTest/bin/Debug/GuessingGameTest.DLL" adapterTypeName="Microsoft.VisualStudio.TestTools.TestTypes.Unit.UnitTestAdapter, Microsoft.VisualStudio.QualityTools.Tips.UnitTest.Adapter, Version=10.0.0.0, Culture=neutral, PublicKeyToken=b03f5f7f11d50a3a" className="GuessingGameTest.GameTest, GuessingGameTest, Version=1.0.0.0, Culture=neutral, PublicKeyToken=null" name="TestAttemptsToBe0InTheBeginning" />
    </UnitTest>
    <UnitTest name="TestMessageToBeNullInTheBeginning" storage="c:\users\prabhu.e4ljbsl3aumko\dropbox\tdd_dot_net\oct_2015\day01\guessinggametest\bin\debug\guessinggametest.dll" id="05bdf578-6d83-1759-a4fc-8a1031728afb">
      <Execution id="fef3c05f-3c8c-406d-8a87-ebc55824a556" />
      <TestMethod codeBase="C:/Users/prabhu.E4LJBSL3AUMKO/Dropbox/TDD_Dot_NET/Oct_2015/Day01/GuessingGameTest/bin/Debug/GuessingGameTest.DLL" adapterTypeName="Microsoft.VisualStudio.TestTools.TestTypes.Unit.UnitTestAdapter, Microsoft.VisualStudio.QualityTools.Tips.UnitTest.Adapter, Version=10.0.0.0, Culture=neutral, PublicKeyToken=b03f5f7f11d50a3a" className="GuessingGameTest.GameTest, GuessingGameTest, Version=1.0.0.0, Culture=neutral, PublicKeyToken=null" name="TestMessageToBeNullInTheBeginning" />
    </UnitTest>
    <UnitTest name="TestAttempts" storage="c:\users\prabhu.e4ljbsl3aumko\dropbox\tdd_dot_net\oct_2015\day01\guessinggametest\bin\debug\guessinggametest.dll" id="ba3762ce-ee2e-7e82-7a8e-6f0cbfc87847">
      <Execution id="9c413bc4-6c99-42bc-b9de-0ab666a6b42b" />
      <TestMethod codeBase="C:/Users/prabhu.E4LJBSL3AUMKO/Dropbox/TDD_Dot_NET/Oct_2015/Day01/GuessingGameTest/bin/Debug/GuessingGameTest.DLL" adapterTypeName="Microsoft.VisualStudio.TestTools.TestTypes.Unit.UnitTestAdapter, Microsoft.VisualStudio.QualityTools.Tips.UnitTest.Adapter, Version=10.0.0.0, Culture=neutral, PublicKeyToken=b03f5f7f11d50a3a" className="GuessingGameTest.GameTest, GuessingGameTest, Version=1.0.0.0, Culture=neutral, PublicKeyToken=null" name="TestAttempts" />
    </UnitTest>
  </TestDefinitions>
  <TestLists>
    <TestList name="Results Not in a List" id="8c84fa94-04c1-424b-9868-57a2d4851a1d" />
    <TestList name="All Loaded Results" id="19431567-8539-422a-85d7-44ee4e166bda" />
  </TestLists>
  <TestEntries>
    <TestEntry testId="11253453-90e8-6ca1-392d-2547973a3227" executionId="b7d25c87-2cb8-422a-9f9f-502d5d017eb0" testListId="8c84fa94-04c1-424b-9868-57a2d4851a1d" />
    <TestEntry testId="1a1c144d-ce73-aa9b-570a-49bad93ff6fa" executionId="d1b6d0db-2745-4983-8d94-0cd8a2d38026" testListId="8c84fa94-04c1-424b-9868-57a2d4851a1d" />
    <TestEntry testId="fcc68d57-966b-cdc0-85b4-f08f288561ba" executionId="3ef199c0-365f-4f0b-8165-3a1ac991c0f3" testListId="8c84fa94-04c1-424b-9868-57a2d4851a1d" />
    <TestEntry testId="05bdf578-6d83-1759-a4fc-8a1031728afb" executionId="fef3c05f-3c8c-406d-8a87-ebc55824a556" testListId="8c84fa94-04c1-424b-9868-57a2d4851a1d" />
    <TestEntry testId="ceb44132-f167-0714-303f-b1094fb0239e" executionId="d33be8ca-537e-47b5-90cd-a30fffe06d4b" testListId="8c84fa94-04c1-424b-9868-57a2d4851a1d" />
    <TestEntry testId="b7d9ed4e-6982-6de5-6f20-55251a5ee62a" executionId="4902839b-ff9c-499c-87af-471eeffc61a3" testListId="8c84fa94-04c1-424b-9868-57a2d4851a1d" />
    <TestEntry testId="82b5fb27-e007-2126-2427-9ad63de48e6a" executionId="44eab421-d281-460d-a2c6-5ef71836243d" testListId="8c84fa94-04c1-424b-9868-57a2d4851a1d" />
    <TestEntry testId="ba3762ce-ee2e-7e82-7a8e-6f0cbfc87847" executionId="9c413bc4-6c99-42bc-b9de-0ab666a6b42b" testListId="8c84fa94-04c1-424b-9868-57a2d4851a1d" />
    <TestEntry testId="77d43181-15d8-b97d-99c1-c41ccb8a1638" executionId="4b7cb8cb-22c5-46c4-8de8-159a8a0d6e59" testListId="8c84fa94-04c1-424b-9868-57a2d4851a1d" />
    <TestEntry testId="f9df3825-19bf-bb57-b484-2e9d65882f4b" executionId="a127b587-9172-45eb-8087-6914b50cb821" testListId="8c84fa94-04c1-424b-9868-57a2d4851a1d" />
    <TestEntry testId="d333fb74-d101-998c-99ac-1cde3db19dde" executionId="d4f754a3-18d7-4b6f-a5f0-5b045cfdc307" testListId="8c84fa94-04c1-424b-9868-57a2d4851a1d" />
    <TestEntry testId="2a2b8345-fe8d-b0d8-2cce-5d11b1338f45" executionId="00d45dc1-26c9-4532-b761-2c2673d1a238" testListId="8c84fa94-04c1-424b-9868-57a2d4851a1d" />
    <TestEntry testId="2c41f2d0-09ea-b0b6-73bf-e7ef8d1c3ed7" executionId="77ebd2ab-e287-4511-bcb4-5eec406a0723" testListId="8c84fa94-04c1-424b-9868-57a2d4851a1d" />
    <TestEntry testId="14989ee5-f920-4cba-5464-815fc8d69ce4" executionId="1e453203-8e6a-4610-a853-d418866c7611" testListId="8c84fa94-04c1-424b-9868-57a2d4851a1d" />
  </TestEntries>
  <Results>
    <UnitTestResult executionId="b7d25c87-2cb8-422a-9f9f-502d5d017eb0" testId="11253453-90e8-6ca1-392d-2547973a3227" testName="TestSetUp" computerName="E4LJBSL3AUMKO" duration="00:00:00.0156507" startTime="2015-10-06T16:23:58.3636171+05:30" endTime="2015-10-06T16:23:58.7566396+05:30" testType="13cdc9d9-ddb5-4fa4-a97d-d965ccfc6d4b" outcome="Passed" testListId="8c84fa94-04c1-424b-9868-57a2d4851a1d" relativeResultsDirectory="b7d25c87-2cb8-422a-9f9f-502d5d017eb0">
    </UnitTestResult>
    <UnitTestResult executionId="d1b6d0db-2745-4983-8d94-0cd8a2d38026" testId="1a1c144d-ce73-aa9b-570a-49bad93ff6fa" testName="TestRandomNumberIsGeneratedInTheBeginning" computerName="E4LJBSL3AUMKO" duration="00:00:00.0003596" startTime="2015-10-06T16:23:58.7596398+05:30" endTime="2015-10-06T16:23:58.7686403+05:30" testType="13cdc9d9-ddb5-4fa4-a97d-d965ccfc6d4b" outcome="Passed" testListId="8c84fa94-04c1-424b-9868-57a2d4851a1d" relativeResultsDirectory="d1b6d0db-2745-4983-8d94-0cd8a2d38026">
    </UnitTestResult>
    <UnitTestResult executionId="3ef199c0-365f-4f0b-8165-3a1ac991c0f3" testId="fcc68d57-966b-cdc0-85b4-f08f288561ba" testName="TestAttemptsToBe0InTheBeginning" computerName="E4LJBSL3AUMKO" duration="00:00:00.0003559" startTime="2015-10-06T16:23:58.7706404+05:30" endTime="2015-10-06T16:23:58.7766407+05:30" testType="13cdc9d9-ddb5-4fa4-a97d-d965ccfc6d4b" outcome="Passed" testListId="8c84fa94-04c1-424b-9868-57a2d4851a1d" relativeResultsDirectory="3ef199c0-365f-4f0b-8165-3a1ac991c0f3">
    </UnitTestResult>
    <UnitTestResult executionId="fef3c05f-3c8c-406d-8a87-ebc55824a556" testId="05bdf578-6d83-1759-a4fc-8a1031728afb" testName="TestMessageToBeNullInTheBeginning" computerName="E4LJBSL3AUMKO" duration="00:00:00.0003401" startTime="2015-10-06T16:23:58.7806410+05:30" endTime="2015-10-06T16:23:58.7906415+05:30" testType="13cdc9d9-ddb5-4fa4-a97d-d965ccfc6d4b" outcome="Passed" testListId="8c84fa94-04c1-424b-9868-57a2d4851a1d" relativeResultsDirectory="fef3c05f-3c8c-406d-8a87-ebc55824a556">
    </UnitTestResult>
    <UnitTestResult executionId="d33be8ca-537e-47b5-90cd-a30fffe06d4b" testId="ceb44132-f167-0714-303f-b1094fb0239e" testName="TestAimHigher" computerName="E4LJBSL3AUMKO" duration="00:00:00.0008419" startTime="2015-10-06T16:23:58.7926417+05:30" endTime="2015-10-06T16:23:58.8006421+05:30" testType="13cdc9d9-ddb5-4fa4-a97d-d965ccfc6d4b" outcome="Passed" testListId="8c84fa94-04c1-424b-9868-57a2d4851a1d" relativeResultsDirectory="d33be8ca-537e-47b5-90cd-a30fffe06d4b">
    </UnitTestResult>
    <UnitTestResult executionId="4902839b-ff9c-499c-87af-471eeffc61a3" testId="b7d9ed4e-6982-6de5-6f20-55251a5ee62a" testName="TestAimLower" computerName="E4LJBSL3AUMKO" duration="00:00:00.0003120" startTime="2015-10-06T16:23:58.8026422+05:30" endTime="2015-10-06T16:23:58.8076425+05:30" testType="13cdc9d9-ddb5-4fa4-a97d-d965ccfc6d4b" outcome="Passed" testListId="8c84fa94-04c1-424b-9868-57a2d4851a1d" relativeResultsDirectory="4902839b-ff9c-499c-87af-471eeffc61a3">
    </UnitTestResult>
    <UnitTestResult executionId="44eab421-d281-460d-a2c6-5ef71836243d" testId="82b5fb27-e007-2126-2427-9ad63de48e6a" testName="TestYouHaveGotIt" computerName="E4LJBSL3AUMKO" duration="00:00:00.0004370" startTime="2015-10-06T16:23:58.8096426+05:30" endTime="2015-10-06T16:23:58.8186431+05:30" testType="13cdc9d9-ddb5-4fa4-a97d-d965ccfc6d4b" outcome="Passed" testListId="8c84fa94-04c1-424b-9868-57a2d4851a1d" relativeResultsDirectory="44eab421-d281-460d-a2c6-5ef71836243d">
    </UnitTestResult>
    <UnitTestResult executionId="9c413bc4-6c99-42bc-b9de-0ab666a6b42b" testId="ba3762ce-ee2e-7e82-7a8e-6f0cbfc87847" testName="TestAttempts" computerName="E4LJBSL3AUMKO" duration="00:00:00.0017061" startTime="2015-10-06T16:23:58.8206433+05:30" endTime="2015-10-06T16:23:58.8286437+05:30" testType="13cdc9d9-ddb5-4fa4-a97d-d965ccfc6d4b" outcome="Passed" testListId="8c84fa94-04c1-424b-9868-57a2d4851a1d" relativeResultsDirectory="9c413bc4-6c99-42bc-b9de-0ab666a6b42b">
    </UnitTestResult>
    <UnitTestResult executionId="4b7cb8cb-22c5-46c4-8de8-159a8a0d6e59" testId="77d43181-15d8-b97d-99c1-c41ccb8a1638" testName="TestInvalidInput" computerName="E4LJBSL3AUMKO" duration="00:00:00.0042618" startTime="2015-10-06T16:23:58.8306438+05:30" endTime="2015-10-06T16:23:58.8406444+05:30" testType="13cdc9d9-ddb5-4fa4-a97d-d965ccfc6d4b" outcome="Passed" testListId="8c84fa94-04c1-424b-9868-57a2d4851a1d" relativeResultsDirectory="4b7cb8cb-22c5-46c4-8de8-159a8a0d6e59">
    </UnitTestResult>
    <UnitTestResult executionId="a127b587-9172-45eb-8087-6914b50cb821" testId="f9df3825-19bf-bb57-b484-2e9d65882f4b" testName="TestPlayGameAfterItIsOver" computerName="E4LJBSL3AUMKO" duration="00:00:00.0004886" startTime="2015-10-06T16:23:58.8426445+05:30" endTime="2015-10-06T16:23:58.8506450+05:30" testType="13cdc9d9-ddb5-4fa4-a97d-d965ccfc6d4b" outcome="Passed" testListId="8c84fa94-04c1-424b-9868-57a2d4851a1d" relativeResultsDirectory="a127b587-9172-45eb-8087-6914b50cb821">
    </UnitTestResult>
    <UnitTestResult executionId="d4f754a3-18d7-4b6f-a5f0-5b045cfdc307" testId="d333fb74-d101-998c-99ac-1cde3db19dde" testName="TestGameOverInTheBeginning" computerName="E4LJBSL3AUMKO" duration="00:00:00.0002047" startTime="2015-10-06T16:23:58.8526451+05:30" endTime="2015-10-06T16:23:58.8586454+05:30" testType="13cdc9d9-ddb5-4fa4-a97d-d965ccfc6d4b" outcome="Passed" testListId="8c84fa94-04c1-424b-9868-57a2d4851a1d" relativeResultsDirectory="d4f754a3-18d7-4b6f-a5f0-5b045cfdc307">
    </UnitTestResult>
    <UnitTestResult executionId="00d45dc1-26c9-4532-b761-2c2673d1a238" testId="2a2b8345-fe8d-b0d8-2cce-5d11b1338f45" testName="TestPromptToPlayANewGame" computerName="E4LJBSL3AUMKO" duration="00:00:00.0003220" startTime="2015-10-06T16:23:58.8636457+05:30" endTime="2015-10-06T16:23:58.8686460+05:30" testType="13cdc9d9-ddb5-4fa4-a97d-d965ccfc6d4b" outcome="Passed" testListId="8c84fa94-04c1-424b-9868-57a2d4851a1d" relativeResultsDirectory="00d45dc1-26c9-4532-b761-2c2673d1a238">
    </UnitTestResult>
    <UnitTestResult executionId="77ebd2ab-e287-4511-bcb4-5eec406a0723" testId="2c41f2d0-09ea-b0b6-73bf-e7ef8d1c3ed7" testName="TestRecheckAttemptsForANewGame" computerName="E4LJBSL3AUMKO" duration="00:00:00.0003401" startTime="2015-10-06T16:23:58.8706461+05:30" endTime="2015-10-06T16:23:58.8756464+05:30" testType="13cdc9d9-ddb5-4fa4-a97d-d965ccfc6d4b" outcome="Passed" testListId="8c84fa94-04c1-424b-9868-57a2d4851a1d" relativeResultsDirectory="77ebd2ab-e287-4511-bcb4-5eec406a0723">
    </UnitTestResult>
    <UnitTestResult executionId="1e453203-8e6a-4610-a853-d418866c7611" testId="14989ee5-f920-4cba-5464-815fc8d69ce4" testName="TestRecheckMessageForANewGame" computerName="E4LJBSL3AUMKO" duration="00:00:00.0198180" startTime="2015-10-06T16:23:58.8786466+05:30" endTime="2015-10-06T16:23:58.9036480+05:30" testType="13cdc9d9-ddb5-4fa4-a97d-d965ccfc6d4b" outcome="Failed" testListId="8c84fa94-04c1-424b-9868-57a2d4851a1d" relativeResultsDirectory="1e453203-8e6a-4610-a853-d418866c7611">
      <Output>
        <ErrorInfo>
          <Message>Assert.AreEqual failed. Expected:&lt;(null)&gt;. Actual:&lt;You've got it!!!&gt;. </Message>
          <StackTrace>   at GuessingGameTest.GameTest.TestRecheckMessageForANewGame() in C:\Users\prabhu.E4LJBSL3AUMKO\Dropbox\TDD_Dot_NET\Oct_2015\Day01\GuessingGameTest\GameTest.cs:line 124
</StackTrace>
        </ErrorInfo>
      </Output>
    </UnitTestResult>
  </Results>
</TestRun>