<?xml version="1.0" encoding="UTF-8"?>
<TestRun id="fa77b87f-6888-4380-8249-35a8c9284a59" name="prabhu@E4LJBSL3AUMKO 2015-10-06 11:55:59" runUser="E4LJBSL3AUMKO\prabhu" xmlns="http://microsoft.com/schemas/VisualStudio/TeamTest/2010">
  <TestSettings name="Local" id="9ad66556-e6a8-4430-a7ec-98e16b258229">
    <Description>These are default test settings for a local test run.</Description>
    <Deployment enabled="false" runDeploymentRoot="prabhu_E4LJBSL3AUMKO 2015-10-06 11_55_59">
      <DeploymentItem filename="C:\Users\prabhu.E4LJBSL3AUMKO\Dropbox\TDD_Dot_NET\Oct_2015\Day01\NumberEngineLib\bin\Debug\NumberEngineLib.dll" />
    </Deployment>
    <Execution>
      <TestTypeSpecific />
      <AgentRule name="Execution Agents">
      </AgentRule>
    </Execution>
  </TestSettings>
  <Times creation="2015-10-06T11:55:59.9509845+05:30" queuing="2015-10-06T11:56:00.0049876+05:30" start="2015-10-06T11:56:00.0169883+05:30" finish="2015-10-06T11:56:00.3620080+05:30" />
  <ResultSummary outcome="Failed">
    <Counters total="3" executed="3" passed="2" error="0" failed="1" timeout="0" aborted="0" inconclusive="0" passedButRunAborted="0" notRunnable="0" notExecuted="0" disconnected="0" warning="0" completed="0" inProgress="0" pending="0" />
  </ResultSummary>
  <TestDefinitions>
    <UnitTest name="TestIfNumberIsNotDivisbleBy5" storage="c:\users\prabhu.e4ljbsl3aumko\dropbox\tdd_dot_net\oct_2015\day01\testnumberenginelib\bin\debug\testnumberenginelib.dll" id="2876a485-37ea-2507-9227-e875b81d2f7c">
      <Execution id="2d6027d8-2207-4c33-abe9-55a1b36025c1" />
      <TestMethod codeBase="C:/Users/prabhu.E4LJBSL3AUMKO/Dropbox/TDD_Dot_NET/Oct_2015/Day01/TestNumberEngineLib/bin/Debug/TestNumberEngineLib.DLL" adapterTypeName="Microsoft.VisualStudio.TestTools.TestTypes.Unit.UnitTestAdapter, Microsoft.VisualStudio.QualityTools.Tips.UnitTest.Adapter, Version=10.0.0.0, Culture=neutral, PublicKeyToken=b03f5f7f11d50a3a" className="TestNumberEngineLib.MathEngineTest, TestNumberEngineLib, Version=1.0.0.0, Culture=neutral, PublicKeyToken=null" name="TestIfNumberIsNotDivisbleBy5" />
    </UnitTest>
    <UnitTest name="TestIfNumberIsDivisbleBy3" storage="c:\users\prabhu.e4ljbsl3aumko\dropbox\tdd_dot_net\oct_2015\day01\testnumberenginelib\bin\debug\testnumberenginelib.dll" id="488f322f-562e-f4c2-7b40-833b44bfe529">
      <Execution id="75c34b89-62ee-41f7-ada6-baabf1512dec" />
      <TestMethod codeBase="C:/Users/prabhu.E4LJBSL3AUMKO/Dropbox/TDD_Dot_NET/Oct_2015/Day01/TestNumberEngineLib/bin/Debug/TestNumberEngineLib.DLL" adapterTypeName="Microsoft.VisualStudio.TestTools.TestTypes.Unit.UnitTestAdapter, Microsoft.VisualStudio.QualityTools.Tips.UnitTest.Adapter, Version=10.0.0.0, Culture=neutral, PublicKeyToken=b03f5f7f11d50a3a" className="TestNumberEngineLib.MathEngineTest, TestNumberEngineLib, Version=1.0.0.0, Culture=neutral, PublicKeyToken=null" name="TestIfNumberIsDivisbleBy3" />
    </UnitTest>
    <UnitTest name="TestSetUp" storage="c:\users\prabhu.e4ljbsl3aumko\dropbox\tdd_dot_net\oct_2015\day01\testnumberenginelib\bin\debug\testnumberenginelib.dll" id="49e7ae43-e2c1-421e-aa49-d6cde7496027">
      <Execution id="f543a185-d4cd-4b11-9226-6e4d2dc2f9ad" />
      <TestMethod codeBase="C:/Users/prabhu.E4LJBSL3AUMKO/Dropbox/TDD_Dot_NET/Oct_2015/Day01/TestNumberEngineLib/bin/Debug/TestNumberEngineLib.DLL" adapterTypeName="Microsoft.VisualStudio.TestTools.TestTypes.Unit.UnitTestAdapter, Microsoft.VisualStudio.QualityTools.Tips.UnitTest.Adapter, Version=10.0.0.0, Culture=neutral, PublicKeyToken=b03f5f7f11d50a3a" className="TestNumberEngineLib.MathEngineTest, TestNumberEngineLib, Version=1.0.0.0, Culture=neutral, PublicKeyToken=null" name="TestSetUp" />
    </UnitTest>
  </TestDefinitions>
  <TestLists>
    <TestList name="Results Not in a List" id="8c84fa94-04c1-424b-9868-57a2d4851a1d" />
    <TestList name="All Loaded Results" id="19431567-8539-422a-85d7-44ee4e166bda" />
  </TestLists>
  <TestEntries>
    <TestEntry testId="49e7ae43-e2c1-421e-aa49-d6cde7496027" executionId="f543a185-d4cd-4b11-9226-6e4d2dc2f9ad" testListId="8c84fa94-04c1-424b-9868-57a2d4851a1d" />
    <TestEntry testId="488f322f-562e-f4c2-7b40-833b44bfe529" executionId="75c34b89-62ee-41f7-ada6-baabf1512dec" testListId="8c84fa94-04c1-424b-9868-57a2d4851a1d" />
    <TestEntry testId="2876a485-37ea-2507-9227-e875b81d2f7c" executionId="2d6027d8-2207-4c33-abe9-55a1b36025c1" testListId="8c84fa94-04c1-424b-9868-57a2d4851a1d" />
  </TestEntries>
  <Results>
    <UnitTestResult executionId="f543a185-d4cd-4b11-9226-6e4d2dc2f9ad" testId="49e7ae43-e2c1-421e-aa49-d6cde7496027" testName="TestSetUp" computerName="E4LJBSL3AUMKO" duration="00:00:00.0164769" startTime="2015-10-06T11:56:00.0259888+05:30" endTime="2015-10-06T11:56:00.3120052+05:30" testType="13cdc9d9-ddb5-4fa4-a97d-d965ccfc6d4b" outcome="Passed" testListId="8c84fa94-04c1-424b-9868-57a2d4851a1d" relativeResultsDirectory="f543a185-d4cd-4b11-9226-6e4d2dc2f9ad">
    </UnitTestResult>
    <UnitTestResult executionId="75c34b89-62ee-41f7-ada6-baabf1512dec" testId="488f322f-562e-f4c2-7b40-833b44bfe529" testName="TestIfNumberIsDivisbleBy3" computerName="E4LJBSL3AUMKO" duration="00:00:00.0003949" startTime="2015-10-06T11:56:00.3140053+05:30" endTime="2015-10-06T11:56:00.3190056+05:30" testType="13cdc9d9-ddb5-4fa4-a97d-d965ccfc6d4b" outcome="Passed" testListId="8c84fa94-04c1-424b-9868-57a2d4851a1d" relativeResultsDirectory="75c34b89-62ee-41f7-ada6-baabf1512dec">
    </UnitTestResult>
    <UnitTestResult executionId="2d6027d8-2207-4c33-abe9-55a1b36025c1" testId="2876a485-37ea-2507-9227-e875b81d2f7c" testName="TestIfNumberIsNotDivisbleBy5" computerName="E4LJBSL3AUMKO" duration="00:00:00.0155765" startTime="2015-10-06T11:56:00.3210057+05:30" endTime="2015-10-06T11:56:00.3400068+05:30" testType="13cdc9d9-ddb5-4fa4-a97d-d965ccfc6d4b" outcome="Failed" testListId="8c84fa94-04c1-424b-9868-57a2d4851a1d" relativeResultsDirectory="2d6027d8-2207-4c33-abe9-55a1b36025c1">
      <Output>
        <ErrorInfo>
          <Message>Assert.AreEqual failed. Expected:&lt;Hotter&gt;. Actual:&lt;&gt;. </Message>
          <StackTrace>   at TestNumberEngineLib.MathEngineTest.TestIfNumberIsNotDivisbleBy5() in C:\Users\prabhu.E4LJBSL3AUMKO\Dropbox\TDD_Dot_NET\Oct_2015\Day01\TestNumberEngineLib\MathEngineTest.cs:line 38
</StackTrace>
        </ErrorInfo>
      </Output>
    </UnitTestResult>
  </Results>
</TestRun>