<?xml version="1.0" encoding="UTF-8"?>
<TestRun id="a39e1106-7166-4e5a-a0db-a7739914d1ad" name="prabhu@E4LJBSL3AUMKO 2015-10-08 14:36:37" runUser="E4LJBSL3AUMKO\prabhu" xmlns="http://microsoft.com/schemas/VisualStudio/TeamTest/2010">
  <TestSettings name="Local" id="a92510ab-ef01-4df1-9b52-b02ce5ed9e95">
    <Description>These are default test settings for a local test run.</Description>
    <Deployment enabled="false" runDeploymentRoot="prabhu_E4LJBSL3AUMKO 2015-10-08 14_36_37">
      <DeploymentItem filename="C:\Users\prabhu.E4LJBSL3AUMKO\Dropbox\TDD_Dot_NET\Oct_2015\Day03\MockExLib\bin\Debug\MockExLib.dll" />
      <DeploymentItem filename="C:\Users\prabhu.E4LJBSL3AUMKO\Dropbox\TDD_Dot_NET\Oct_2015\Day03\packages\Moq.4.2.1507.0118\lib\net40\Moq.dll" />
    </Deployment>
    <Execution>
      <TestTypeSpecific />
      <AgentRule name="Execution Agents">
      </AgentRule>
    </Execution>
  </TestSettings>
  <Times creation="2015-10-08T14:36:37.7863953+05:30" queuing="2015-10-08T14:36:37.9164028+05:30" start="2015-10-08T14:36:37.9374040+05:30" finish="2015-10-08T14:36:38.7904528+05:30" />
  <ResultSummary outcome="Failed">
    <Counters total="4" executed="4" passed="3" error="0" failed="1" timeout="0" aborted="0" inconclusive="0" passedButRunAborted="0" notRunnable="0" notExecuted="0" disconnected="0" warning="0" completed="0" inProgress="0" pending="0" />
  </ResultSummary>
  <TestDefinitions>
    <UnitTest name="TestSetUp" storage="c:\users\prabhu.e4ljbsl3aumko\dropbox\tdd_dot_net\oct_2015\day03\mockextest\bin\debug\mockextest.dll" id="0a68b175-229b-9e34-c511-f8a3e62f8615">
      <Execution id="5b777ee4-4f17-428d-bee0-f9ece62bba8a" />
      <TestMethod codeBase="C:/Users/prabhu.E4LJBSL3AUMKO/Dropbox/TDD_Dot_NET/Oct_2015/Day03/MockExTest/bin/Debug/MockExTest.DLL" adapterTypeName="Microsoft.VisualStudio.TestTools.TestTypes.Unit.UnitTestAdapter, Microsoft.VisualStudio.QualityTools.Tips.UnitTest.Adapter, Version=10.0.0.0, Culture=neutral, PublicKeyToken=b03f5f7f11d50a3a" className="MockExTest.AuthenticationServiceTest, MockExTest, Version=1.0.0.0, Culture=neutral, PublicKeyToken=null" name="TestSetUp" />
    </UnitTest>
    <UnitTest name="TestValidateCredentialsData" storage="c:\users\prabhu.e4ljbsl3aumko\dropbox\tdd_dot_net\oct_2015\day03\mockextest\bin\debug\mockextest.dll" id="f43ec62d-f9a3-252f-762e-1d855ef84946">
      <Execution id="6d9fa2d3-1386-4373-88fb-5dedcee894fa" />
      <TestMethod codeBase="C:/Users/prabhu.E4LJBSL3AUMKO/Dropbox/TDD_Dot_NET/Oct_2015/Day03/MockExTest/bin/Debug/MockExTest.DLL" adapterTypeName="Microsoft.VisualStudio.TestTools.TestTypes.Unit.UnitTestAdapter, Microsoft.VisualStudio.QualityTools.Tips.UnitTest.Adapter, Version=10.0.0.0, Culture=neutral, PublicKeyToken=b03f5f7f11d50a3a" className="MockExTest.AuthenticationServiceTest, MockExTest, Version=1.0.0.0, Culture=neutral, PublicKeyToken=null" name="TestValidateCredentialsData" />
    </UnitTest>
    <UnitTest name="TestCreateUserWriteToRepository" storage="c:\users\prabhu.e4ljbsl3aumko\dropbox\tdd_dot_net\oct_2015\day03\mockextest\bin\debug\mockextest.dll" id="dcd1dfc1-6514-535c-e185-ad8a85bb05c6">
      <Execution id="82c792f5-2b8c-4adb-9d3e-c21cb9d00527" />
      <TestMethod codeBase="C:/Users/prabhu.E4LJBSL3AUMKO/Dropbox/TDD_Dot_NET/Oct_2015/Day03/MockExTest/bin/Debug/MockExTest.DLL" adapterTypeName="Microsoft.VisualStudio.TestTools.TestTypes.Unit.UnitTestAdapter, Microsoft.VisualStudio.QualityTools.Tips.UnitTest.Adapter, Version=10.0.0.0, Culture=neutral, PublicKeyToken=b03f5f7f11d50a3a" className="MockExTest.AuthenticationServiceTest, MockExTest, Version=1.0.0.0, Culture=neutral, PublicKeyToken=null" name="TestCreateUserWriteToRepository" />
    </UnitTest>
    <UnitTest name="TestCreateUser" storage="c:\users\prabhu.e4ljbsl3aumko\dropbox\tdd_dot_net\oct_2015\day03\mockextest\bin\debug\mockextest.dll" id="78b38898-3c4d-12cf-9f1d-c77d531de5f5">
      <Execution id="3ffd3b9f-584c-4158-9896-4e5cd6f2d932" />
      <TestMethod codeBase="C:/Users/prabhu.E4LJBSL3AUMKO/Dropbox/TDD_Dot_NET/Oct_2015/Day03/MockExTest/bin/Debug/MockExTest.DLL" adapterTypeName="Microsoft.VisualStudio.TestTools.TestTypes.Unit.UnitTestAdapter, Microsoft.VisualStudio.QualityTools.Tips.UnitTest.Adapter, Version=10.0.0.0, Culture=neutral, PublicKeyToken=b03f5f7f11d50a3a" className="MockExTest.AuthenticationServiceTest, MockExTest, Version=1.0.0.0, Culture=neutral, PublicKeyToken=null" name="TestCreateUser" />
    </UnitTest>
  </TestDefinitions>
  <TestLists>
    <TestList name="Results Not in a List" id="8c84fa94-04c1-424b-9868-57a2d4851a1d" />
    <TestList name="All Loaded Results" id="19431567-8539-422a-85d7-44ee4e166bda" />
  </TestLists>
  <TestEntries>
    <TestEntry testId="0a68b175-229b-9e34-c511-f8a3e62f8615" executionId="5b777ee4-4f17-428d-bee0-f9ece62bba8a" testListId="8c84fa94-04c1-424b-9868-57a2d4851a1d" />
    <TestEntry testId="78b38898-3c4d-12cf-9f1d-c77d531de5f5" executionId="3ffd3b9f-584c-4158-9896-4e5cd6f2d932" testListId="8c84fa94-04c1-424b-9868-57a2d4851a1d" />
    <TestEntry testId="dcd1dfc1-6514-535c-e185-ad8a85bb05c6" executionId="82c792f5-2b8c-4adb-9d3e-c21cb9d00527" testListId="8c84fa94-04c1-424b-9868-57a2d4851a1d" />
    <TestEntry testId="f43ec62d-f9a3-252f-762e-1d855ef84946" executionId="6d9fa2d3-1386-4373-88fb-5dedcee894fa" testListId="8c84fa94-04c1-424b-9868-57a2d4851a1d" />
  </TestEntries>
  <Results>
    <UnitTestResult executionId="5b777ee4-4f17-428d-bee0-f9ece62bba8a" testId="0a68b175-229b-9e34-c511-f8a3e62f8615" testName="TestSetUp" computerName="E4LJBSL3AUMKO" duration="00:00:00.2272023" startTime="2015-10-08T14:36:37.9414042+05:30" endTime="2015-10-08T14:36:38.6094424+05:30" testType="13cdc9d9-ddb5-4fa4-a97d-d965ccfc6d4b" outcome="Passed" testListId="8c84fa94-04c1-424b-9868-57a2d4851a1d" relativeResultsDirectory="5b777ee4-4f17-428d-bee0-f9ece62bba8a">
    </UnitTestResult>
    <UnitTestResult executionId="3ffd3b9f-584c-4158-9896-4e5cd6f2d932" testId="78b38898-3c4d-12cf-9f1d-c77d531de5f5" testName="TestCreateUser" computerName="E4LJBSL3AUMKO" duration="00:00:00.0678107" startTime="2015-10-08T14:36:38.6174429+05:30" endTime="2015-10-08T14:36:38.6904470+05:30" testType="13cdc9d9-ddb5-4fa4-a97d-d965ccfc6d4b" outcome="Passed" testListId="8c84fa94-04c1-424b-9868-57a2d4851a1d" relativeResultsDirectory="3ffd3b9f-584c-4158-9896-4e5cd6f2d932">
    </UnitTestResult>
    <UnitTestResult executionId="82c792f5-2b8c-4adb-9d3e-c21cb9d00527" testId="dcd1dfc1-6514-535c-e185-ad8a85bb05c6" testName="TestCreateUserWriteToRepository" computerName="E4LJBSL3AUMKO" duration="00:00:00.0206405" startTime="2015-10-08T14:36:38.6964474+05:30" endTime="2015-10-08T14:36:38.7224489+05:30" testType="13cdc9d9-ddb5-4fa4-a97d-d965ccfc6d4b" outcome="Passed" testListId="8c84fa94-04c1-424b-9868-57a2d4851a1d" relativeResultsDirectory="82c792f5-2b8c-4adb-9d3e-c21cb9d00527">
    </UnitTestResult>
    <UnitTestResult executionId="6d9fa2d3-1386-4373-88fb-5dedcee894fa" testId="f43ec62d-f9a3-252f-762e-1d855ef84946" testName="TestValidateCredentialsData" computerName="E4LJBSL3AUMKO" duration="00:00:00.0259690" startTime="2015-10-08T14:36:38.7264491+05:30" endTime="2015-10-08T14:36:38.7564508+05:30" testType="13cdc9d9-ddb5-4fa4-a97d-d965ccfc6d4b" outcome="Failed" testListId="8c84fa94-04c1-424b-9868-57a2d4851a1d" relativeResultsDirectory="6d9fa2d3-1386-4373-88fb-5dedcee894fa">
      <Output>
        <ErrorInfo>
          <Message>Test method MockExTest.AuthenticationServiceTest.TestValidateCredentialsData threw exception: 
Moq.MockException: 
Expected invocation on the mock exactly 2 times, but was 0 times: f =&gt; f.ValidateLength(It.IsAny&lt;String&gt;())
No setups configured.
No invocations performed.</Message>
          <StackTrace>    at Moq.Mock.ThrowVerifyException(MethodCall expected, IEnumerable`1 setups, IEnumerable`1 actualCalls, Expression expression, Times times, Int32 callCount)
   at Moq.Mock.VerifyCalls(Interceptor targetInterceptor, MethodCall expected, Expression expression, Times times)
   at Moq.Mock.Verify[T,TResult](Mock`1 mock, Expression`1 expression, Times times, String failMessage)
   at Moq.Mock`1.Verify[TResult](Expression`1 expression, Times times)
   at MockExTest.AuthenticationServiceTest.TestValidateCredentialsData() in C:\Users\prabhu.E4LJBSL3AUMKO\Dropbox\TDD_Dot_NET\Oct_2015\Day03\MockExTest\AuthenticationServiceTest.cs:line 55
</StackTrace>
        </ErrorInfo>
      </Output>
    </UnitTestResult>
  </Results>
</TestRun>