<?xml version="1.0" encoding="UTF-8"?>
<TestRun id="7b812e6a-eeb5-4689-9a8a-209688e3fc9e" name="prabhu@E4LJBSL3AUMKO 2015-10-08 14:41:47" runUser="E4LJBSL3AUMKO\prabhu" xmlns="http://microsoft.com/schemas/VisualStudio/TeamTest/2010">
  <TestSettings name="Local" id="a92510ab-ef01-4df1-9b52-b02ce5ed9e95">
    <Description>These are default test settings for a local test run.</Description>
    <Deployment enabled="false" runDeploymentRoot="prabhu_E4LJBSL3AUMKO 2015-10-08 14_41_47">
      <DeploymentItem filename="C:\Users\prabhu.E4LJBSL3AUMKO\Dropbox\TDD_Dot_NET\Oct_2015\Day03\MockExLib\bin\Debug\MockExLib.dll" />
      <DeploymentItem filename="C:\Users\prabhu.E4LJBSL3AUMKO\Dropbox\TDD_Dot_NET\Oct_2015\Day03\packages\Moq.4.2.1507.0118\lib\net40\Moq.dll" />
    </Deployment>
    <Execution>
      <TestTypeSpecific />
      <AgentRule name="Execution Agents">
      </AgentRule>
    </Execution>
  </TestSettings>
  <Times creation="2015-10-08T14:41:47.5921152+05:30" queuing="2015-10-08T14:41:47.6571189+05:30" start="2015-10-08T14:41:47.6801202+05:30" finish="2015-10-08T14:41:48.3481584+05:30" />
  <ResultSummary outcome="Completed">
    <Counters total="5" executed="5" passed="5" error="0" failed="0" timeout="0" aborted="0" inconclusive="0" passedButRunAborted="0" notRunnable="0" notExecuted="0" disconnected="0" warning="0" completed="0" inProgress="0" pending="0" />
  </ResultSummary>
  <TestDefinitions>
    <UnitTest name="TestSetUp" storage="c:\users\prabhu.e4ljbsl3aumko\dropbox\tdd_dot_net\oct_2015\day03\mockextest\bin\debug\mockextest.dll" id="0a68b175-229b-9e34-c511-f8a3e62f8615">
      <Execution id="6c9d5eb1-7c21-4202-9115-987a10c4a092" />
      <TestMethod codeBase="C:/Users/prabhu.E4LJBSL3AUMKO/Dropbox/TDD_Dot_NET/Oct_2015/Day03/MockExTest/bin/Debug/MockExTest.DLL" adapterTypeName="Microsoft.VisualStudio.TestTools.TestTypes.Unit.UnitTestAdapter, Microsoft.VisualStudio.QualityTools.Tips.UnitTest.Adapter, Version=10.0.0.0, Culture=neutral, PublicKeyToken=b03f5f7f11d50a3a" className="MockExTest.AuthenticationServiceTest, MockExTest, Version=1.0.0.0, Culture=neutral, PublicKeyToken=null" name="TestSetUp" />
    </UnitTest>
    <UnitTest name="TestValidateCredentialsData" storage="c:\users\prabhu.e4ljbsl3aumko\dropbox\tdd_dot_net\oct_2015\day03\mockextest\bin\debug\mockextest.dll" id="f43ec62d-f9a3-252f-762e-1d855ef84946">
      <Execution id="6e823393-ef61-43c3-b6f7-369ecbb92bcc" />
      <TestMethod codeBase="C:/Users/prabhu.E4LJBSL3AUMKO/Dropbox/TDD_Dot_NET/Oct_2015/Day03/MockExTest/bin/Debug/MockExTest.DLL" adapterTypeName="Microsoft.VisualStudio.TestTools.TestTypes.Unit.UnitTestAdapter, Microsoft.VisualStudio.QualityTools.Tips.UnitTest.Adapter, Version=10.0.0.0, Culture=neutral, PublicKeyToken=b03f5f7f11d50a3a" className="MockExTest.AuthenticationServiceTest, MockExTest, Version=1.0.0.0, Culture=neutral, PublicKeyToken=null" name="TestValidateCredentialsData" />
    </UnitTest>
    <UnitTest name="TestValidateCredentialsLengthFails" storage="c:\users\prabhu.e4ljbsl3aumko\dropbox\tdd_dot_net\oct_2015\day03\mockextest\bin\debug\mockextest.dll" id="c970aa9c-c6cc-a5bf-63f9-79cba574d2b5">
      <Execution id="792d6ed4-46cd-48ae-9edf-57be71f610ec" />
      <TestMethod codeBase="C:/Users/prabhu.E4LJBSL3AUMKO/Dropbox/TDD_Dot_NET/Oct_2015/Day03/MockExTest/bin/Debug/MockExTest.DLL" adapterTypeName="Microsoft.VisualStudio.TestTools.TestTypes.Unit.UnitTestAdapter, Microsoft.VisualStudio.QualityTools.Tips.UnitTest.Adapter, Version=10.0.0.0, Culture=neutral, PublicKeyToken=b03f5f7f11d50a3a" className="MockExTest.AuthenticationServiceTest, MockExTest, Version=1.0.0.0, Culture=neutral, PublicKeyToken=null" name="TestValidateCredentialsLengthFails" />
    </UnitTest>
    <UnitTest name="TestCreateUserWriteToRepository" storage="c:\users\prabhu.e4ljbsl3aumko\dropbox\tdd_dot_net\oct_2015\day03\mockextest\bin\debug\mockextest.dll" id="dcd1dfc1-6514-535c-e185-ad8a85bb05c6">
      <Execution id="3de30ff7-e64f-4637-aee4-3d216de847f4" />
      <TestMethod codeBase="C:/Users/prabhu.E4LJBSL3AUMKO/Dropbox/TDD_Dot_NET/Oct_2015/Day03/MockExTest/bin/Debug/MockExTest.DLL" adapterTypeName="Microsoft.VisualStudio.TestTools.TestTypes.Unit.UnitTestAdapter, Microsoft.VisualStudio.QualityTools.Tips.UnitTest.Adapter, Version=10.0.0.0, Culture=neutral, PublicKeyToken=b03f5f7f11d50a3a" className="MockExTest.AuthenticationServiceTest, MockExTest, Version=1.0.0.0, Culture=neutral, PublicKeyToken=null" name="TestCreateUserWriteToRepository" />
    </UnitTest>
    <UnitTest name="TestCreateUser" storage="c:\users\prabhu.e4ljbsl3aumko\dropbox\tdd_dot_net\oct_2015\day03\mockextest\bin\debug\mockextest.dll" id="78b38898-3c4d-12cf-9f1d-c77d531de5f5">
      <Execution id="218c9f83-994f-4efa-9b29-8662346cbb50" />
      <TestMethod codeBase="C:/Users/prabhu.E4LJBSL3AUMKO/Dropbox/TDD_Dot_NET/Oct_2015/Day03/MockExTest/bin/Debug/MockExTest.DLL" adapterTypeName="Microsoft.VisualStudio.TestTools.TestTypes.Unit.UnitTestAdapter, Microsoft.VisualStudio.QualityTools.Tips.UnitTest.Adapter, Version=10.0.0.0, Culture=neutral, PublicKeyToken=b03f5f7f11d50a3a" className="MockExTest.AuthenticationServiceTest, MockExTest, Version=1.0.0.0, Culture=neutral, PublicKeyToken=null" name="TestCreateUser" />
    </UnitTest>
  </TestDefinitions>
  <TestLists>
    <TestList name="Results Not in a List" id="8c84fa94-04c1-424b-9868-57a2d4851a1d" />
    <TestList name="All Loaded Results" id="19431567-8539-422a-85d7-44ee4e166bda" />
  </TestLists>
  <TestEntries>
    <TestEntry testId="0a68b175-229b-9e34-c511-f8a3e62f8615" executionId="6c9d5eb1-7c21-4202-9115-987a10c4a092" testListId="8c84fa94-04c1-424b-9868-57a2d4851a1d" />
    <TestEntry testId="78b38898-3c4d-12cf-9f1d-c77d531de5f5" executionId="218c9f83-994f-4efa-9b29-8662346cbb50" testListId="8c84fa94-04c1-424b-9868-57a2d4851a1d" />
    <TestEntry testId="dcd1dfc1-6514-535c-e185-ad8a85bb05c6" executionId="3de30ff7-e64f-4637-aee4-3d216de847f4" testListId="8c84fa94-04c1-424b-9868-57a2d4851a1d" />
    <TestEntry testId="f43ec62d-f9a3-252f-762e-1d855ef84946" executionId="6e823393-ef61-43c3-b6f7-369ecbb92bcc" testListId="8c84fa94-04c1-424b-9868-57a2d4851a1d" />
    <TestEntry testId="c970aa9c-c6cc-a5bf-63f9-79cba574d2b5" executionId="792d6ed4-46cd-48ae-9edf-57be71f610ec" testListId="8c84fa94-04c1-424b-9868-57a2d4851a1d" />
  </TestEntries>
  <Results>
    <UnitTestResult executionId="6c9d5eb1-7c21-4202-9115-987a10c4a092" testId="0a68b175-229b-9e34-c511-f8a3e62f8615" testName="TestSetUp" computerName="E4LJBSL3AUMKO" duration="00:00:00.2065826" startTime="2015-10-08T14:41:47.7031215+05:30" endTime="2015-10-08T14:41:48.1691482+05:30" testType="13cdc9d9-ddb5-4fa4-a97d-d965ccfc6d4b" outcome="Passed" testListId="8c84fa94-04c1-424b-9868-57a2d4851a1d" relativeResultsDirectory="6c9d5eb1-7c21-4202-9115-987a10c4a092">
    </UnitTestResult>
    <UnitTestResult executionId="218c9f83-994f-4efa-9b29-8662346cbb50" testId="78b38898-3c4d-12cf-9f1d-c77d531de5f5" testName="TestCreateUser" computerName="E4LJBSL3AUMKO" duration="00:00:00.0654384" startTime="2015-10-08T14:41:48.1731484+05:30" endTime="2015-10-08T14:41:48.2471527+05:30" testType="13cdc9d9-ddb5-4fa4-a97d-d965ccfc6d4b" outcome="Passed" testListId="8c84fa94-04c1-424b-9868-57a2d4851a1d" relativeResultsDirectory="218c9f83-994f-4efa-9b29-8662346cbb50">
    </UnitTestResult>
    <UnitTestResult executionId="3de30ff7-e64f-4637-aee4-3d216de847f4" testId="dcd1dfc1-6514-535c-e185-ad8a85bb05c6" testName="TestCreateUserWriteToRepository" computerName="E4LJBSL3AUMKO" duration="00:00:00.0290356" startTime="2015-10-08T14:41:48.2501528+05:30" endTime="2015-10-08T14:41:48.2861549+05:30" testType="13cdc9d9-ddb5-4fa4-a97d-d965ccfc6d4b" outcome="Passed" testListId="8c84fa94-04c1-424b-9868-57a2d4851a1d" relativeResultsDirectory="3de30ff7-e64f-4637-aee4-3d216de847f4">
    </UnitTestResult>
    <UnitTestResult executionId="6e823393-ef61-43c3-b6f7-369ecbb92bcc" testId="f43ec62d-f9a3-252f-762e-1d855ef84946" testName="TestValidateCredentialsData" computerName="E4LJBSL3AUMKO" duration="00:00:00.0074947" startTime="2015-10-08T14:41:48.2901551+05:30" endTime="2015-10-08T14:41:48.3061560+05:30" testType="13cdc9d9-ddb5-4fa4-a97d-d965ccfc6d4b" outcome="Passed" testListId="8c84fa94-04c1-424b-9868-57a2d4851a1d" relativeResultsDirectory="6e823393-ef61-43c3-b6f7-369ecbb92bcc">
    </UnitTestResult>
    <UnitTestResult executionId="792d6ed4-46cd-48ae-9edf-57be71f610ec" testId="c970aa9c-c6cc-a5bf-63f9-79cba574d2b5" testName="TestValidateCredentialsLengthFails" computerName="E4LJBSL3AUMKO" duration="00:00:00.0084427" startTime="2015-10-08T14:41:48.3101563+05:30" endTime="2015-10-08T14:41:48.3291574+05:30" testType="13cdc9d9-ddb5-4fa4-a97d-d965ccfc6d4b" outcome="Passed" testListId="8c84fa94-04c1-424b-9868-57a2d4851a1d" relativeResultsDirectory="792d6ed4-46cd-48ae-9edf-57be71f610ec">
    </UnitTestResult>
  </Results>
</TestRun>