<?xml version="1.0" encoding="UTF-8"?>
<TestRun id="31969366-a279-41e5-86b1-d74a0ef75c8a" name="prabhu@E4LJBSL3AUMKO 2015-10-08 14:31:31" runUser="E4LJBSL3AUMKO\prabhu" xmlns="http://microsoft.com/schemas/VisualStudio/TeamTest/2010">
  <TestSettings name="Local" id="a92510ab-ef01-4df1-9b52-b02ce5ed9e95">
    <Description>These are default test settings for a local test run.</Description>
    <Deployment enabled="false" runDeploymentRoot="prabhu_E4LJBSL3AUMKO 2015-10-08 14_31_31">
      <DeploymentItem filename="C:\Users\prabhu.E4LJBSL3AUMKO\Dropbox\TDD_Dot_NET\Oct_2015\Day03\MockExLib\bin\Debug\MockExLib.dll" />
      <DeploymentItem filename="C:\Users\prabhu.E4LJBSL3AUMKO\Dropbox\TDD_Dot_NET\Oct_2015\Day03\packages\Moq.4.2.1507.0118\lib\net40\Moq.dll" />
    </Deployment>
    <Execution>
      <TestTypeSpecific />
      <AgentRule name="Execution Agents">
      </AgentRule>
    </Execution>
  </TestSettings>
  <Times creation="2015-10-08T14:31:31.8328958+05:30" queuing="2015-10-08T14:31:31.8948993+05:30" start="2015-10-08T14:31:31.9239010+05:30" finish="2015-10-08T14:31:32.8019512+05:30" />
  <ResultSummary outcome="Completed">
    <Counters total="3" executed="3" passed="3" error="0" failed="0" timeout="0" aborted="0" inconclusive="0" passedButRunAborted="0" notRunnable="0" notExecuted="0" disconnected="0" warning="0" completed="0" inProgress="0" pending="0" />
  </ResultSummary>
  <TestDefinitions>
    <UnitTest name="TestSetUp" storage="c:\users\prabhu.e4ljbsl3aumko\dropbox\tdd_dot_net\oct_2015\day03\mockextest\bin\debug\mockextest.dll" id="0a68b175-229b-9e34-c511-f8a3e62f8615">
      <Execution id="93c38ed1-c381-418c-bd35-aeac0947f79f" />
      <TestMethod codeBase="C:/Users/prabhu.E4LJBSL3AUMKO/Dropbox/TDD_Dot_NET/Oct_2015/Day03/MockExTest/bin/Debug/MockExTest.DLL" adapterTypeName="Microsoft.VisualStudio.TestTools.TestTypes.Unit.UnitTestAdapter, Microsoft.VisualStudio.QualityTools.Tips.UnitTest.Adapter, Version=10.0.0.0, Culture=neutral, PublicKeyToken=b03f5f7f11d50a3a" className="MockExTest.AuthenticationServiceTest, MockExTest, Version=1.0.0.0, Culture=neutral, PublicKeyToken=null" name="TestSetUp" />
    </UnitTest>
    <UnitTest name="TestCreateUserWriteToRepository" storage="c:\users\prabhu.e4ljbsl3aumko\dropbox\tdd_dot_net\oct_2015\day03\mockextest\bin\debug\mockextest.dll" id="dcd1dfc1-6514-535c-e185-ad8a85bb05c6">
      <Execution id="9f790151-b92e-46dc-8522-61bc27dc4870" />
      <TestMethod codeBase="C:/Users/prabhu.E4LJBSL3AUMKO/Dropbox/TDD_Dot_NET/Oct_2015/Day03/MockExTest/bin/Debug/MockExTest.DLL" adapterTypeName="Microsoft.VisualStudio.TestTools.TestTypes.Unit.UnitTestAdapter, Microsoft.VisualStudio.QualityTools.Tips.UnitTest.Adapter, Version=10.0.0.0, Culture=neutral, PublicKeyToken=b03f5f7f11d50a3a" className="MockExTest.AuthenticationServiceTest, MockExTest, Version=1.0.0.0, Culture=neutral, PublicKeyToken=null" name="TestCreateUserWriteToRepository" />
    </UnitTest>
    <UnitTest name="TestCreateUser" storage="c:\users\prabhu.e4ljbsl3aumko\dropbox\tdd_dot_net\oct_2015\day03\mockextest\bin\debug\mockextest.dll" id="78b38898-3c4d-12cf-9f1d-c77d531de5f5">
      <Execution id="83f84d7e-5fc1-4a01-9132-59080492fa3e" />
      <TestMethod codeBase="C:/Users/prabhu.E4LJBSL3AUMKO/Dropbox/TDD_Dot_NET/Oct_2015/Day03/MockExTest/bin/Debug/MockExTest.DLL" adapterTypeName="Microsoft.VisualStudio.TestTools.TestTypes.Unit.UnitTestAdapter, Microsoft.VisualStudio.QualityTools.Tips.UnitTest.Adapter, Version=10.0.0.0, Culture=neutral, PublicKeyToken=b03f5f7f11d50a3a" className="MockExTest.AuthenticationServiceTest, MockExTest, Version=1.0.0.0, Culture=neutral, PublicKeyToken=null" name="TestCreateUser" />
    </UnitTest>
  </TestDefinitions>
  <TestLists>
    <TestList name="Results Not in a List" id="8c84fa94-04c1-424b-9868-57a2d4851a1d" />
    <TestList name="All Loaded Results" id="19431567-8539-422a-85d7-44ee4e166bda" />
  </TestLists>
  <TestEntries>
    <TestEntry testId="0a68b175-229b-9e34-c511-f8a3e62f8615" executionId="93c38ed1-c381-418c-bd35-aeac0947f79f" testListId="8c84fa94-04c1-424b-9868-57a2d4851a1d" />
    <TestEntry testId="78b38898-3c4d-12cf-9f1d-c77d531de5f5" executionId="83f84d7e-5fc1-4a01-9132-59080492fa3e" testListId="8c84fa94-04c1-424b-9868-57a2d4851a1d" />
    <TestEntry testId="dcd1dfc1-6514-535c-e185-ad8a85bb05c6" executionId="9f790151-b92e-46dc-8522-61bc27dc4870" testListId="8c84fa94-04c1-424b-9868-57a2d4851a1d" />
  </TestEntries>
  <Results>
    <UnitTestResult executionId="93c38ed1-c381-418c-bd35-aeac0947f79f" testId="0a68b175-229b-9e34-c511-f8a3e62f8615" testName="TestSetUp" computerName="E4LJBSL3AUMKO" duration="00:00:00.2029304" startTime="2015-10-08T14:31:31.9379018+05:30" endTime="2015-10-08T14:31:32.4989339+05:30" testType="13cdc9d9-ddb5-4fa4-a97d-d965ccfc6d4b" outcome="Passed" testListId="8c84fa94-04c1-424b-9868-57a2d4851a1d" relativeResultsDirectory="93c38ed1-c381-418c-bd35-aeac0947f79f">
    </UnitTestResult>
    <UnitTestResult executionId="83f84d7e-5fc1-4a01-9132-59080492fa3e" testId="78b38898-3c4d-12cf-9f1d-c77d531de5f5" testName="TestCreateUser" computerName="E4LJBSL3AUMKO" duration="00:00:00.0881863" startTime="2015-10-08T14:31:32.4999339+05:30" endTime="2015-10-08T14:31:32.7119461+05:30" testType="13cdc9d9-ddb5-4fa4-a97d-d965ccfc6d4b" outcome="Passed" testListId="8c84fa94-04c1-424b-9868-57a2d4851a1d" relativeResultsDirectory="83f84d7e-5fc1-4a01-9132-59080492fa3e">
    </UnitTestResult>
    <UnitTestResult executionId="9f790151-b92e-46dc-8522-61bc27dc4870" testId="dcd1dfc1-6514-535c-e185-ad8a85bb05c6" testName="TestCreateUserWriteToRepository" computerName="E4LJBSL3AUMKO" duration="00:00:00.0195018" startTime="2015-10-08T14:31:32.7139462+05:30" endTime="2015-10-08T14:31:32.7409477+05:30" testType="13cdc9d9-ddb5-4fa4-a97d-d965ccfc6d4b" outcome="Passed" testListId="8c84fa94-04c1-424b-9868-57a2d4851a1d" relativeResultsDirectory="9f790151-b92e-46dc-8522-61bc27dc4870">
    </UnitTestResult>
  </Results>
</TestRun>